#
# There is insufficient memory for the Java Runtime Environment to continue.
# Native memory allocation (mmap) failed to map 182452224 bytes for Failed to commit area from 0x0000000095d00000 to 0x00000000a0b00000 of length 182452224.
# Possible reasons:
#   The system is out of physical RAM or swap space
#   The process is running with CompressedOops enabled, and the Java Heap may be blocking the growth of the native heap
# Possible solutions:
#   Reduce memory load on the system
#   Increase physical memory or swap space
#   Check if swap backing store is full
#   Decrease Java heap size (-Xmx/-Xms)
#   Decrease number of Java threads
#   Decrease Java thread stack sizes (-Xss)
#   Set larger code cache with -XX:ReservedCodeCacheSize=
#   JVM is running with Unscaled Compressed Oops mode in which the Java heap is
#     placed in the first 4GB address space. The Java Heap base address is the
#     maximum limit for the native heap growth. Please use -XX:HeapBaseMinAddress
#     to set the Java Heap base and to place the Java Heap above 4GB virtual address.
# This output file may be truncated or incomplete.
#
#  Out of Memory Error (src/hotspot/os/windows/os_windows.cpp:3627), pid=20364, tid=1724
#
# JRE version: OpenJDK Runtime Environment (11.0.15) (build 11.0.15+0-b2043.56-8887301)
# Java VM: OpenJDK 64-Bit Server VM (11.0.15+0-b2043.56-8887301, mixed mode, tiered, compressed oops, g1 gc, windows-amd64)
# No core dump will be written. Minidumps are not enabled by default on client versions of Windows
#

---------------  S U M M A R Y ------------

Command Line: --add-opens=java.base/java.util=ALL-UNNAMED --add-opens=java.base/java.lang=ALL-UNNAMED --add-opens=java.base/java.lang.invoke=ALL-UNNAMED --add-opens=java.base/java.util=ALL-UNNAMED --add-opens=java.prefs/java.util.prefs=ALL-UNNAMED --add-opens=java.prefs/java.util.prefs=ALL-UNNAMED --add-opens=java.base/java.nio.charset=ALL-UNNAMED --add-opens=java.base/java.net=ALL-UNNAMED --add-opens=java.base/java.util.concurrent.atomic=ALL-UNNAMED -Xmx2048m -Dfile.encoding=UTF-8 -Duser.country=US -Duser.language=en -Duser.variant org.gradle.launcher.daemon.bootstrap.GradleDaemon 7.2

Host: Intel(R) Celeron(R) CPU 1005M @ 1.90GHz, 2 cores, 7G,  Windows 10 , 64 bit Build 19041 (10.0.19041.2364)
Time: Sun Feb 26 21:02:05 2023 Pacific Standard Time elapsed time: 100.023926 seconds (0d 0h 1m 40s)

---------------  T H R E A D  ---------------

Current thread (0x00000239e8032800):  VMThread "VM Thread" [stack: 0x000000e873800000,0x000000e873900000] [id=1724]

Stack: [0x000000e873800000,0x000000e873900000]
[error occurred during error reporting (printing stack bounds), id 0xc0000005, EXCEPTION_ACCESS_VIOLATION (0xc0000005) at pc=0x00000239d229113d]

Native frames: (J=compiled Java code, j=interpreted, Vv=VM code, C=native code)
V  [jvm.dll+0x64135a]
V  [jvm.dll+0x7d39f9]
V  [jvm.dll+0x7d51b9]
V  [jvm.dll+0x7d5805]
V  [jvm.dll+0x7d57bb]
V  [jvm.dll+0x640655]
V  [jvm.dll+0x640d68]
C  [ntdll.dll+0xa241f]
C  [ntdll.dll+0x514a4]
C  [ntdll.dll+0xa0f4e]
C  0x00000239d229113d

VM_Operation (0x000000e8752fe5f0): G1CollectForAllocation, mode: safepoint, requested by thread 0x00000239e8f29800


---------------  P R O C E S S  ---------------

Threads class SMR info:
_java_thread_list=0x00000239ed190c30, length=59, elements={
0x00000239cc6cb800, 0x00000239e8036800, 0x00000239e803a000, 0x00000239e88d3800,
0x00000239e8055800, 0x00000239e8057800, 0x00000239e805a800, 0x00000239e8903800,
0x00000239e890a800, 0x00000239e89fc000, 0x00000239ea047000, 0x00000239e895f800,
0x00000239ea20d000, 0x00000239e9fc6800, 0x00000239e966b000, 0x00000239e9a67000,
0x00000239e9aa0000, 0x00000239e9fc2800, 0x00000239e9fb7000, 0x00000239e8f2a000,
0x00000239e8f28800, 0x00000239e8f2b000, 0x00000239e8f29800, 0x00000239e8f26000,
0x00000239e8f27000, 0x00000239e8f27800, 0x00000239e8f25000, 0x00000239e8f2b800,
0x00000239ec618000, 0x00000239ec61c000, 0x00000239ec618800, 0x00000239ec61b000,
0x00000239ec61a800, 0x00000239ec617000, 0x00000239ec616800, 0x00000239ec61d800,
0x00000239ec621000, 0x00000239ec61f800, 0x00000239ec61e800, 0x00000239ec620000,
0x00000239ec621800, 0x00000239ec622800, 0x00000239ec61d000, 0x00000239ec625000,
0x00000239ec623800, 0x00000239ec624000, 0x00000239ec754000, 0x00000239ec74e800,
0x00000239ec750000, 0x00000239ec74f000, 0x00000239ec753000, 0x00000239ec755000,
0x00000239ec756800, 0x00000239ec751800, 0x00000239ec750800, 0x00000239ec758000,
0x00000239ec757800, 0x00000239ec752800, 0x00000239ec759000
}

Java Threads: ( => current thread )
  0x00000239cc6cb800 JavaThread "main" [_thread_blocked, id=19256, stack(0x000000e873100000,0x000000e873200000)]
  0x00000239e8036800 JavaThread "Reference Handler" daemon [_thread_blocked, id=14900, stack(0x000000e873900000,0x000000e873a00000)]
  0x00000239e803a000 JavaThread "Finalizer" daemon [_thread_blocked, id=17724, stack(0x000000e873a00000,0x000000e873b00000)]
  0x00000239e88d3800 JavaThread "Signal Dispatcher" daemon [_thread_blocked, id=16080, stack(0x000000e873b00000,0x000000e873c00000)]
  0x00000239e8055800 JavaThread "Attach Listener" daemon [_thread_blocked, id=17448, stack(0x000000e873c00000,0x000000e873d00000)]
  0x00000239e8057800 JavaThread "Service Thread" daemon [_thread_blocked, id=3316, stack(0x000000e873d00000,0x000000e873e00000)]
  0x00000239e805a800 JavaThread "C2 CompilerThread0" daemon [_thread_blocked, id=15740, stack(0x000000e873e00000,0x000000e873f00000)]
  0x00000239e8903800 JavaThread "C1 CompilerThread0" daemon [_thread_blocked, id=9880, stack(0x000000e873f00000,0x000000e874000000)]
  0x00000239e890a800 JavaThread "Sweeper thread" daemon [_thread_blocked, id=6484, stack(0x000000e874000000,0x000000e874100000)]
  0x00000239e89fc000 JavaThread "Common-Cleaner" daemon [_thread_blocked, id=12860, stack(0x000000e874100000,0x000000e874200000)]
  0x00000239ea047000 JavaThread "Daemon health stats" [_thread_blocked, id=11816, stack(0x000000e874400000,0x000000e874500000)]
  0x00000239e895f800 JavaThread "Incoming local TCP Connector on port 7017" [_thread_in_native, id=14072, stack(0x000000e874500000,0x000000e874600000)]
  0x00000239ea20d000 JavaThread "Daemon periodic checks" [_thread_blocked, id=8256, stack(0x000000e874600000,0x000000e874700000)]
  0x00000239e9fc6800 JavaThread "Daemon" [_thread_blocked, id=1760, stack(0x000000e874700000,0x000000e874800000)]
  0x00000239e966b000 JavaThread "Handler for socket connection from /127.0.0.1:7017 to /127.0.0.1:7018" [_thread_in_native, id=6520, stack(0x000000e874800000,0x000000e874900000)]
  0x00000239e9a67000 JavaThread "Cancel handler" [_thread_blocked, id=3276, stack(0x000000e874900000,0x000000e874a00000)]
  0x00000239e9aa0000 JavaThread "Daemon worker" [_thread_blocked, id=15088, stack(0x000000e874a00000,0x000000e874b00000)]
  0x00000239e9fc2800 JavaThread "Asynchronous log dispatcher for DefaultDaemonConnection: socket connection from /127.0.0.1:7017 to /127.0.0.1:7018" [_thread_blocked, id=2396, stack(0x000000e874b00000,0x000000e874c00000)]
  0x00000239e9fb7000 JavaThread "Daemon client event forwarder" [_thread_blocked, id=10756, stack(0x000000e874d00000,0x000000e874e00000)]
  0x00000239e8f2a000 JavaThread "Cache worker for journal cache (C:\Users\hafiz\.gradle\caches\journal-1)" [_thread_blocked, id=22108, stack(0x000000e874f00000,0x000000e875000000)]
  0x00000239e8f28800 JavaThread "File lock request listener" [_thread_in_native, id=21432, stack(0x000000e875000000,0x000000e875100000)]
  0x00000239e8f2b000 JavaThread "Cache worker for file hash cache (C:\Users\hafiz\.gradle\caches\7.2\fileHashes)" [_thread_blocked, id=17900, stack(0x000000e875100000,0x000000e875200000)]
  0x00000239e8f29800 JavaThread "Cache worker for file hash cache (C:\Users\hafiz\StudioProjects\Customer_Tracking\.gradle\7.2\fileHashes)" [_thread_blocked, id=20868, stack(0x000000e875200000,0x000000e875300000)]
  0x00000239e8f26000 JavaThread "File watcher server" daemon [_thread_blocked, id=17472, stack(0x000000e875300000,0x000000e875400000)]
  0x00000239e8f27000 JavaThread "File watcher consumer" daemon [_thread_blocked, id=18660, stack(0x000000e875400000,0x000000e875500000)]
  0x00000239e8f27800 JavaThread "Cache worker for checksums cache (C:\Users\hafiz\StudioProjects\Customer_Tracking\.gradle\checksums)" [_thread_blocked, id=11908, stack(0x000000e875500000,0x000000e875600000)]
  0x00000239e8f25000 JavaThread "Cache worker for cache directory md-supplier (C:\Users\hafiz\.gradle\caches\7.2\md-supplier)" [_thread_blocked, id=12408, stack(0x000000e875600000,0x000000e875700000)]
  0x00000239e8f2b800 JavaThread "Cache worker for cache directory md-rule (C:\Users\hafiz\.gradle\caches\7.2\md-rule)" [_thread_blocked, id=5912, stack(0x000000e875700000,0x000000e875800000)]
  0x00000239ec618000 JavaThread "Cache worker for execution history cache (C:\Users\hafiz\.gradle\caches\7.2\executionHistory)" [_thread_blocked, id=18936, stack(0x000000e875800000,0x000000e875900000)]
  0x00000239ec61c000 JavaThread "jar transforms" [_thread_blocked, id=5520, stack(0x000000e875900000,0x000000e875a00000)]
  0x00000239ec618800 JavaThread "jar transforms Thread 2" [_thread_blocked, id=16768, stack(0x000000e875a00000,0x000000e875b00000)]
  0x00000239ec61b000 JavaThread "Cache worker for file content cache (C:\Users\hafiz\.gradle\caches\7.2\fileContent)" [_thread_blocked, id=15308, stack(0x000000e875b00000,0x000000e875c00000)]
  0x00000239ec61a800 JavaThread "Cache worker for dependencies-accessors (C:\Users\hafiz\StudioProjects\Customer_Tracking\.gradle\7.2\dependencies-accessors)" [_thread_blocked, id=16584, stack(0x000000e875c00000,0x000000e875d00000)]
  0x00000239ec617000 JavaThread "Cache worker for Build Output Cleanup Cache (C:\Users\hafiz\StudioProjects\Customer_Tracking\.gradle\buildOutputCleanup)" [_thread_blocked, id=22252, stack(0x000000e875d00000,0x000000e875e00000)]
  0x00000239ec616800 JavaThread "Unconstrained build operations" [_thread_blocked, id=22432, stack(0x000000e875e00000,0x000000e875f00000)]
  0x00000239ec61d800 JavaThread "Unconstrained build operations Thread 2" [_thread_blocked, id=9560, stack(0x000000e875f00000,0x000000e876000000)]
  0x00000239ec621000 JavaThread "Unconstrained build operations Thread 3" [_thread_blocked, id=20664, stack(0x000000e876000000,0x000000e876100000)]
  0x00000239ec61f800 JavaThread "Unconstrained build operations Thread 4" [_thread_blocked, id=15068, stack(0x000000e876100000,0x000000e876200000)]
  0x00000239ec61e800 JavaThread "Unconstrained build operations Thread 5" [_thread_blocked, id=14680, stack(0x000000e876200000,0x000000e876300000)]
  0x00000239ec620000 JavaThread "Unconstrained build operations Thread 6" [_thread_blocked, id=940, stack(0x000000e876300000,0x000000e876400000)]
  0x00000239ec621800 JavaThread "Unconstrained build operations Thread 7" [_thread_blocked, id=19824, stack(0x000000e876400000,0x000000e876500000)]
  0x00000239ec622800 JavaThread "Unconstrained build operations Thread 8" [_thread_blocked, id=9188, stack(0x000000e876500000,0x000000e876600000)]
  0x00000239ec61d000 JavaThread "Unconstrained build operations Thread 9" [_thread_blocked, id=21776, stack(0x000000e876600000,0x000000e876700000)]
  0x00000239ec625000 JavaThread "Unconstrained build operations Thread 10" [_thread_blocked, id=21260, stack(0x000000e876700000,0x000000e876800000)]
  0x00000239ec623800 JavaThread "Unconstrained build operations Thread 11" [_thread_blocked, id=21516, stack(0x000000e876800000,0x000000e876900000)]
  0x00000239ec624000 JavaThread "Unconstrained build operations Thread 12" [_thread_blocked, id=8360, stack(0x000000e876900000,0x000000e876a00000)]
  0x00000239ec754000 JavaThread "Unconstrained build operations Thread 13" [_thread_blocked, id=9176, stack(0x000000e876a00000,0x000000e876b00000)]
  0x00000239ec74e800 JavaThread "Unconstrained build operations Thread 14" [_thread_blocked, id=15000, stack(0x000000e876b00000,0x000000e876c00000)]
  0x00000239ec750000 JavaThread "Unconstrained build operations Thread 15" [_thread_blocked, id=14868, stack(0x000000e876c00000,0x000000e876d00000)]
  0x00000239ec74f000 JavaThread "Unconstrained build operations Thread 16" [_thread_blocked, id=15948, stack(0x000000e876d00000,0x000000e876e00000)]
  0x00000239ec753000 JavaThread "Unconstrained build operations Thread 17" [_thread_blocked, id=20216, stack(0x000000e876e00000,0x000000e876f00000)]
  0x00000239ec755000 JavaThread "Unconstrained build operations Thread 18" [_thread_blocked, id=10568, stack(0x000000e876f00000,0x000000e877000000)]
  0x00000239ec756800 JavaThread "Unconstrained build operations Thread 19" [_thread_blocked, id=6160, stack(0x000000e877000000,0x000000e877100000)]
  0x00000239ec751800 JavaThread "Unconstrained build operations Thread 20" [_thread_blocked, id=18788, stack(0x000000e877100000,0x000000e877200000)]
  0x00000239ec750800 JavaThread "Memory manager" [_thread_blocked, id=21700, stack(0x000000e877200000,0x000000e877300000)]
  0x00000239ec758000 JavaThread "build event listener" [_thread_blocked, id=8568, stack(0x000000e877500000,0x000000e877600000)]
  0x00000239ec757800 JavaThread "Execution worker for ':'" [_thread_blocked, id=18856, stack(0x000000e877600000,0x000000e877700000)]
  0x00000239ec752800 JavaThread "Cache worker for execution history cache (C:\Users\hafiz\StudioProjects\Customer_Tracking\.gradle\7.2\executionHistory)" [_thread_blocked, id=17652, stack(0x000000e877700000,0x000000e877800000)]
  0x00000239ec759000 JavaThread "Cache worker for Java compile cache (C:\Users\hafiz\.gradle\caches\7.2\javaCompile)" [_thread_blocked, id=12292, stack(0x000000e873000000,0x000000e873100000)]

Other Threads:
=>0x00000239e8032800 VMThread "VM Thread" [stack: 0x000000e873800000,0x000000e873900000] [id=1724]
  0x00000239e8a29000 WatcherThread [stack: 0x000000e874200000,0x000000e874300000] [id=14068]
  0x00000239ce77b000 GCTaskThread "GC Thread#0" [stack: 0x000000e873300000,0x000000e873400000] [id=8812]
  0x00000239e8be8800 GCTaskThread "GC Thread#1" [stack: 0x000000e874300000,0x000000e874400000] [id=11732]
  0x00000239ce7ad800 ConcurrentGCThread "G1 Main Marker" [stack: 0x000000e873400000,0x000000e873500000] [id=6848]
  0x00000239ce7ae800 ConcurrentGCThread "G1 Conc#0" [stack: 0x000000e873500000,0x000000e873600000] [id=11440]
  0x00000239ce830800 ConcurrentGCThread "G1 Refine#0" [stack: 0x000000e873600000,0x000000e873700000] [id=5288]
  0x00000239e8ac2000 ConcurrentGCThread "G1 Refine#1" [stack: 0x000000e874e00000,0x000000e874f00000] [id=21912]
  0x00000239ce831800 ConcurrentGCThread "G1 Young RemSet Sampling" [stack: 0x000000e873700000,0x000000e873800000] [id=10032]

Threads with active compile tasks:
C2 CompilerThread0   100069 14425 %     4       org.gradle.cache.internal.btree.BTreePersistentIndexedCache$IndexBlock::read @ 16 (94 bytes)

VM state:at safepoint (normal execution)

VM Mutex/Monitor currently owned by a thread:  ([mutex/lock_event])
[0x00000239ce7623c0] Threads_lock - owner thread: 0x00000239e8032800
[0x00000239ce761880] Heap_lock - owner thread: 0x00000239e8f29800

Heap address: 0x0000000080000000, size: 2048 MB, Compressed Oops mode: 32-bit
Narrow klass base: 0x0000000000000000, Narrow klass shift: 3
Compressed class space size: 1073741824 Address: 0x0000000100000000

Heap:
 garbage-first heap   total 535552K, used 181666K [0x0000000080000000, 0x0000000100000000)
  region size 1024K, 4 young (4096K), 4 survivors (4096K)
 Metaspace       used 102365K, capacity 105084K, committed 105296K, reserved 1140736K
  class space    used 12585K, capacity 13547K, committed 13568K, reserved 1048576K
Heap Regions: E=young(eden), S=young(survivor), O=old, HS=humongous(starts), HC=humongous(continues), CS=collection set, F=free, A=archive, TAMS=top-at-mark-start (previous, next)
|   0|0x0000000080000000, 0x0000000080100000, 0x0000000080100000|100%| O|  |TAMS 0x0000000080100000, 0x0000000080100000| Untracked 
|   1|0x0000000080100000, 0x0000000080200000, 0x0000000080200000|100%| O|  |TAMS 0x0000000080200000, 0x0000000080200000| Untracked 
|   2|0x0000000080200000, 0x0000000080300000, 0x0000000080300000|100%| O|  |TAMS 0x0000000080300000, 0x0000000080300000| Untracked 
|   3|0x0000000080300000, 0x0000000080400000, 0x0000000080400000|100%| O|  |TAMS 0x0000000080400000, 0x0000000080400000| Untracked 
|   4|0x0000000080400000, 0x0000000080500000, 0x0000000080500000|100%|HS|  |TAMS 0x0000000080500000, 0x0000000080500000| Complete 
|   5|0x0000000080500000, 0x0000000080600000, 0x0000000080600000|100%|HC|  |TAMS 0x0000000080600000, 0x0000000080600000| Complete 
|   6|0x0000000080600000, 0x0000000080700000, 0x0000000080700000|100%|HC|  |TAMS 0x0000000080700000, 0x0000000080700000| Complete 
|   7|0x0000000080700000, 0x0000000080800000, 0x0000000080800000|100%| O|  |TAMS 0x0000000080800000, 0x0000000080800000| Untracked 
|   8|0x0000000080800000, 0x0000000080900000, 0x0000000080900000|100%| O|  |TAMS 0x0000000080900000, 0x0000000080900000| Untracked 
|   9|0x0000000080900000, 0x0000000080a00000, 0x0000000080a00000|100%| O|  |TAMS 0x0000000080a00000, 0x0000000080a00000| Untracked 
|  10|0x0000000080a00000, 0x0000000080b00000, 0x0000000080b00000|100%| O|  |TAMS 0x0000000080b00000, 0x0000000080b00000| Untracked 
|  11|0x0000000080b00000, 0x0000000080c00000, 0x0000000080c00000|100%| O|  |TAMS 0x0000000080c00000, 0x0000000080c00000| Untracked 
|  12|0x0000000080c00000, 0x0000000080d00000, 0x0000000080d00000|100%| O|  |TAMS 0x0000000080d00000, 0x0000000080d00000| Untracked 
|  13|0x0000000080d00000, 0x0000000080e00000, 0x0000000080e00000|100%| O|  |TAMS 0x0000000080e00000, 0x0000000080e00000| Untracked 
|  14|0x0000000080e00000, 0x0000000080f00000, 0x0000000080f00000|100%| O|  |TAMS 0x0000000080f00000, 0x0000000080f00000| Untracked 
|  15|0x0000000080f00000, 0x0000000081000000, 0x0000000081000000|100%| O|  |TAMS 0x0000000081000000, 0x0000000081000000| Untracked 
|  16|0x0000000081000000, 0x0000000081100000, 0x0000000081100000|100%|HS|  |TAMS 0x0000000081100000, 0x0000000081100000| Complete 
|  17|0x0000000081100000, 0x0000000081200000, 0x0000000081200000|100%| O|  |TAMS 0x0000000081200000, 0x0000000081200000| Untracked 
|  18|0x0000000081200000, 0x0000000081300000, 0x0000000081300000|100%| O|  |TAMS 0x0000000081300000, 0x0000000081300000| Untracked 
|  19|0x0000000081300000, 0x0000000081400000, 0x0000000081400000|100%| O|  |TAMS 0x0000000081400000, 0x0000000081400000| Untracked 
|  20|0x0000000081400000, 0x0000000081500000, 0x0000000081500000|100%| O|  |TAMS 0x0000000081500000, 0x0000000081500000| Untracked 
|  21|0x0000000081500000, 0x0000000081600000, 0x0000000081600000|100%| O|  |TAMS 0x0000000081600000, 0x0000000081600000| Untracked 
|  22|0x0000000081600000, 0x0000000081700000, 0x0000000081700000|100%| O|  |TAMS 0x0000000081700000, 0x0000000081700000| Untracked 
|  23|0x0000000081700000, 0x0000000081800000, 0x0000000081800000|100%| O|  |TAMS 0x0000000081800000, 0x0000000081800000| Untracked 
|  24|0x0000000081800000, 0x0000000081900000, 0x0000000081900000|100%| O|  |TAMS 0x0000000081900000, 0x0000000081900000| Untracked 
|  25|0x0000000081900000, 0x0000000081a00000, 0x0000000081a00000|100%| O|  |TAMS 0x0000000081a00000, 0x0000000081a00000| Untracked 
|  26|0x0000000081a00000, 0x0000000081b00000, 0x0000000081b00000|100%| O|  |TAMS 0x0000000081b00000, 0x0000000081b00000| Untracked 
|  27|0x0000000081b00000, 0x0000000081c00000, 0x0000000081c00000|100%| O|  |TAMS 0x0000000081c00000, 0x0000000081c00000| Untracked 
|  28|0x0000000081c00000, 0x0000000081d00000, 0x0000000081d00000|100%|HS|  |TAMS 0x0000000081d00000, 0x0000000081d00000| Complete 
|  29|0x0000000081d00000, 0x0000000081e00000, 0x0000000081e00000|100%|HS|  |TAMS 0x0000000081e00000, 0x0000000081e00000| Complete 
|  30|0x0000000081e00000, 0x0000000081f00000, 0x0000000081f00000|100%|HS|  |TAMS 0x0000000081f00000, 0x0000000081f00000| Complete 
|  31|0x0000000081f00000, 0x0000000082000000, 0x0000000082000000|100%|HC|  |TAMS 0x0000000082000000, 0x0000000082000000| Complete 
|  32|0x0000000082000000, 0x0000000082100000, 0x0000000082100000|100%| O|  |TAMS 0x0000000082100000, 0x0000000082100000| Untracked 
|  33|0x0000000082100000, 0x0000000082200000, 0x0000000082200000|100%| O|  |TAMS 0x0000000082200000, 0x0000000082200000| Untracked 
|  34|0x0000000082200000, 0x0000000082300000, 0x0000000082300000|100%| O|  |TAMS 0x0000000082300000, 0x0000000082300000| Untracked 
|  35|0x0000000082300000, 0x0000000082400000, 0x0000000082400000|100%| O|  |TAMS 0x0000000082400000, 0x0000000082400000| Untracked 
|  36|0x0000000082400000, 0x0000000082500000, 0x0000000082500000|100%| O|  |TAMS 0x0000000082500000, 0x0000000082500000| Untracked 
|  37|0x0000000082500000, 0x0000000082600000, 0x0000000082600000|100%| O|  |TAMS 0x0000000082600000, 0x0000000082600000| Untracked 
|  38|0x0000000082600000, 0x0000000082700000, 0x0000000082700000|100%| O|  |TAMS 0x0000000082700000, 0x0000000082700000| Untracked 
|  39|0x0000000082700000, 0x0000000082800000, 0x0000000082800000|100%| O|  |TAMS 0x0000000082800000, 0x0000000082800000| Untracked 
|  40|0x0000000082800000, 0x0000000082900000, 0x0000000082900000|100%| O|  |TAMS 0x0000000082900000, 0x0000000082900000| Untracked 
|  41|0x0000000082900000, 0x0000000082a00000, 0x0000000082a00000|100%| O|  |TAMS 0x0000000082a00000, 0x0000000082a00000| Untracked 
|  42|0x0000000082a00000, 0x0000000082b00000, 0x0000000082b00000|100%| O|  |TAMS 0x0000000082b00000, 0x0000000082b00000| Untracked 
|  43|0x0000000082b00000, 0x0000000082c00000, 0x0000000082c00000|100%| O|  |TAMS 0x0000000082c00000, 0x0000000082c00000| Untracked 
|  44|0x0000000082c00000, 0x0000000082d00000, 0x0000000082d00000|100%| O|  |TAMS 0x0000000082d00000, 0x0000000082d00000| Untracked 
|  45|0x0000000082d00000, 0x0000000082e00000, 0x0000000082e00000|100%| O|  |TAMS 0x0000000082e00000, 0x0000000082e00000| Untracked 
|  46|0x0000000082e00000, 0x0000000082f00000, 0x0000000082f00000|100%| O|  |TAMS 0x0000000082f00000, 0x0000000082f00000| Untracked 
|  47|0x0000000082f00000, 0x0000000083000000, 0x0000000083000000|100%| O|  |TAMS 0x0000000083000000, 0x0000000083000000| Untracked 
|  48|0x0000000083000000, 0x0000000083100000, 0x0000000083100000|100%| O|  |TAMS 0x0000000083100000, 0x0000000083100000| Untracked 
|  49|0x0000000083100000, 0x0000000083200000, 0x0000000083200000|100%| O|  |TAMS 0x0000000083200000, 0x0000000083200000| Untracked 
|  50|0x0000000083200000, 0x0000000083300000, 0x0000000083300000|100%| O|  |TAMS 0x0000000083300000, 0x0000000083300000| Untracked 
|  51|0x0000000083300000, 0x0000000083400000, 0x0000000083400000|100%| O|  |TAMS 0x0000000083400000, 0x0000000083400000| Untracked 
|  52|0x0000000083400000, 0x0000000083500000, 0x0000000083500000|100%| O|  |TAMS 0x0000000083500000, 0x0000000083500000| Untracked 
|  53|0x0000000083500000, 0x0000000083600000, 0x0000000083600000|100%| O|  |TAMS 0x0000000083600000, 0x0000000083600000| Untracked 
|  54|0x0000000083600000, 0x0000000083700000, 0x0000000083700000|100%| O|  |TAMS 0x0000000083700000, 0x0000000083700000| Untracked 
|  55|0x0000000083700000, 0x0000000083800000, 0x0000000083800000|100%| O|  |TAMS 0x0000000083800000, 0x0000000083800000| Untracked 
|  56|0x0000000083800000, 0x0000000083900000, 0x0000000083900000|100%| O|  |TAMS 0x0000000083900000, 0x0000000083900000| Untracked 
|  57|0x0000000083900000, 0x0000000083a00000, 0x0000000083a00000|100%| O|  |TAMS 0x0000000083a00000, 0x0000000083a00000| Untracked 
|  58|0x0000000083a00000, 0x0000000083b00000, 0x0000000083b00000|100%| O|  |TAMS 0x0000000083b00000, 0x0000000083b00000| Untracked 
|  59|0x0000000083b00000, 0x0000000083c00000, 0x0000000083c00000|100%| O|  |TAMS 0x0000000083c00000, 0x0000000083c00000| Untracked 
|  60|0x0000000083c00000, 0x0000000083d00000, 0x0000000083d00000|100%| O|  |TAMS 0x0000000083d00000, 0x0000000083d00000| Untracked 
|  61|0x0000000083d00000, 0x0000000083e00000, 0x0000000083e00000|100%| O|  |TAMS 0x0000000083e00000, 0x0000000083e00000| Untracked 
|  62|0x0000000083e00000, 0x0000000083f00000, 0x0000000083f00000|100%| O|  |TAMS 0x0000000083f00000, 0x0000000083f00000| Untracked 
|  63|0x0000000083f00000, 0x0000000084000000, 0x0000000084000000|100%| O|  |TAMS 0x0000000084000000, 0x0000000084000000| Untracked 
|  64|0x0000000084000000, 0x0000000084100000, 0x0000000084100000|100%| O|  |TAMS 0x0000000084100000, 0x0000000084100000| Untracked 
|  65|0x0000000084100000, 0x0000000084200000, 0x0000000084200000|100%| O|  |TAMS 0x0000000084200000, 0x0000000084200000| Untracked 
|  66|0x0000000084200000, 0x0000000084300000, 0x0000000084300000|100%| O|  |TAMS 0x0000000084300000, 0x0000000084300000| Untracked 
|  67|0x0000000084300000, 0x0000000084400000, 0x0000000084400000|100%| O|  |TAMS 0x0000000084400000, 0x0000000084400000| Untracked 
|  68|0x0000000084400000, 0x0000000084500000, 0x0000000084500000|100%| O|  |TAMS 0x0000000084500000, 0x0000000084500000| Untracked 
|  69|0x0000000084500000, 0x0000000084600000, 0x0000000084600000|100%| O|  |TAMS 0x0000000084600000, 0x0000000084600000| Untracked 
|  70|0x0000000084600000, 0x0000000084700000, 0x0000000084700000|100%| O|  |TAMS 0x0000000084700000, 0x0000000084700000| Untracked 
|  71|0x0000000084700000, 0x0000000084800000, 0x0000000084800000|100%| O|  |TAMS 0x0000000084800000, 0x0000000084800000| Untracked 
|  72|0x0000000084800000, 0x0000000084900000, 0x0000000084900000|100%| O|  |TAMS 0x0000000084900000, 0x0000000084900000| Untracked 
|  73|0x0000000084900000, 0x0000000084a00000, 0x0000000084a00000|100%| O|  |TAMS 0x0000000084a00000, 0x0000000084a00000| Untracked 
|  74|0x0000000084a00000, 0x0000000084b00000, 0x0000000084b00000|100%| O|  |TAMS 0x0000000084b00000, 0x0000000084b00000| Untracked 
|  75|0x0000000084b00000, 0x0000000084c00000, 0x0000000084c00000|100%| O|  |TAMS 0x0000000084c00000, 0x0000000084c00000| Untracked 
|  76|0x0000000084c00000, 0x0000000084d00000, 0x0000000084d00000|100%| O|  |TAMS 0x0000000084d00000, 0x0000000084d00000| Untracked 
|  77|0x0000000084d00000, 0x0000000084e00000, 0x0000000084e00000|100%| O|  |TAMS 0x0000000084e00000, 0x0000000084e00000| Untracked 
|  78|0x0000000084e00000, 0x0000000084f00000, 0x0000000084f00000|100%| O|  |TAMS 0x0000000084f00000, 0x0000000084f00000| Untracked 
|  79|0x0000000084f00000, 0x0000000085000000, 0x0000000085000000|100%| O|  |TAMS 0x0000000085000000, 0x0000000085000000| Untracked 
|  80|0x0000000085000000, 0x0000000085100000, 0x0000000085100000|100%| O|  |TAMS 0x0000000085100000, 0x0000000085100000| Untracked 
|  81|0x0000000085100000, 0x0000000085200000, 0x0000000085200000|100%| O|  |TAMS 0x0000000085200000, 0x0000000085200000| Untracked 
|  82|0x0000000085200000, 0x0000000085300000, 0x0000000085300000|100%| O|  |TAMS 0x0000000085300000, 0x0000000085300000| Untracked 
|  83|0x0000000085300000, 0x0000000085400000, 0x0000000085400000|100%| O|  |TAMS 0x0000000085400000, 0x0000000085400000| Untracked 
|  84|0x0000000085400000, 0x0000000085500000, 0x0000000085500000|100%| O|  |TAMS 0x0000000085500000, 0x0000000085500000| Untracked 
|  85|0x0000000085500000, 0x0000000085600000, 0x0000000085600000|100%| O|  |TAMS 0x0000000085600000, 0x0000000085600000| Untracked 
|  86|0x0000000085600000, 0x0000000085700000, 0x0000000085700000|100%| O|  |TAMS 0x0000000085700000, 0x0000000085700000| Untracked 
|  87|0x0000000085700000, 0x0000000085800000, 0x0000000085800000|100%| O|  |TAMS 0x0000000085800000, 0x0000000085800000| Untracked 
|  88|0x0000000085800000, 0x0000000085900000, 0x0000000085900000|100%|HS|  |TAMS 0x0000000085900000, 0x0000000085900000| Complete 
|  89|0x0000000085900000, 0x0000000085a00000, 0x0000000085a00000|100%|HC|  |TAMS 0x0000000085a00000, 0x0000000085a00000| Complete 
|  90|0x0000000085a00000, 0x0000000085b00000, 0x0000000085b00000|100%| O|  |TAMS 0x0000000085b00000, 0x0000000085b00000| Untracked 
|  91|0x0000000085b00000, 0x0000000085c00000, 0x0000000085c00000|100%| O|  |TAMS 0x0000000085c00000, 0x0000000085c00000| Untracked 
|  92|0x0000000085c00000, 0x0000000085d00000, 0x0000000085d00000|100%| O|  |TAMS 0x0000000085d00000, 0x0000000085d00000| Untracked 
|  93|0x0000000085d00000, 0x0000000085e00000, 0x0000000085e00000|100%| O|  |TAMS 0x0000000085e00000, 0x0000000085e00000| Untracked 
|  94|0x0000000085e00000, 0x0000000085f00000, 0x0000000085f00000|100%| O|  |TAMS 0x0000000085f00000, 0x0000000085f00000| Untracked 
|  95|0x0000000085f00000, 0x0000000086000000, 0x0000000086000000|100%| O|  |TAMS 0x0000000086000000, 0x0000000086000000| Untracked 
|  96|0x0000000086000000, 0x0000000086100000, 0x0000000086100000|100%| O|  |TAMS 0x0000000086100000, 0x0000000086100000| Untracked 
|  97|0x0000000086100000, 0x0000000086200000, 0x0000000086200000|100%| O|  |TAMS 0x0000000086200000, 0x0000000086200000| Untracked 
|  98|0x0000000086200000, 0x0000000086300000, 0x0000000086300000|100%| O|  |TAMS 0x0000000086300000, 0x0000000086300000| Untracked 
|  99|0x0000000086300000, 0x0000000086400000, 0x0000000086400000|100%| O|  |TAMS 0x0000000086400000, 0x0000000086400000| Untracked 
| 100|0x0000000086400000, 0x0000000086500000, 0x0000000086500000|100%| O|  |TAMS 0x0000000086500000, 0x0000000086500000| Untracked 
| 101|0x0000000086500000, 0x0000000086600000, 0x0000000086600000|100%| O|  |TAMS 0x0000000086600000, 0x0000000086600000| Untracked 
| 102|0x0000000086600000, 0x0000000086700000, 0x0000000086700000|100%| O|  |TAMS 0x0000000086600000, 0x0000000086700000| Untracked 
| 103|0x0000000086700000, 0x0000000086800000, 0x0000000086800000|100%| O|  |TAMS 0x0000000086800000, 0x0000000086800000| Untracked 
| 104|0x0000000086800000, 0x0000000086900000, 0x0000000086900000|100%| O|  |TAMS 0x0000000086900000, 0x0000000086900000| Untracked 
| 105|0x0000000086900000, 0x0000000086a00000, 0x0000000086a00000|100%| O|  |TAMS 0x0000000086a00000, 0x0000000086a00000| Untracked 
| 106|0x0000000086a00000, 0x0000000086b00000, 0x0000000086b00000|100%| O|  |TAMS 0x0000000086b00000, 0x0000000086b00000| Untracked 
| 107|0x0000000086b00000, 0x0000000086c00000, 0x0000000086c00000|100%| O|  |TAMS 0x0000000086c00000, 0x0000000086c00000| Untracked 
| 108|0x0000000086c00000, 0x0000000086d00000, 0x0000000086d00000|100%| O|  |TAMS 0x0000000086d00000, 0x0000000086d00000| Untracked 
| 109|0x0000000086d00000, 0x0000000086e00000, 0x0000000086e00000|100%| O|  |TAMS 0x0000000086e00000, 0x0000000086e00000| Untracked 
| 110|0x0000000086e00000, 0x0000000086f00000, 0x0000000086f00000|100%| O|  |TAMS 0x0000000086f00000, 0x0000000086f00000| Untracked 
| 111|0x0000000086f00000, 0x0000000087000000, 0x0000000087000000|100%| O|  |TAMS 0x0000000087000000, 0x0000000087000000| Untracked 
| 112|0x0000000087000000, 0x0000000087100000, 0x0000000087100000|100%| O|  |TAMS 0x0000000087100000, 0x0000000087100000| Untracked 
| 113|0x0000000087100000, 0x0000000087200000, 0x0000000087200000|100%| O|  |TAMS 0x0000000087100000, 0x0000000087200000| Untracked 
| 114|0x0000000087200000, 0x0000000087300000, 0x0000000087300000|100%| O|  |TAMS 0x0000000087300000, 0x0000000087300000| Untracked 
| 115|0x0000000087300000, 0x0000000087300000, 0x0000000087400000|  0%| F|  |TAMS 0x0000000087300000, 0x0000000087300000| Untracked 
| 116|0x0000000087400000, 0x0000000087400000, 0x0000000087500000|  0%| F|  |TAMS 0x0000000087400000, 0x0000000087400000| Untracked 
| 117|0x0000000087500000, 0x0000000087600000, 0x0000000087600000|100%| O|  |TAMS 0x0000000087600000, 0x0000000087600000| Untracked 
| 118|0x0000000087600000, 0x0000000087700000, 0x0000000087700000|100%| O|  |TAMS 0x0000000087700000, 0x0000000087700000| Untracked 
| 119|0x0000000087700000, 0x0000000087800000, 0x0000000087800000|100%| O|  |TAMS 0x0000000087800000, 0x0000000087800000| Untracked 
| 120|0x0000000087800000, 0x0000000087900000, 0x0000000087900000|100%| O|  |TAMS 0x0000000087900000, 0x0000000087900000| Untracked 
| 121|0x0000000087900000, 0x0000000087a00000, 0x0000000087a00000|100%| O|  |TAMS 0x0000000087a00000, 0x0000000087a00000| Untracked 
| 122|0x0000000087a00000, 0x0000000087b00000, 0x0000000087b00000|100%| O|  |TAMS 0x0000000087b00000, 0x0000000087b00000| Untracked 
| 123|0x0000000087b00000, 0x0000000087c00000, 0x0000000087c00000|100%| O|  |TAMS 0x0000000087b00000, 0x0000000087c00000| Untracked 
| 124|0x0000000087c00000, 0x0000000087d00000, 0x0000000087d00000|100%| O|  |TAMS 0x0000000087d00000, 0x0000000087d00000| Untracked 
| 125|0x0000000087d00000, 0x0000000087e00000, 0x0000000087e00000|100%| O|  |TAMS 0x0000000087e00000, 0x0000000087e00000| Untracked 
| 126|0x0000000087e00000, 0x0000000087f00000, 0x0000000087f00000|100%| O|  |TAMS 0x0000000087f00000, 0x0000000087f00000| Untracked 
| 127|0x0000000087f00000, 0x0000000088000000, 0x0000000088000000|100%| O|  |TAMS 0x0000000088000000, 0x0000000088000000| Untracked 
| 128|0x0000000088000000, 0x0000000088100000, 0x0000000088100000|100%| O|  |TAMS 0x0000000088100000, 0x0000000088100000| Untracked 
| 129|0x0000000088100000, 0x0000000088200000, 0x0000000088200000|100%| O|  |TAMS 0x0000000088200000, 0x0000000088200000| Untracked 
| 130|0x0000000088200000, 0x0000000088300000, 0x0000000088300000|100%| O|  |TAMS 0x0000000088300000, 0x0000000088300000| Untracked 
| 131|0x0000000088300000, 0x0000000088400000, 0x0000000088400000|100%| O|  |TAMS 0x0000000088400000, 0x0000000088400000| Untracked 
| 132|0x0000000088400000, 0x0000000088500000, 0x0000000088500000|100%| O|  |TAMS 0x0000000088500000, 0x0000000088500000| Untracked 
| 133|0x0000000088500000, 0x0000000088600000, 0x0000000088600000|100%| O|  |TAMS 0x0000000088600000, 0x0000000088600000| Untracked 
| 134|0x0000000088600000, 0x0000000088700000, 0x0000000088700000|100%| O|  |TAMS 0x0000000088700000, 0x0000000088700000| Untracked 
| 135|0x0000000088700000, 0x0000000088800000, 0x0000000088800000|100%| O|  |TAMS 0x0000000088800000, 0x0000000088800000| Untracked 
| 136|0x0000000088800000, 0x0000000088900000, 0x0000000088900000|100%| O|  |TAMS 0x0000000088900000, 0x0000000088900000| Untracked 
| 137|0x0000000088900000, 0x0000000088a00000, 0x0000000088a00000|100%| O|  |TAMS 0x0000000088a00000, 0x0000000088a00000| Untracked 
| 138|0x0000000088a00000, 0x0000000088b00000, 0x0000000088b00000|100%| O|  |TAMS 0x0000000088b00000, 0x0000000088b00000| Untracked 
| 139|0x0000000088b00000, 0x0000000088c00000, 0x0000000088c00000|100%| O|  |TAMS 0x0000000088c00000, 0x0000000088c00000| Untracked 
| 140|0x0000000088c00000, 0x0000000088d00000, 0x0000000088d00000|100%| O|  |TAMS 0x0000000088d00000, 0x0000000088d00000| Untracked 
| 141|0x0000000088d00000, 0x0000000088e00000, 0x0000000088e00000|100%| O|  |TAMS 0x0000000088e00000, 0x0000000088e00000| Untracked 
| 142|0x0000000088e00000, 0x0000000088f00000, 0x0000000088f00000|100%| O|  |TAMS 0x0000000088f00000, 0x0000000088f00000| Untracked 
| 143|0x0000000088f00000, 0x0000000089000000, 0x0000000089000000|100%| O|  |TAMS 0x0000000089000000, 0x0000000089000000| Untracked 
| 144|0x0000000089000000, 0x0000000089100000, 0x0000000089100000|100%| O|  |TAMS 0x0000000089100000, 0x0000000089100000| Untracked 
| 145|0x0000000089100000, 0x0000000089200000, 0x0000000089200000|100%| O|  |TAMS 0x0000000089200000, 0x0000000089200000| Untracked 
| 146|0x0000000089200000, 0x0000000089300000, 0x0000000089300000|100%| O|  |TAMS 0x0000000089300000, 0x0000000089300000| Untracked 
| 147|0x0000000089300000, 0x0000000089400000, 0x0000000089400000|100%| O|  |TAMS 0x0000000089300000, 0x0000000089400000| Untracked 
| 148|0x0000000089400000, 0x0000000089500000, 0x0000000089500000|100%| O|  |TAMS 0x0000000089500000, 0x0000000089500000| Untracked 
| 149|0x0000000089500000, 0x0000000089600000, 0x0000000089600000|100%| O|  |TAMS 0x0000000089600000, 0x0000000089600000| Untracked 
| 150|0x0000000089600000, 0x0000000089700000, 0x0000000089700000|100%| O|  |TAMS 0x0000000089700000, 0x0000000089700000| Untracked 
| 151|0x0000000089700000, 0x0000000089800000, 0x0000000089800000|100%| O|  |TAMS 0x0000000089800000, 0x0000000089800000| Untracked 
| 152|0x0000000089800000, 0x0000000089900000, 0x0000000089900000|100%| O|  |TAMS 0x0000000089900000, 0x0000000089900000| Untracked 
| 153|0x0000000089900000, 0x0000000089a00000, 0x0000000089a00000|100%| O|  |TAMS 0x0000000089a00000, 0x0000000089a00000| Untracked 
| 154|0x0000000089a00000, 0x0000000089b00000, 0x0000000089b00000|100%| O|  |TAMS 0x0000000089b00000, 0x0000000089b00000| Untracked 
| 155|0x0000000089b00000, 0x0000000089c00000, 0x0000000089c00000|100%| O|  |TAMS 0x0000000089c00000, 0x0000000089c00000| Untracked 
| 156|0x0000000089c00000, 0x0000000089d00000, 0x0000000089d00000|100%| O|  |TAMS 0x0000000089d00000, 0x0000000089d00000| Untracked 
| 157|0x0000000089d00000, 0x0000000089e00000, 0x0000000089e00000|100%| O|  |TAMS 0x0000000089e00000, 0x0000000089e00000| Untracked 
| 158|0x0000000089e00000, 0x0000000089f00000, 0x0000000089f00000|100%| O|  |TAMS 0x0000000089f00000, 0x0000000089f00000| Untracked 
| 159|0x0000000089f00000, 0x000000008a000000, 0x000000008a000000|100%| O|  |TAMS 0x000000008a000000, 0x000000008a000000| Untracked 
| 160|0x000000008a000000, 0x000000008a100000, 0x000000008a100000|100%| O|  |TAMS 0x000000008a100000, 0x000000008a100000| Untracked 
| 161|0x000000008a100000, 0x000000008a200000, 0x000000008a200000|100%| O|  |TAMS 0x000000008a200000, 0x000000008a200000| Untracked 
| 162|0x000000008a200000, 0x000000008a300000, 0x000000008a300000|100%| O|  |TAMS 0x000000008a200000, 0x000000008a300000| Untracked 
| 163|0x000000008a300000, 0x000000008a400000, 0x000000008a400000|100%| O|  |TAMS 0x000000008a400000, 0x000000008a400000| Untracked 
| 164|0x000000008a400000, 0x000000008a500000, 0x000000008a500000|100%| O|  |TAMS 0x000000008a500000, 0x000000008a500000| Untracked 
| 165|0x000000008a500000, 0x000000008a600000, 0x000000008a600000|100%| O|  |TAMS 0x000000008a500000, 0x000000008a600000| Untracked 
| 166|0x000000008a600000, 0x000000008a700000, 0x000000008a700000|100%| O|  |TAMS 0x000000008a600000, 0x000000008a700000| Untracked 
| 167|0x000000008a700000, 0x000000008a800000, 0x000000008a800000|100%| O|  |TAMS 0x000000008a700000, 0x000000008a800000| Untracked 
| 168|0x000000008a800000, 0x000000008a900000, 0x000000008a900000|100%| O|  |TAMS 0x000000008a800000, 0x000000008a900000| Untracked 
| 169|0x000000008a900000, 0x000000008aa00000, 0x000000008aa00000|100%| O|  |TAMS 0x000000008a900000, 0x000000008aa00000| Untracked 
| 170|0x000000008aa00000, 0x000000008aa80000, 0x000000008ab00000| 50%| O|  |TAMS 0x000000008aa00000, 0x000000008aa80000| Untracked 
| 171|0x000000008ab00000, 0x000000008ab00000, 0x000000008ac00000|  0%| F|  |TAMS 0x000000008ab00000, 0x000000008ab00000| Untracked 
| 172|0x000000008ac00000, 0x000000008ac00000, 0x000000008ad00000|  0%| F|  |TAMS 0x000000008ac00000, 0x000000008ac00000| Untracked 
| 173|0x000000008ad00000, 0x000000008ad00000, 0x000000008ae00000|  0%| F|  |TAMS 0x000000008ad00000, 0x000000008ad00000| Untracked 
| 174|0x000000008ae00000, 0x000000008ae00000, 0x000000008af00000|  0%| F|  |TAMS 0x000000008ae00000, 0x000000008ae00000| Untracked 
| 175|0x000000008af00000, 0x000000008af00000, 0x000000008b000000|  0%| F|  |TAMS 0x000000008af00000, 0x000000008af00000| Untracked 
| 176|0x000000008b000000, 0x000000008b000000, 0x000000008b100000|  0%| F|  |TAMS 0x000000008b000000, 0x000000008b000000| Untracked 
| 177|0x000000008b100000, 0x000000008b100000, 0x000000008b200000|  0%| F|  |TAMS 0x000000008b100000, 0x000000008b100000| Untracked 
| 178|0x000000008b200000, 0x000000008b200000, 0x000000008b300000|  0%| F|  |TAMS 0x000000008b200000, 0x000000008b200000| Untracked 
| 179|0x000000008b300000, 0x000000008b300000, 0x000000008b400000|  0%| F|  |TAMS 0x000000008b300000, 0x000000008b300000| Untracked 
| 180|0x000000008b400000, 0x000000008b400000, 0x000000008b500000|  0%| F|  |TAMS 0x000000008b400000, 0x000000008b400000| Untracked 
| 181|0x000000008b500000, 0x000000008b500000, 0x000000008b600000|  0%| F|  |TAMS 0x000000008b500000, 0x000000008b500000| Untracked 
| 182|0x000000008b600000, 0x000000008b700000, 0x000000008b700000|100%| O|  |TAMS 0x000000008b700000, 0x000000008b700000| Untracked 
| 183|0x000000008b700000, 0x000000008b700000, 0x000000008b800000|  0%| F|  |TAMS 0x000000008b700000, 0x000000008b700000| Untracked 
| 184|0x000000008b800000, 0x000000008b900000, 0x000000008b900000|100%| O|  |TAMS 0x000000008b900000, 0x000000008b900000| Untracked 
| 185|0x000000008b900000, 0x000000008b900000, 0x000000008ba00000|  0%| F|  |TAMS 0x000000008b900000, 0x000000008b900000| Untracked 
| 186|0x000000008ba00000, 0x000000008ba00000, 0x000000008bb00000|  0%| F|  |TAMS 0x000000008ba00000, 0x000000008ba00000| Untracked 
| 187|0x000000008bb00000, 0x000000008bb00000, 0x000000008bc00000|  0%| F|  |TAMS 0x000000008bb00000, 0x000000008bb00000| Untracked 
| 188|0x000000008bc00000, 0x000000008bd00000, 0x000000008bd00000|100%| O|  |TAMS 0x000000008bd00000, 0x000000008bd00000| Untracked 
| 189|0x000000008bd00000, 0x000000008bd00000, 0x000000008be00000|  0%| F|  |TAMS 0x000000008bd00000, 0x000000008bd00000| Untracked 
| 190|0x000000008be00000, 0x000000008be00000, 0x000000008bf00000|  0%| F|  |TAMS 0x000000008be00000, 0x000000008be00000| Untracked 
| 191|0x000000008bf00000, 0x000000008bf00000, 0x000000008c000000|  0%| F|  |TAMS 0x000000008bf00000, 0x000000008bf00000| Untracked 
| 192|0x000000008c000000, 0x000000008c000000, 0x000000008c100000|  0%| F|  |TAMS 0x000000008c000000, 0x000000008c000000| Untracked 
| 193|0x000000008c100000, 0x000000008c100000, 0x000000008c200000|  0%| F|  |TAMS 0x000000008c100000, 0x000000008c100000| Untracked 
| 194|0x000000008c200000, 0x000000008c200000, 0x000000008c300000|  0%| F|  |TAMS 0x000000008c200000, 0x000000008c200000| Untracked 
| 195|0x000000008c300000, 0x000000008c300000, 0x000000008c400000|  0%| F|  |TAMS 0x000000008c300000, 0x000000008c300000| Untracked 
| 196|0x000000008c400000, 0x000000008c400000, 0x000000008c500000|  0%| F|  |TAMS 0x000000008c400000, 0x000000008c400000| Untracked 
| 197|0x000000008c500000, 0x000000008c500000, 0x000000008c600000|  0%| F|  |TAMS 0x000000008c500000, 0x000000008c500000| Untracked 
| 198|0x000000008c600000, 0x000000008c600000, 0x000000008c700000|  0%| F|  |TAMS 0x000000008c600000, 0x000000008c600000| Untracked 
| 199|0x000000008c700000, 0x000000008c700000, 0x000000008c800000|  0%| F|  |TAMS 0x000000008c700000, 0x000000008c700000| Untracked 
| 200|0x000000008c800000, 0x000000008c800000, 0x000000008c900000|  0%| F|  |TAMS 0x000000008c800000, 0x000000008c800000| Untracked 
| 201|0x000000008c900000, 0x000000008c900000, 0x000000008ca00000|  0%| F|  |TAMS 0x000000008c900000, 0x000000008c900000| Untracked 
| 202|0x000000008ca00000, 0x000000008ca00000, 0x000000008cb00000|  0%| F|  |TAMS 0x000000008ca00000, 0x000000008ca00000| Untracked 
| 203|0x000000008cb00000, 0x000000008cb00000, 0x000000008cc00000|  0%| F|  |TAMS 0x000000008cb00000, 0x000000008cb00000| Untracked 
| 204|0x000000008cc00000, 0x000000008cc00000, 0x000000008cd00000|  0%| F|  |TAMS 0x000000008cc00000, 0x000000008cc00000| Untracked 
| 205|0x000000008cd00000, 0x000000008cd00000, 0x000000008ce00000|  0%| F|  |TAMS 0x000000008cd00000, 0x000000008cd00000| Untracked 
| 206|0x000000008ce00000, 0x000000008ce00000, 0x000000008cf00000|  0%| F|  |TAMS 0x000000008ce00000, 0x000000008ce00000| Untracked 
| 207|0x000000008cf00000, 0x000000008cf00000, 0x000000008d000000|  0%| F|  |TAMS 0x000000008cf00000, 0x000000008cf00000| Untracked 
| 208|0x000000008d000000, 0x000000008d000000, 0x000000008d100000|  0%| F|  |TAMS 0x000000008d000000, 0x000000008d000000| Untracked 
| 209|0x000000008d100000, 0x000000008d100000, 0x000000008d200000|  0%| F|  |TAMS 0x000000008d100000, 0x000000008d100000| Untracked 
| 210|0x000000008d200000, 0x000000008d300000, 0x000000008d300000|100%| O|  |TAMS 0x000000008d300000, 0x000000008d300000| Untracked 
| 211|0x000000008d300000, 0x000000008d400000, 0x000000008d400000|100%| O|  |TAMS 0x000000008d400000, 0x000000008d400000| Untracked 
| 212|0x000000008d400000, 0x000000008d400000, 0x000000008d500000|  0%| F|  |TAMS 0x000000008d400000, 0x000000008d400000| Untracked 
| 213|0x000000008d500000, 0x000000008d500000, 0x000000008d600000|  0%| F|  |TAMS 0x000000008d500000, 0x000000008d500000| Untracked 
| 214|0x000000008d600000, 0x000000008d600000, 0x000000008d700000|  0%| F|  |TAMS 0x000000008d600000, 0x000000008d600000| Untracked 
| 215|0x000000008d700000, 0x000000008d700000, 0x000000008d800000|  0%| F|  |TAMS 0x000000008d700000, 0x000000008d700000| Untracked 
| 216|0x000000008d800000, 0x000000008d800000, 0x000000008d900000|  0%| F|  |TAMS 0x000000008d800000, 0x000000008d800000| Untracked 
| 217|0x000000008d900000, 0x000000008d900000, 0x000000008da00000|  0%| F|  |TAMS 0x000000008d900000, 0x000000008d900000| Untracked 
| 218|0x000000008da00000, 0x000000008da00000, 0x000000008db00000|  0%| F|  |TAMS 0x000000008da00000, 0x000000008da00000| Untracked 
| 219|0x000000008db00000, 0x000000008db00000, 0x000000008dc00000|  0%| F|  |TAMS 0x000000008db00000, 0x000000008db00000| Untracked 
| 220|0x000000008dc00000, 0x000000008dc00000, 0x000000008dd00000|  0%| F|  |TAMS 0x000000008dc00000, 0x000000008dc00000| Untracked 
| 221|0x000000008dd00000, 0x000000008dd00000, 0x000000008de00000|  0%| F|  |TAMS 0x000000008dd00000, 0x000000008dd00000| Untracked 
| 222|0x000000008de00000, 0x000000008de00000, 0x000000008df00000|  0%| F|  |TAMS 0x000000008de00000, 0x000000008de00000| Untracked 
| 223|0x000000008df00000, 0x000000008df00000, 0x000000008e000000|  0%| F|  |TAMS 0x000000008df00000, 0x000000008df00000| Untracked 
| 224|0x000000008e000000, 0x000000008e000000, 0x000000008e100000|  0%| F|  |TAMS 0x000000008e000000, 0x000000008e000000| Untracked 
| 225|0x000000008e100000, 0x000000008e100000, 0x000000008e200000|  0%| F|  |TAMS 0x000000008e100000, 0x000000008e100000| Untracked 
| 226|0x000000008e200000, 0x000000008e200000, 0x000000008e300000|  0%| F|  |TAMS 0x000000008e200000, 0x000000008e200000| Untracked 
| 227|0x000000008e300000, 0x000000008e300000, 0x000000008e400000|  0%| F|  |TAMS 0x000000008e300000, 0x000000008e300000| Untracked 
| 228|0x000000008e400000, 0x000000008e400000, 0x000000008e500000|  0%| F|  |TAMS 0x000000008e400000, 0x000000008e400000| Untracked 
| 229|0x000000008e500000, 0x000000008e500000, 0x000000008e600000|  0%| F|  |TAMS 0x000000008e500000, 0x000000008e500000| Untracked 
| 230|0x000000008e600000, 0x000000008e600000, 0x000000008e700000|  0%| F|  |TAMS 0x000000008e600000, 0x000000008e600000| Untracked 
| 231|0x000000008e700000, 0x000000008e700000, 0x000000008e800000|  0%| F|  |TAMS 0x000000008e700000, 0x000000008e700000| Untracked 
| 232|0x000000008e800000, 0x000000008e800000, 0x000000008e900000|  0%| F|  |TAMS 0x000000008e800000, 0x000000008e800000| Untracked 
| 233|0x000000008e900000, 0x000000008e900000, 0x000000008ea00000|  0%| F|  |TAMS 0x000000008e900000, 0x000000008e900000| Untracked 
| 234|0x000000008ea00000, 0x000000008ea00000, 0x000000008eb00000|  0%| F|  |TAMS 0x000000008ea00000, 0x000000008ea00000| Untracked 
| 235|0x000000008eb00000, 0x000000008eb00000, 0x000000008ec00000|  0%| F|  |TAMS 0x000000008eb00000, 0x000000008eb00000| Untracked 
| 236|0x000000008ec00000, 0x000000008ec00000, 0x000000008ed00000|  0%| F|  |TAMS 0x000000008ec00000, 0x000000008ec00000| Untracked 
| 237|0x000000008ed00000, 0x000000008ed00000, 0x000000008ee00000|  0%| F|  |TAMS 0x000000008ed00000, 0x000000008ed00000| Untracked 
| 238|0x000000008ee00000, 0x000000008ee00000, 0x000000008ef00000|  0%| F|  |TAMS 0x000000008ee00000, 0x000000008ee00000| Untracked 
| 239|0x000000008ef00000, 0x000000008ef00000, 0x000000008f000000|  0%| F|  |TAMS 0x000000008ef00000, 0x000000008ef00000| Untracked 
| 240|0x000000008f000000, 0x000000008f000000, 0x000000008f100000|  0%| F|  |TAMS 0x000000008f000000, 0x000000008f000000| Untracked 
| 241|0x000000008f100000, 0x000000008f100000, 0x000000008f200000|  0%| F|  |TAMS 0x000000008f100000, 0x000000008f100000| Untracked 
| 242|0x000000008f200000, 0x000000008f200000, 0x000000008f300000|  0%| F|  |TAMS 0x000000008f200000, 0x000000008f200000| Untracked 
| 243|0x000000008f300000, 0x000000008f300000, 0x000000008f400000|  0%| F|  |TAMS 0x000000008f300000, 0x000000008f300000| Untracked 
| 244|0x000000008f400000, 0x000000008f400000, 0x000000008f500000|  0%| F|  |TAMS 0x000000008f400000, 0x000000008f400000| Untracked 
| 245|0x000000008f500000, 0x000000008f500000, 0x000000008f600000|  0%| F|  |TAMS 0x000000008f500000, 0x000000008f500000| Untracked 
| 246|0x000000008f600000, 0x000000008f600000, 0x000000008f700000|  0%| F|  |TAMS 0x000000008f600000, 0x000000008f600000| Untracked 
| 247|0x000000008f700000, 0x000000008f700000, 0x000000008f800000|  0%| F|  |TAMS 0x000000008f700000, 0x000000008f700000| Untracked 
| 248|0x000000008f800000, 0x000000008f800000, 0x000000008f900000|  0%| F|  |TAMS 0x000000008f800000, 0x000000008f800000| Untracked 
| 249|0x000000008f900000, 0x000000008f900000, 0x000000008fa00000|  0%| F|  |TAMS 0x000000008f900000, 0x000000008f900000| Untracked 
| 250|0x000000008fa00000, 0x000000008fa00000, 0x000000008fb00000|  0%| F|  |TAMS 0x000000008fa00000, 0x000000008fa00000| Untracked 
| 251|0x000000008fb00000, 0x000000008fb00000, 0x000000008fc00000|  0%| F|  |TAMS 0x000000008fb00000, 0x000000008fb00000| Untracked 
| 252|0x000000008fc00000, 0x000000008fc00000, 0x000000008fd00000|  0%| F|  |TAMS 0x000000008fc00000, 0x000000008fc00000| Untracked 
| 253|0x000000008fd00000, 0x000000008fd00000, 0x000000008fe00000|  0%| F|  |TAMS 0x000000008fd00000, 0x000000008fd00000| Untracked 
| 254|0x000000008fe00000, 0x000000008fe00000, 0x000000008ff00000|  0%| F|  |TAMS 0x000000008fe00000, 0x000000008fe00000| Untracked 
| 255|0x000000008ff00000, 0x000000008ff00000, 0x0000000090000000|  0%| F|  |TAMS 0x000000008ff00000, 0x000000008ff00000| Untracked 
| 256|0x0000000090000000, 0x0000000090000000, 0x0000000090100000|  0%| F|  |TAMS 0x0000000090000000, 0x0000000090000000| Untracked 
| 257|0x0000000090100000, 0x0000000090100000, 0x0000000090200000|  0%| F|  |TAMS 0x0000000090100000, 0x0000000090100000| Untracked 
| 258|0x0000000090200000, 0x0000000090200000, 0x0000000090300000|  0%| F|  |TAMS 0x0000000090200000, 0x0000000090200000| Untracked 
| 259|0x0000000090300000, 0x0000000090300000, 0x0000000090400000|  0%| F|  |TAMS 0x0000000090300000, 0x0000000090300000| Untracked 
| 260|0x0000000090400000, 0x0000000090400000, 0x0000000090500000|  0%| F|  |TAMS 0x0000000090400000, 0x0000000090400000| Untracked 
| 261|0x0000000090500000, 0x0000000090500000, 0x0000000090600000|  0%| F|  |TAMS 0x0000000090500000, 0x0000000090500000| Untracked 
| 262|0x0000000090600000, 0x0000000090600000, 0x0000000090700000|  0%| F|  |TAMS 0x0000000090600000, 0x0000000090600000| Untracked 
| 263|0x0000000090700000, 0x0000000090700000, 0x0000000090800000|  0%| F|  |TAMS 0x0000000090700000, 0x0000000090700000| Untracked 
| 264|0x0000000090800000, 0x0000000090800000, 0x0000000090900000|  0%| F|  |TAMS 0x0000000090800000, 0x0000000090800000| Untracked 
| 265|0x0000000090900000, 0x0000000090900000, 0x0000000090a00000|  0%| F|  |TAMS 0x0000000090900000, 0x0000000090900000| Untracked 
| 266|0x0000000090a00000, 0x0000000090a00000, 0x0000000090b00000|  0%| F|  |TAMS 0x0000000090a00000, 0x0000000090a00000| Untracked 
| 267|0x0000000090b00000, 0x0000000090b00000, 0x0000000090c00000|  0%| F|  |TAMS 0x0000000090b00000, 0x0000000090b00000| Untracked 
| 268|0x0000000090c00000, 0x0000000090c00000, 0x0000000090d00000|  0%| F|  |TAMS 0x0000000090c00000, 0x0000000090c00000| Untracked 
| 269|0x0000000090d00000, 0x0000000090d00000, 0x0000000090e00000|  0%| F|  |TAMS 0x0000000090d00000, 0x0000000090d00000| Untracked 
| 270|0x0000000090e00000, 0x0000000090e00000, 0x0000000090f00000|  0%| F|  |TAMS 0x0000000090e00000, 0x0000000090e00000| Untracked 
| 271|0x0000000090f00000, 0x0000000090f00000, 0x0000000091000000|  0%| F|  |TAMS 0x0000000090f00000, 0x0000000090f00000| Untracked 
| 272|0x0000000091000000, 0x0000000091000000, 0x0000000091100000|  0%| F|  |TAMS 0x0000000091000000, 0x0000000091000000| Untracked 
| 273|0x0000000091100000, 0x0000000091100000, 0x0000000091200000|  0%| F|  |TAMS 0x0000000091100000, 0x0000000091100000| Untracked 
| 274|0x0000000091200000, 0x0000000091200000, 0x0000000091300000|  0%| F|  |TAMS 0x0000000091200000, 0x0000000091200000| Untracked 
| 275|0x0000000091300000, 0x0000000091300000, 0x0000000091400000|  0%| F|  |TAMS 0x0000000091300000, 0x0000000091300000| Untracked 
| 276|0x0000000091400000, 0x0000000091400000, 0x0000000091500000|  0%| F|  |TAMS 0x0000000091400000, 0x0000000091400000| Untracked 
| 277|0x0000000091500000, 0x0000000091500000, 0x0000000091600000|  0%| F|  |TAMS 0x0000000091500000, 0x0000000091500000| Untracked 
| 278|0x0000000091600000, 0x0000000091600000, 0x0000000091700000|  0%| F|  |TAMS 0x0000000091600000, 0x0000000091600000| Untracked 
| 279|0x0000000091700000, 0x0000000091700000, 0x0000000091800000|  0%| F|  |TAMS 0x0000000091700000, 0x0000000091700000| Untracked 
| 280|0x0000000091800000, 0x0000000091800000, 0x0000000091900000|  0%| F|  |TAMS 0x0000000091800000, 0x0000000091800000| Untracked 
| 281|0x0000000091900000, 0x0000000091900000, 0x0000000091a00000|  0%| F|  |TAMS 0x0000000091900000, 0x0000000091900000| Untracked 
| 282|0x0000000091a00000, 0x0000000091a00000, 0x0000000091b00000|  0%| F|  |TAMS 0x0000000091a00000, 0x0000000091a00000| Untracked 
| 283|0x0000000091b00000, 0x0000000091b00000, 0x0000000091c00000|  0%| F|  |TAMS 0x0000000091b00000, 0x0000000091b00000| Untracked 
| 284|0x0000000091c00000, 0x0000000091c00000, 0x0000000091d00000|  0%| F|  |TAMS 0x0000000091c00000, 0x0000000091c00000| Untracked 
| 285|0x0000000091d00000, 0x0000000091d00000, 0x0000000091e00000|  0%| F|  |TAMS 0x0000000091d00000, 0x0000000091d00000| Untracked 
| 286|0x0000000091e00000, 0x0000000091e00000, 0x0000000091f00000|  0%| F|  |TAMS 0x0000000091e00000, 0x0000000091e00000| Untracked 
| 287|0x0000000091f00000, 0x0000000091f00000, 0x0000000092000000|  0%| F|  |TAMS 0x0000000091f00000, 0x0000000091f00000| Untracked 
| 288|0x0000000092000000, 0x0000000092000000, 0x0000000092100000|  0%| F|  |TAMS 0x0000000092000000, 0x0000000092000000| Untracked 
| 289|0x0000000092100000, 0x0000000092100000, 0x0000000092200000|  0%| F|  |TAMS 0x0000000092100000, 0x0000000092100000| Untracked 
| 290|0x0000000092200000, 0x0000000092200000, 0x0000000092300000|  0%| F|  |TAMS 0x0000000092200000, 0x0000000092200000| Untracked 
| 291|0x0000000092300000, 0x0000000092300000, 0x0000000092400000|  0%| F|  |TAMS 0x0000000092300000, 0x0000000092300000| Untracked 
| 292|0x0000000092400000, 0x0000000092400000, 0x0000000092500000|  0%| F|  |TAMS 0x0000000092400000, 0x0000000092400000| Untracked 
| 293|0x0000000092500000, 0x0000000092500000, 0x0000000092600000|  0%| F|  |TAMS 0x0000000092500000, 0x0000000092500000| Untracked 
| 294|0x0000000092600000, 0x00000000926e8a10, 0x0000000092700000| 90%| S|CS|TAMS 0x0000000092600000, 0x0000000092600000| Complete 
| 295|0x0000000092700000, 0x0000000092800000, 0x0000000092800000|100%| S|CS|TAMS 0x0000000092700000, 0x0000000092700000| Complete 
| 296|0x0000000092800000, 0x0000000092900000, 0x0000000092900000|100%| S|CS|TAMS 0x0000000092800000, 0x0000000092800000| Complete 
| 297|0x0000000092900000, 0x0000000092a00000, 0x0000000092a00000|100%| S|CS|TAMS 0x0000000092900000, 0x0000000092900000| Complete 
| 298|0x0000000092a00000, 0x0000000092a00000, 0x0000000092b00000|  0%| F|  |TAMS 0x0000000092a00000, 0x0000000092a00000| Untracked 
| 299|0x0000000092b00000, 0x0000000092b00000, 0x0000000092c00000|  0%| F|  |TAMS 0x0000000092b00000, 0x0000000092b00000| Untracked 
| 300|0x0000000092c00000, 0x0000000092c00000, 0x0000000092d00000|  0%| F|  |TAMS 0x0000000092c00000, 0x0000000092c00000| Untracked 
| 301|0x0000000092d00000, 0x0000000092d00000, 0x0000000092e00000|  0%| F|  |TAMS 0x0000000092d00000, 0x0000000092d00000| Untracked 
| 302|0x0000000092e00000, 0x0000000092e00000, 0x0000000092f00000|  0%| F|  |TAMS 0x0000000092e00000, 0x0000000092e00000| Untracked 
| 303|0x0000000092f00000, 0x0000000092f00000, 0x0000000093000000|  0%| F|  |TAMS 0x0000000092f00000, 0x0000000092f00000| Untracked 
| 304|0x0000000093000000, 0x0000000093000000, 0x0000000093100000|  0%| F|  |TAMS 0x0000000093000000, 0x0000000093000000| Untracked 
| 305|0x0000000093100000, 0x0000000093100000, 0x0000000093200000|  0%| F|  |TAMS 0x0000000093100000, 0x0000000093100000| Untracked 
| 306|0x0000000093200000, 0x0000000093200000, 0x0000000093300000|  0%| F|  |TAMS 0x0000000093200000, 0x0000000093200000| Untracked 
| 307|0x0000000093300000, 0x0000000093300000, 0x0000000093400000|  0%| F|  |TAMS 0x0000000093300000, 0x0000000093300000| Untracked 
| 308|0x0000000093400000, 0x0000000093400000, 0x0000000093500000|  0%| F|  |TAMS 0x0000000093400000, 0x0000000093400000| Untracked 
| 309|0x0000000093500000, 0x0000000093500000, 0x0000000093600000|  0%| F|  |TAMS 0x0000000093500000, 0x0000000093500000| Untracked 
| 310|0x0000000093600000, 0x0000000093600000, 0x0000000093700000|  0%| F|  |TAMS 0x0000000093600000, 0x0000000093600000| Untracked 
| 311|0x0000000093700000, 0x0000000093700000, 0x0000000093800000|  0%| F|  |TAMS 0x0000000093700000, 0x0000000093700000| Untracked 
| 312|0x0000000093800000, 0x0000000093800000, 0x0000000093900000|  0%| F|  |TAMS 0x0000000093800000, 0x0000000093800000| Untracked 
| 313|0x0000000093900000, 0x0000000093900000, 0x0000000093a00000|  0%| F|  |TAMS 0x0000000093900000, 0x0000000093900000| Untracked 
| 314|0x0000000093a00000, 0x0000000093a00000, 0x0000000093b00000|  0%| F|  |TAMS 0x0000000093a00000, 0x0000000093a00000| Untracked 
| 315|0x0000000093b00000, 0x0000000093b00000, 0x0000000093c00000|  0%| F|  |TAMS 0x0000000093b00000, 0x0000000093b00000| Untracked 
| 316|0x0000000093c00000, 0x0000000093c00000, 0x0000000093d00000|  0%| F|  |TAMS 0x0000000093c00000, 0x0000000093c00000| Untracked 
| 317|0x0000000093d00000, 0x0000000093d00000, 0x0000000093e00000|  0%| F|  |TAMS 0x0000000093d00000, 0x0000000093d00000| Untracked 
| 318|0x0000000093e00000, 0x0000000093e00000, 0x0000000093f00000|  0%| F|  |TAMS 0x0000000093e00000, 0x0000000093e00000| Untracked 
| 319|0x0000000093f00000, 0x0000000093f00000, 0x0000000094000000|  0%| F|  |TAMS 0x0000000093f00000, 0x0000000093f00000| Untracked 
| 320|0x0000000094000000, 0x0000000094000000, 0x0000000094100000|  0%| F|  |TAMS 0x0000000094000000, 0x0000000094000000| Untracked 
| 321|0x0000000094100000, 0x0000000094100000, 0x0000000094200000|  0%| F|  |TAMS 0x0000000094100000, 0x0000000094100000| Untracked 
| 322|0x0000000094200000, 0x0000000094200000, 0x0000000094300000|  0%| F|  |TAMS 0x0000000094200000, 0x0000000094200000| Untracked 
| 323|0x0000000094300000, 0x0000000094300000, 0x0000000094400000|  0%| F|  |TAMS 0x0000000094300000, 0x0000000094300000| Untracked 
| 324|0x0000000094400000, 0x0000000094400000, 0x0000000094500000|  0%| F|  |TAMS 0x0000000094400000, 0x0000000094400000| Untracked 
| 325|0x0000000094500000, 0x0000000094500000, 0x0000000094600000|  0%| F|  |TAMS 0x0000000094500000, 0x0000000094500000| Untracked 
| 326|0x0000000094600000, 0x0000000094600000, 0x0000000094700000|  0%| F|  |TAMS 0x0000000094600000, 0x0000000094600000| Untracked 
| 327|0x0000000094700000, 0x0000000094700000, 0x0000000094800000|  0%| F|  |TAMS 0x0000000094700000, 0x0000000094700000| Untracked 
| 328|0x0000000094800000, 0x0000000094800000, 0x0000000094900000|  0%| F|  |TAMS 0x0000000094800000, 0x0000000094800000| Untracked 
| 329|0x0000000094900000, 0x0000000094900000, 0x0000000094a00000|  0%| F|  |TAMS 0x0000000094900000, 0x0000000094900000| Untracked 
| 330|0x0000000094a00000, 0x0000000094a00000, 0x0000000094b00000|  0%| F|  |TAMS 0x0000000094a00000, 0x0000000094a00000| Untracked 
| 331|0x0000000094b00000, 0x0000000094b00000, 0x0000000094c00000|  0%| F|  |TAMS 0x0000000094b00000, 0x0000000094b00000| Untracked 
| 332|0x0000000094c00000, 0x0000000094c00000, 0x0000000094d00000|  0%| F|  |TAMS 0x0000000094c00000, 0x0000000094c00000| Untracked 
| 333|0x0000000094d00000, 0x0000000094d00000, 0x0000000094e00000|  0%| F|  |TAMS 0x0000000094d00000, 0x0000000094d00000| Untracked 
| 334|0x0000000094e00000, 0x0000000094e00000, 0x0000000094f00000|  0%| F|  |TAMS 0x0000000094e00000, 0x0000000094e00000| Untracked 
| 335|0x0000000094f00000, 0x0000000094f00000, 0x0000000095000000|  0%| F|  |TAMS 0x0000000094f00000, 0x0000000094f00000| Untracked 
| 336|0x0000000095000000, 0x0000000095000000, 0x0000000095100000|  0%| F|  |TAMS 0x0000000095000000, 0x0000000095000000| Untracked 
| 337|0x0000000095100000, 0x0000000095100000, 0x0000000095200000|  0%| F|  |TAMS 0x0000000095100000, 0x0000000095100000| Untracked 
| 338|0x0000000095200000, 0x0000000095200000, 0x0000000095300000|  0%| F|  |TAMS 0x0000000095200000, 0x0000000095200000| Untracked 
| 339|0x0000000095300000, 0x0000000095300000, 0x0000000095400000|  0%| F|  |TAMS 0x0000000095300000, 0x0000000095300000| Untracked 
| 340|0x0000000095400000, 0x0000000095400000, 0x0000000095500000|  0%| F|  |TAMS 0x0000000095400000, 0x0000000095400000| Untracked 
| 341|0x0000000095500000, 0x0000000095500000, 0x0000000095600000|  0%| F|  |TAMS 0x0000000095500000, 0x0000000095500000| Untracked 
| 342|0x0000000095600000, 0x0000000095600000, 0x0000000095700000|  0%| F|  |TAMS 0x0000000095600000, 0x0000000095600000| Untracked 
| 343|0x0000000095700000, 0x0000000095700000, 0x0000000095800000|  0%| F|  |TAMS 0x0000000095700000, 0x0000000095700000| Untracked 
| 344|0x0000000095800000, 0x0000000095800000, 0x0000000095900000|  0%| F|  |TAMS 0x0000000095800000, 0x0000000095800000| Untracked 
| 345|0x0000000095900000, 0x0000000095900000, 0x0000000095a00000|  0%| F|  |TAMS 0x0000000095900000, 0x0000000095900000| Untracked 
| 346|0x0000000095a00000, 0x0000000095a00000, 0x0000000095b00000|  0%| F|  |TAMS 0x0000000095a00000, 0x0000000095a00000| Untracked 
| 347|0x0000000095b00000, 0x0000000095b00000, 0x0000000095c00000|  0%| F|  |TAMS 0x0000000095b00000, 0x0000000095b00000| Untracked 
| 348|0x0000000095c00000, 0x0000000095c00000, 0x0000000095d00000|  0%| F|  |TAMS 0x0000000095c00000, 0x0000000095c00000| Untracked 

Card table byte_map: [0x00000239e1690000,0x00000239e1a90000] _byte_map_base: 0x00000239e1290000

Marking Bits (Prev, Next): (CMBitMap*) 0x00000239ce7a4e48, (CMBitMap*) 0x00000239ce7a4e80
 Prev Bits: [0x00000239e1e90000, 0x00000239e3e90000)
 Next Bits: [0x00000239e3e90000, 0x00000239e5e90000)

Polling page: 0x00000239cdf40000

Metaspace:

Usage:
  Non-class:     89.39 MB capacity,    87.68 MB ( 98%) used,     1.43 MB (  2%) free+waste,   293.12 KB ( <1%) overhead. 
      Class:     13.23 MB capacity,    12.29 MB ( 93%) used,   834.10 KB (  6%) free+waste,   127.00 KB ( <1%) overhead. 
       Both:    102.62 MB capacity,    99.97 MB ( 97%) used,     2.24 MB (  2%) free+waste,   420.12 KB ( <1%) overhead. 

Virtual space:
  Non-class space:       90.00 MB reserved,      89.58 MB (>99%) committed 
      Class space:        1.00 GB reserved,      13.25 MB (  1%) committed 
             Both:        1.09 GB reserved,     102.83 MB (  9%) committed 

Chunk freelists:
   Non-Class:  63.00 KB
       Class:  21.00 KB
        Both:  84.00 KB

MaxMetaspaceSize: 17179869184.00 GB
CompressedClassSpaceSize: 1.00 GB
Initial GC threshold: 20.80 MB
Current GC threshold: 166.38 MB
CDS: off

CodeHeap 'non-profiled nmethods': size=120064Kb used=9598Kb max_used=9598Kb free=110465Kb
 bounds [0x00000239d9d50000, 0x00000239da6b0000, 0x00000239e1290000]
CodeHeap 'profiled nmethods': size=120000Kb used=33923Kb max_used=33923Kb free=86076Kb
 bounds [0x00000239d2820000, 0x00000239d4950000, 0x00000239d9d50000]
CodeHeap 'non-nmethods': size=5696Kb used=2380Kb max_used=2428Kb free=3315Kb
 bounds [0x00000239d2290000, 0x00000239d2500000, 0x00000239d2820000]
 total_blobs=15193 nmethods=14294 adapters=811
 compilation: enabled
              stopped_count=0, restarted_count=0
 full_count=0

Compilation events (20 events):
Event: 99.965 Thread 0x00000239e8903800 14419       3       com.google.common.collect.ImmutableSet::copyOf (76 bytes)
Event: 99.966 Thread 0x00000239e8903800 nmethod 14419 0x00000239d493e990 code [0x00000239d493ec20, 0x00000239d493f928]
Event: 99.973 Thread 0x00000239e805a800 nmethod 14416 0x00000239da6add10 code [0x00000239da6adee0, 0x00000239da6ae288]
Event: 99.973 Thread 0x00000239e805a800 14410   !   4       java.io.WinNTFileSystem::isInvalid (78 bytes)
Event: 99.976 Thread 0x00000239e8903800 14420       2       org.gradle.cache.Cache$$Lambda$69/0x0000000100173840::get$Lambda (9 bytes)
Event: 99.976 Thread 0x00000239e8903800 nmethod 14420 0x00000239d493fc10 code [0x00000239d493fdc0, 0x00000239d493ff38]
Event: 99.976 Thread 0x00000239e8903800 14421       2       org.gradle.cache.Cache$$Lambda$69/0x0000000100173840::<init> (10 bytes)
Event: 99.976 Thread 0x00000239e8903800 nmethod 14421 0x00000239d4940010 code [0x00000239d49401c0, 0x00000239d49402f8]
Event: 99.977 Thread 0x00000239e8903800 14422       3       com.google.common.collect.Sets::newHashSetWithExpectedSize (12 bytes)
Event: 99.978 Thread 0x00000239e8903800 nmethod 14422 0x00000239d4940390 code [0x00000239d49405e0, 0x00000239d4940b78]
Event: 99.979 Thread 0x00000239e8903800 14423       1       it.unimi.dsi.fastutil.ints.IntCollections$EmptyCollection::size (2 bytes)
Event: 99.979 Thread 0x00000239e8903800 nmethod 14423 0x00000239da6ae610 code [0x00000239da6ae7c0, 0x00000239da6ae878]
Event: 99.980 Thread 0x00000239e805a800 nmethod 14410 0x00000239da6ae910 code [0x00000239da6aeaa0, 0x00000239da6aec78]
Event: 99.980 Thread 0x00000239e805a800 14418       4       org.gradle.cache.internal.btree.FileBackedBlockStore::flush (1 bytes)
Event: 99.980 Thread 0x00000239e805a800 nmethod 14418 0x00000239da6aee90 code [0x00000239da6af020, 0x00000239da6af078]
Event: 99.980 Thread 0x00000239e805a800 14424       4       org.gradle.cache.Cache::get (14 bytes)
Event: 99.983 Thread 0x00000239e805a800 nmethod 14424 0x00000239da6af190 code [0x00000239da6af340, 0x00000239da6af4b8]
Event: 99.983 Thread 0x00000239e805a800 14425 %     4       org.gradle.cache.internal.btree.BTreePersistentIndexedCache$IndexBlock::read @ 16 (94 bytes)
Event: 99.989 Thread 0x00000239e8903800 14426       1       com.google.common.cache.RemovalCause$2::wasEvicted (2 bytes)
Event: 99.989 Thread 0x00000239e8903800 nmethod 14426 0x00000239da6af610 code [0x00000239da6af7c0, 0x00000239da6af878]

GC Heap History (20 events):
Event: 82.330 GC heap after
{Heap after GC invocations=43 (full 0):
 garbage-first heap   total 229376K, used 189440K [0x0000000080000000, 0x0000000100000000)
  region size 1024K, 2 young (2048K), 2 survivors (2048K)
 Metaspace       used 99448K, capacity 102112K, committed 102224K, reserved 1138688K
  class space    used 12360K, capacity 13311K, committed 13312K, reserved 1048576K
}
Event: 82.435 GC heap before
{Heap before GC invocations=43 (full 0):
 garbage-first heap   total 229376K, used 197632K [0x0000000080000000, 0x0000000100000000)
  region size 1024K, 11 young (11264K), 2 survivors (2048K)
 Metaspace       used 99448K, capacity 102112K, committed 102224K, reserved 1138688K
  class space    used 12360K, capacity 13311K, committed 13312K, reserved 1048576K
}
Event: 82.460 GC heap after
{Heap after GC invocations=44 (full 0):
 garbage-first heap   total 229376K, used 195072K [0x0000000080000000, 0x0000000100000000)
  region size 1024K, 2 young (2048K), 2 survivors (2048K)
 Metaspace       used 99448K, capacity 102112K, committed 102224K, reserved 1138688K
  class space    used 12360K, capacity 13311K, committed 13312K, reserved 1048576K
}
Event: 82.490 GC heap before
{Heap before GC invocations=44 (full 0):
 garbage-first heap   total 229376K, used 204288K [0x0000000080000000, 0x0000000100000000)
  region size 1024K, 11 young (11264K), 2 survivors (2048K)
 Metaspace       used 99448K, capacity 102112K, committed 102224K, reserved 1138688K
  class space    used 12360K, capacity 13311K, committed 13312K, reserved 1048576K
}
Event: 82.519 GC heap after
{Heap after GC invocations=45 (full 0):
 garbage-first heap   total 275456K, used 202240K [0x0000000080000000, 0x0000000100000000)
  region size 1024K, 2 young (2048K), 2 survivors (2048K)
 Metaspace       used 99448K, capacity 102112K, committed 102224K, reserved 1138688K
  class space    used 12360K, capacity 13311K, committed 13312K, reserved 1048576K
}
Event: 84.305 GC heap before
{Heap before GC invocations=46 (full 0):
 garbage-first heap   total 275456K, used 217600K [0x0000000080000000, 0x0000000100000000)
  region size 1024K, 17 young (17408K), 2 survivors (2048K)
 Metaspace       used 99448K, capacity 102112K, committed 102224K, reserved 1138688K
  class space    used 12360K, capacity 13311K, committed 13312K, reserved 1048576K
}
Event: 84.360 GC heap after
{Heap after GC invocations=47 (full 0):
 garbage-first heap   total 275456K, used 214016K [0x0000000080000000, 0x0000000100000000)
  region size 1024K, 3 young (3072K), 3 survivors (3072K)
 Metaspace       used 99448K, capacity 102112K, committed 102224K, reserved 1138688K
  class space    used 12360K, capacity 13311K, committed 13312K, reserved 1048576K
}
Event: 85.239 GC heap before
{Heap before GC invocations=47 (full 0):
 garbage-first heap   total 275456K, used 225280K [0x0000000080000000, 0x0000000100000000)
  region size 1024K, 14 young (14336K), 3 survivors (3072K)
 Metaspace       used 99492K, capacity 102180K, committed 102224K, reserved 1138688K
  class space    used 12360K, capacity 13311K, committed 13312K, reserved 1048576K
}
Event: 85.275 GC heap after
{Heap after GC invocations=48 (full 0):
 garbage-first heap   total 275456K, used 221184K [0x0000000080000000, 0x0000000100000000)
  region size 1024K, 2 young (2048K), 2 survivors (2048K)
 Metaspace       used 99492K, capacity 102180K, committed 102224K, reserved 1138688K
  class space    used 12360K, capacity 13311K, committed 13312K, reserved 1048576K
}
Event: 86.689 GC heap before
{Heap before GC invocations=49 (full 0):
 garbage-first heap   total 275456K, used 195584K [0x0000000080000000, 0x0000000100000000)
  region size 1024K, 13 young (13312K), 2 survivors (2048K)
 Metaspace       used 99520K, capacity 102183K, committed 102224K, reserved 1138688K
  class space    used 12360K, capacity 13311K, committed 13312K, reserved 1048576K
}
Event: 86.711 GC heap after
{Heap after GC invocations=50 (full 0):
 garbage-first heap   total 275456K, used 186880K [0x0000000080000000, 0x0000000100000000)
  region size 1024K, 2 young (2048K), 2 survivors (2048K)
 Metaspace       used 99520K, capacity 102183K, committed 102224K, reserved 1138688K
  class space    used 12360K, capacity 13311K, committed 13312K, reserved 1048576K
}
Event: 87.863 GC heap before
{Heap before GC invocations=50 (full 0):
 garbage-first heap   total 275456K, used 198144K [0x0000000080000000, 0x0000000100000000)
  region size 1024K, 13 young (13312K), 2 survivors (2048K)
 Metaspace       used 99540K, capacity 102185K, committed 102224K, reserved 1138688K
  class space    used 12360K, capacity 13311K, committed 13312K, reserved 1048576K
}
Event: 87.903 GC heap after
{Heap after GC invocations=51 (full 0):
 garbage-first heap   total 357376K, used 180588K [0x0000000080000000, 0x0000000100000000)
  region size 1024K, 2 young (2048K), 2 survivors (2048K)
 Metaspace       used 99540K, capacity 102185K, committed 102224K, reserved 1138688K
  class space    used 12360K, capacity 13311K, committed 13312K, reserved 1048576K
}
Event: 89.510 GC heap before
{Heap before GC invocations=51 (full 0):
 garbage-first heap   total 357376K, used 225644K [0x0000000080000000, 0x0000000100000000)
  region size 1024K, 46 young (47104K), 2 survivors (2048K)
 Metaspace       used 99586K, capacity 102185K, committed 102224K, reserved 1138688K
  class space    used 12362K, capacity 13311K, committed 13312K, reserved 1048576K
}
Event: 89.658 GC heap after
{Heap after GC invocations=52 (full 0):
 garbage-first heap   total 357376K, used 221184K [0x0000000080000000, 0x0000000100000000)
  region size 1024K, 6 young (6144K), 6 survivors (6144K)
 Metaspace       used 99586K, capacity 102185K, committed 102224K, reserved 1138688K
  class space    used 12362K, capacity 13311K, committed 13312K, reserved 1048576K
}
Event: 94.337 GC heap before
{Heap before GC invocations=53 (full 0):
 garbage-first heap   total 357376K, used 212992K [0x0000000080000000, 0x0000000100000000)
  region size 1024K, 38 young (38912K), 6 survivors (6144K)
 Metaspace       used 100889K, capacity 103576K, committed 103760K, reserved 1140736K
  class space    used 12500K, capacity 13456K, committed 13568K, reserved 1048576K
}
Event: 94.398 GC heap after
{Heap after GC invocations=54 (full 0):
 garbage-first heap   total 357376K, used 184791K [0x0000000080000000, 0x0000000100000000)
  region size 1024K, 5 young (5120K), 5 survivors (5120K)
 Metaspace       used 100889K, capacity 103576K, committed 103760K, reserved 1140736K
  class space    used 12500K, capacity 13456K, committed 13568K, reserved 1048576K
}
Event: 95.250 GC heap before
{Heap before GC invocations=54 (full 0):
 garbage-first heap   total 357376K, used 197079K [0x0000000080000000, 0x0000000100000000)
  region size 1024K, 17 young (17408K), 5 survivors (5120K)
 Metaspace       used 101296K, capacity 103975K, committed 104272K, reserved 1140736K
  class space    used 12536K, capacity 13503K, committed 13568K, reserved 1048576K
}
Event: 95.292 GC heap after
{Heap after GC invocations=55 (full 0):
 garbage-first heap   total 357376K, used 178556K [0x0000000080000000, 0x0000000100000000)
  region size 1024K, 1 young (1024K), 1 survivors (1024K)
 Metaspace       used 101296K, capacity 103975K, committed 104272K, reserved 1140736K
  class space    used 12536K, capacity 13503K, committed 13568K, reserved 1048576K
}
Event: 99.991 GC heap before
{Heap before GC invocations=55 (full 0):
 garbage-first heap   total 357376K, used 229756K [0x0000000080000000, 0x0000000100000000)
  region size 1024K, 51 young (52224K), 1 survivors (1024K)
 Metaspace       used 102365K, capacity 105084K, committed 105296K, reserved 1140736K
  class space    used 12585K, capacity 13547K, committed 13568K, reserved 1048576K
}

Deoptimization events (20 events):
Event: 99.741 Thread 0x00000239ec757800 Uncommon trap: trap_request=0xffffffc6 fr.pc=0x00000239da320550 relative=0x00000000000001f0
Event: 99.741 Thread 0x00000239ec757800 Uncommon trap: reason=bimorphic_or_optimized_type_check action=maybe_recompile pc=0x00000239da320550 method=org.gradle.cache.Cache.get(Ljava/lang/Object;Ljava/util/function/Supplier;)Ljava/lang/Object; @ 8 c2
Event: 99.741 Thread 0x00000239ec757800 DEOPT PACKING pc=0x00000239da320550 sp=0x000000e8776f9ba0
Event: 99.741 Thread 0x00000239ec757800 DEOPT UNPACKING pc=0x00000239d22da1a9 sp=0x000000e8776f9b60 mode 2
Event: 99.745 Thread 0x00000239ec757800 Uncommon trap: trap_request=0xffffffc6 fr.pc=0x00000239da320550 relative=0x00000000000001f0
Event: 99.745 Thread 0x00000239ec757800 Uncommon trap: reason=bimorphic_or_optimized_type_check action=maybe_recompile pc=0x00000239da320550 method=org.gradle.cache.Cache.get(Ljava/lang/Object;Ljava/util/function/Supplier;)Ljava/lang/Object; @ 8 c2
Event: 99.745 Thread 0x00000239ec757800 DEOPT PACKING pc=0x00000239da320550 sp=0x000000e8776f9ba0
Event: 99.745 Thread 0x00000239ec757800 DEOPT UNPACKING pc=0x00000239d22da1a9 sp=0x000000e8776f9b60 mode 2
Event: 99.755 Thread 0x00000239ec757800 Uncommon trap: trap_request=0xffffffc6 fr.pc=0x00000239da320550 relative=0x00000000000001f0
Event: 99.755 Thread 0x00000239ec757800 Uncommon trap: reason=bimorphic_or_optimized_type_check action=maybe_recompile pc=0x00000239da320550 method=org.gradle.cache.Cache.get(Ljava/lang/Object;Ljava/util/function/Supplier;)Ljava/lang/Object; @ 8 c2
Event: 99.755 Thread 0x00000239ec757800 DEOPT PACKING pc=0x00000239da320550 sp=0x000000e8776f9ba0
Event: 99.755 Thread 0x00000239ec757800 DEOPT UNPACKING pc=0x00000239d22da1a9 sp=0x000000e8776f9b60 mode 2
Event: 99.777 Thread 0x00000239ec757800 Uncommon trap: trap_request=0xffffff4d fr.pc=0x00000239da122860 relative=0x00000000000002a0
Event: 99.777 Thread 0x00000239ec757800 Uncommon trap: reason=unstable_if action=reinterpret pc=0x00000239da122860 method=org.objectweb.asm.Type.getTypeInternal(Ljava/lang/String;II)Lorg/objectweb/asm/Type; @ 5 c2
Event: 99.777 Thread 0x00000239ec757800 DEOPT PACKING pc=0x00000239da122860 sp=0x000000e8776f9310
Event: 99.777 Thread 0x00000239ec757800 DEOPT UNPACKING pc=0x00000239d22da1a9 sp=0x000000e8776f92e0 mode 2
Event: 99.778 Thread 0x00000239ec757800 Uncommon trap: trap_request=0xfffffff4 fr.pc=0x00000239da363d34 relative=0x00000000000047d4
Event: 99.778 Thread 0x00000239ec757800 Uncommon trap: reason=null_check action=make_not_entrant pc=0x00000239da363d34 method=org.gradle.api.internal.changedetection.state.CachingFileHasher.snapshot(Ljava/io/File;JJ)Lorg/gradle/api/internal/changedetection/state/CachingFileHasher$FileInfo; @ 31
Event: 99.778 Thread 0x00000239ec757800 DEOPT PACKING pc=0x00000239da363d34 sp=0x000000e8776f9b40
Event: 99.778 Thread 0x00000239ec757800 DEOPT UNPACKING pc=0x00000239d22da1a9 sp=0x000000e8776f9a48 mode 2

Classes redefined (0 events):
No events

Internal exceptions (20 events):
Event: 99.203 Thread 0x00000239ec757800 Exception <a 'sun/nio/fs/WindowsException'{0x0000000093237d90}> (0x0000000093237d90) thrown at [src/hotspot/share/prims/jni.cpp, line 617]
Event: 99.225 Thread 0x00000239ec757800 Exception <a 'sun/nio/fs/WindowsException'{0x000000009326f680}> (0x000000009326f680) thrown at [src/hotspot/share/prims/jni.cpp, line 617]
Event: 99.253 Thread 0x00000239ec757800 Exception <a 'sun/nio/fs/WindowsException'{0x000000009327ace0}> (0x000000009327ace0) thrown at [src/hotspot/share/prims/jni.cpp, line 617]
Event: 99.253 Thread 0x00000239ec757800 Exception <a 'sun/nio/fs/WindowsException'{0x000000009327bf18}> (0x000000009327bf18) thrown at [src/hotspot/share/prims/jni.cpp, line 617]
Event: 99.253 Thread 0x00000239ec757800 Exception <a 'sun/nio/fs/WindowsException'{0x000000009327cf78}> (0x000000009327cf78) thrown at [src/hotspot/share/prims/jni.cpp, line 617]
Event: 99.253 Thread 0x00000239ec757800 Exception <a 'sun/nio/fs/WindowsException'{0x000000009327e188}> (0x000000009327e188) thrown at [src/hotspot/share/prims/jni.cpp, line 617]
Event: 99.253 Thread 0x00000239ec757800 Exception <a 'sun/nio/fs/WindowsException'{0x000000009327e2e8}> (0x000000009327e2e8) thrown at [src/hotspot/share/prims/jni.cpp, line 617]
Event: 99.254 Thread 0x00000239ec757800 Exception <a 'sun/nio/fs/WindowsException'{0x0000000093280500}> (0x0000000093280500) thrown at [src/hotspot/share/prims/jni.cpp, line 617]
Event: 99.265 Thread 0x00000239ec757800 Exception <a 'sun/nio/fs/WindowsException'{0x000000009328c570}> (0x000000009328c570) thrown at [src/hotspot/share/prims/jni.cpp, line 617]
Event: 99.266 Thread 0x00000239ec757800 Exception <a 'sun/nio/fs/WindowsException'{0x000000009328d7f0}> (0x000000009328d7f0) thrown at [src/hotspot/share/prims/jni.cpp, line 617]
Event: 99.266 Thread 0x00000239ec757800 Exception <a 'sun/nio/fs/WindowsException'{0x000000009328e850}> (0x000000009328e850) thrown at [src/hotspot/share/prims/jni.cpp, line 617]
Event: 99.266 Thread 0x00000239ec757800 Exception <a 'sun/nio/fs/WindowsException'{0x000000009328fa98}> (0x000000009328fa98) thrown at [src/hotspot/share/prims/jni.cpp, line 617]
Event: 99.266 Thread 0x00000239ec757800 Exception <a 'sun/nio/fs/WindowsException'{0x000000009328fc20}> (0x000000009328fc20) thrown at [src/hotspot/share/prims/jni.cpp, line 617]
Event: 99.267 Thread 0x00000239ec757800 Exception <a 'sun/nio/fs/WindowsException'{0x0000000093291e70}> (0x0000000093291e70) thrown at [src/hotspot/share/prims/jni.cpp, line 617]
Event: 99.284 Thread 0x00000239ec757800 Exception <a 'sun/nio/fs/WindowsException'{0x000000009329bc80}> (0x000000009329bc80) thrown at [src/hotspot/share/prims/jni.cpp, line 617]
Event: 99.342 Thread 0x00000239ec757800 Exception <a 'sun/nio/fs/WindowsException'{0x000000009310a160}> (0x000000009310a160) thrown at [src/hotspot/share/prims/jni.cpp, line 617]
Event: 99.371 Thread 0x00000239ec757800 Exception <a 'sun/nio/fs/WindowsException'{0x0000000093110860}> (0x0000000093110860) thrown at [src/hotspot/share/prims/jni.cpp, line 617]
Event: 99.386 Thread 0x00000239ec757800 Exception <a 'sun/nio/fs/WindowsException'{0x000000009311af18}> (0x000000009311af18) thrown at [src/hotspot/share/prims/jni.cpp, line 617]
Event: 99.402 Thread 0x00000239ec757800 Exception <a 'sun/nio/fs/WindowsException'{0x000000009312ea18}> (0x000000009312ea18) thrown at [src/hotspot/share/prims/jni.cpp, line 617]
Event: 99.778 Thread 0x00000239ec757800 Implicit null exception at 0x00000239da35f7bc to 0x00000239da363d18

Events (20 events):
Event: 99.781 loading class it/unimi/dsi/fastutil/ints/IntList done
Event: 99.781 loading class org/gradle/internal/snapshot/SnapshotHierarchy
Event: 99.781 loading class org/gradle/internal/snapshot/SnapshotHierarchy done
Event: 99.781 loading class org/gradle/internal/watch/vfs/impl/WatchingVirtualFileSystem$3
Event: 99.781 loading class org/gradle/internal/watch/vfs/impl/WatchingVirtualFileSystem$3 done
Event: 99.781 loading class org/gradle/internal/snapshot/SnapshotHierarchy$NodeDiffListener
Event: 99.781 loading class org/gradle/internal/snapshot/SnapshotHierarchy$NodeDiffListener done
Event: 99.781 loading class org/gradle/internal/snapshot/SnapshotHierarchy
Event: 99.781 loading class org/gradle/internal/snapshot/SnapshotHierarchy done
Event: 99.782 loading class org/gradle/internal/snapshot/SnapshotHierarchy
Event: 99.782 loading class org/gradle/internal/snapshot/SnapshotHierarchy done
Event: 99.782 loading class org/gradle/internal/watch/vfs/impl/WatchingVirtualFileSystem$VfsChangeLoggingNodeDiffListener
Event: 99.782 loading class org/gradle/internal/watch/vfs/impl/WatchingVirtualFileSystem$VfsChangeLoggingNodeDiffListener done
Event: 99.783 loading class it/unimi/dsi/fastutil/ints/IntIterators$EmptyIterator
Event: 99.783 loading class it/unimi/dsi/fastutil/ints/IntIterators$EmptyIterator done
Event: 99.783 Executing VM operation: Deoptimize
Event: 99.785 Executing VM operation: Deoptimize done
Event: 99.821 loading class it/unimi/dsi/fastutil/ints/IntOpenHashSet$SetIterator
Event: 99.821 loading class it/unimi/dsi/fastutil/ints/IntOpenHashSet$SetIterator done
Event: 99.991 Executing VM operation: G1CollectForAllocation


Dynamic libraries:
0x00007ff6d3ef0000 - 0x00007ff6d3efa000 	C:\Program Files\Android\Android Studio1\jbr\bin\java.exe
0x00007ff97b670000 - 0x00007ff97b868000 	C:\Windows\SYSTEM32\ntdll.dll
0x00007ff97b570000 - 0x00007ff97b62f000 	C:\Windows\System32\KERNEL32.DLL
0x00007ff9792f0000 - 0x00007ff9795c2000 	C:\Windows\System32\KERNELBASE.dll
0x00007ff978d90000 - 0x00007ff978e90000 	C:\Windows\System32\ucrtbase.dll
0x00007ff9689e0000 - 0x00007ff9689f7000 	C:\Program Files\Android\Android Studio1\jbr\bin\jli.dll
0x00007ff97b280000 - 0x00007ff97b421000 	C:\Windows\System32\USER32.dll
0x00007ff978d60000 - 0x00007ff978d82000 	C:\Windows\System32\win32u.dll
0x00007ff979cd0000 - 0x00007ff979cfb000 	C:\Windows\System32\GDI32.dll
0x00007ff978e90000 - 0x00007ff978f9f000 	C:\Windows\System32\gdi32full.dll
0x00007ff9791c0000 - 0x00007ff97925d000 	C:\Windows\System32\msvcp_win.dll
0x00007ff972d40000 - 0x00007ff972d5b000 	C:\Program Files\Android\Android Studio1\jbr\bin\VCRUNTIME140.dll
0x00007ff965c90000 - 0x00007ff965f2a000 	C:\Windows\WinSxS\amd64_microsoft.windows.common-controls_6595b64144ccf1df_6.0.19041.1110_none_60b5254171f9507e\COMCTL32.dll
0x00007ff97aeb0000 - 0x00007ff97af4e000 	C:\Windows\System32\msvcrt.dll
0x00007ff97a300000 - 0x00007ff97a332000 	C:\Windows\System32\IMM32.DLL
0x00007ff955ce0000 - 0x00007ff955d6d000 	C:\Program Files\Android\Android Studio1\jbr\bin\msvcp140.dll
0x00007ff96aee0000 - 0x00007ff96aeec000 	C:\Windows\SYSTEM32\VCRUNTIME140_1.dll
0x00007ff943ce0000 - 0x00007ff94489c000 	C:\Program Files\Android\Android Studio1\jbr\bin\server\jvm.dll
0x00007ff97a3f0000 - 0x00007ff97a49e000 	C:\Windows\System32\ADVAPI32.dll
0x00007ff979730000 - 0x00007ff9797cc000 	C:\Windows\System32\sechost.dll
0x00007ff97af60000 - 0x00007ff97b085000 	C:\Windows\System32\RPCRT4.dll
0x00007ff979c60000 - 0x00007ff979c68000 	C:\Windows\System32\PSAPI.DLL
0x00007ff96af10000 - 0x00007ff96af19000 	C:\Windows\SYSTEM32\WSOCK32.dll
0x00007ff97b210000 - 0x00007ff97b27b000 	C:\Windows\System32\WS2_32.dll
0x00007ff967c80000 - 0x00007ff967ca7000 	C:\Windows\SYSTEM32\WINMM.dll
0x00007ff967a30000 - 0x00007ff967a3a000 	C:\Windows\SYSTEM32\VERSION.dll
0x00007ff976c20000 - 0x00007ff976c32000 	C:\Windows\SYSTEM32\kernel.appcore.dll
0x00007ff96aed0000 - 0x00007ff96aee0000 	C:\Program Files\Android\Android Studio1\jbr\bin\verify.dll
0x00007ff96ecf0000 - 0x00007ff96eed4000 	C:\Windows\SYSTEM32\DBGHELP.DLL
0x00007ff96eb20000 - 0x00007ff96eb55000 	C:\Windows\SYSTEM32\dbgcore.DLL
0x00007ff979260000 - 0x00007ff9792e2000 	C:\Windows\System32\bcryptPrimitives.dll
0x00007ff96aea0000 - 0x00007ff96aec8000 	C:\Program Files\Android\Android Studio1\jbr\bin\java.dll
0x00007ff96a230000 - 0x00007ff96a23a000 	C:\Program Files\Android\Android Studio1\jbr\bin\jimage.dll
0x00007ff9689c0000 - 0x00007ff9689d8000 	C:\Program Files\Android\Android Studio1\jbr\bin\zip.dll
0x00007ff97a5b0000 - 0x00007ff97acf4000 	C:\Windows\System32\SHELL32.dll
0x00007ff976e20000 - 0x00007ff9775b2000 	C:\Windows\SYSTEM32\windows.storage.dll
0x00007ff9797d0000 - 0x00007ff979b25000 	C:\Windows\System32\combase.dll
0x00007ff9786e0000 - 0x00007ff978710000 	C:\Windows\SYSTEM32\Wldp.dll
0x00007ff97a4a0000 - 0x00007ff97a54d000 	C:\Windows\System32\SHCORE.dll
0x00007ff979c70000 - 0x00007ff979cc5000 	C:\Windows\System32\shlwapi.dll
0x00007ff978ca0000 - 0x00007ff978cbf000 	C:\Windows\SYSTEM32\profapi.dll
0x00007ff958a90000 - 0x00007ff958aa9000 	C:\Program Files\Android\Android Studio1\jbr\bin\net.dll
0x00007ff96e180000 - 0x00007ff96e28c000 	C:\Windows\SYSTEM32\WINHTTP.dll
0x00007ff978440000 - 0x00007ff9784aa000 	C:\Windows\system32\mswsock.dll
0x00007ff945250000 - 0x00007ff945263000 	C:\Program Files\Android\Android Studio1\jbr\bin\nio.dll
0x00007ff960a70000 - 0x00007ff960a97000 	C:\Users\hafiz\.gradle\native\e1d6ef7f7dcc3fd88c89a11ec53ec762bb8ba0a96d01ffa2cd45eb1d1d8dd5c5\windows-amd64\native-platform.dll
0x00007ff968a70000 - 0x00007ff968bb4000 	C:\Users\hafiz\.gradle\native\5664cfc778a61ccfe75a443a1ab52a65af34e5dc3c78e0209fed803814484fcb\windows-amd64\native-platform-file-events.dll
0x00007ff96a220000 - 0x00007ff96a22a000 	C:\Program Files\Android\Android Studio1\jbr\bin\management.dll
0x00007ff96a180000 - 0x00007ff96a18b000 	C:\Program Files\Android\Android Studio1\jbr\bin\management_ext.dll
0x00007ff978630000 - 0x00007ff978648000 	C:\Windows\SYSTEM32\CRYPTSP.dll
0x00007ff977d60000 - 0x00007ff977d94000 	C:\Windows\system32\rsaenh.dll
0x00007ff9795d0000 - 0x00007ff9795f7000 	C:\Windows\System32\bcrypt.dll
0x00007ff978c20000 - 0x00007ff978c4e000 	C:\Windows\SYSTEM32\USERENV.dll
0x00007ff978650000 - 0x00007ff97865c000 	C:\Windows\SYSTEM32\CRYPTBASE.dll
0x00007ff978130000 - 0x00007ff97816b000 	C:\Windows\SYSTEM32\IPHLPAPI.DLL
0x00007ff97af50000 - 0x00007ff97af58000 	C:\Windows\System32\NSI.dll
0x00007ff96e9f0000 - 0x00007ff96ea07000 	C:\Windows\SYSTEM32\dhcpcsvc6.DLL
0x00007ff96fdf0000 - 0x00007ff96fe0d000 	C:\Windows\SYSTEM32\dhcpcsvc.DLL
0x00007ff978170000 - 0x00007ff97823a000 	C:\Windows\SYSTEM32\DNSAPI.dll

dbghelp: loaded successfully - version: 4.0.5 - missing functions: none
symbol engine: initialized successfully - sym options: 0x614 - pdb path: .;C:\Program Files\Android\Android Studio1\jbr\bin;C:\Windows\SYSTEM32;C:\Windows\WinSxS\amd64_microsoft.windows.common-controls_6595b64144ccf1df_6.0.19041.1110_none_60b5254171f9507e;C:\Program Files\Android\Android Studio1\jbr\bin\server;C:\Users\hafiz\.gradle\native\e1d6ef7f7dcc3fd88c89a11ec53ec762bb8ba0a96d01ffa2cd45eb1d1d8dd5c5\windows-amd64;C:\Users\hafiz\.gradle\native\5664cfc778a61ccfe75a443a1ab52a65af34e5dc3c78e0209fed803814484fcb\windows-amd64

VM Arguments:
jvm_args: --add-opens=java.base/java.util=ALL-UNNAMED --add-opens=java.base/java.lang=ALL-UNNAMED --add-opens=java.base/java.lang.invoke=ALL-UNNAMED --add-opens=java.base/java.util=ALL-UNNAMED --add-opens=java.prefs/java.util.prefs=ALL-UNNAMED --add-opens=java.prefs/java.util.prefs=ALL-UNNAMED --add-opens=java.base/java.nio.charset=ALL-UNNAMED --add-opens=java.base/java.net=ALL-UNNAMED --add-opens=java.base/java.util.concurrent.atomic=ALL-UNNAMED -Xmx2048m -Dfile.encoding=UTF-8 -Duser.country=US -Duser.language=en -Duser.variant 
java_command: org.gradle.launcher.daemon.bootstrap.GradleDaemon 7.2
java_class_path (initial): C:\Users\hafiz\.gradle\wrapper\dists\gradle-7.2-bin\2dnblmf4td7x66yl1d74lt32g\gradle-7.2\lib\gradle-launcher-7.2.jar
Launcher Type: SUN_STANDARD

[Global flags]
     intx CICompilerCount                          = 2                                         {product} {ergonomic}
     uint ConcGCThreads                            = 1                                         {product} {ergonomic}
     uint G1ConcRefinementThreads                  = 2                                         {product} {ergonomic}
   size_t G1HeapRegionSize                         = 1048576                                   {product} {ergonomic}
    uintx GCDrainStackTargetSize                   = 64                                        {product} {ergonomic}
   size_t InitialHeapSize                          = 134217728                                 {product} {ergonomic}
   size_t MarkStackSize                            = 4194304                                   {product} {ergonomic}
   size_t MaxHeapSize                              = 2147483648                                {product} {command line}
   size_t MaxNewSize                               = 1287651328                                {product} {ergonomic}
   size_t MinHeapDeltaBytes                        = 1048576                                   {product} {ergonomic}
    uintx NonNMethodCodeHeapSize                   = 5825164                                {pd product} {ergonomic}
    uintx NonProfiledCodeHeapSize                  = 122916538                              {pd product} {ergonomic}
    uintx ProfiledCodeHeapSize                     = 122916538                              {pd product} {ergonomic}
    uintx ReservedCodeCacheSize                    = 251658240                              {pd product} {ergonomic}
     bool SegmentedCodeCache                       = true                                      {product} {ergonomic}
     bool UseCompressedClassPointers               = true                                 {lp64_product} {ergonomic}
     bool UseCompressedOops                        = true                                 {lp64_product} {ergonomic}
     bool UseG1GC                                  = true                                      {product} {ergonomic}
     bool UseLargePagesIndividualAllocation        = false                                  {pd product} {ergonomic}

Logging:
Log output configuration:
 #0: stdout all=warning uptime,level,tags
 #1: stderr all=off uptime,level,tags

Environment Variables:
JAVA_HOME=C:\Program Files\Java\jdk-19
PATH=C:\Program Files\Common Files\Oracle\Java\javapath;C:\Windows\system32;C:\Windows;C:\Windows\System32\Wbem;C:\Windows\System32\WindowsPowerShell\v1.0\;C:\Windows\System32\OpenSSH\;C:\Users\hafiz\AppData\Local\Temp\jdk-18.0.1.1\bin;C:\Users\hafiz\flutter\bin;C:\Program Files\Git\cmd;C:\flutter\bin;C:\Program Files\Java\jdk-19;C:\Users\hafiz\AppData\Local\Microsoft\WindowsApps;C:\flutter\bin;C:\Users\hafiz\.jdks\liberica-1.8.0_333\bin;C:\Program Files\Java\jdk-19;
USERNAME=hafiz
OS=Windows_NT
PROCESSOR_IDENTIFIER=Intel64 Family 6 Model 58 Stepping 9, GenuineIntel



---------------  S Y S T E M  ---------------

OS: Windows 10 , 64 bit Build 19041 (10.0.19041.2364)
OS uptime: 6 days 16:08 hours

CPU:total 2 (initial active 2) (2 cores per cpu, 1 threads per core) family 6 model 58 stepping 9 microcode 0x21, cmov, cx8, fxsr, mmx, sse, sse2, sse3, ssse3, sse4.1, sse4.2, popcnt, clmul, erms, tsc, tscinvbit, tscinv

Memory: 4k page, system-wide physical 8067M (348M free)
TotalPageFile size 23263M (AvailPageFile size 173M)
current process WorkingSet (physical memory assigned to process): 410M, peak: 463M
current process commit charge ("private bytes"): 659M, peak: 833M

vm_info: OpenJDK 64-Bit Server VM (11.0.15+0-b2043.56-8887301) for windows-amd64 JRE (11.0.15+0-b2043.56-8887301), built on Jul 29 2022 23:19:47 by "builduser" with unknown MS VC++:1929

END.
