#
# There is insufficient memory for the Java Runtime Environment to continue.
# Native memory allocation (mmap) failed to map 306184192 bytes for Failed to commit area from 0x0000000092400000 to 0x00000000a4800000 of length 306184192.
# Possible reasons:
#   The system is out of physical RAM or swap space
#   The process is running with CompressedOops enabled, and the Java Heap may be blocking the growth of the native heap
# Possible solutions:
#   Reduce memory load on the system
#   Increase physical memory or swap space
#   Check if swap backing store is full
#   Decrease Java heap size (-Xmx/-Xms)
#   Decrease number of Java threads
#   Decrease Java thread stack sizes (-Xss)
#   Set larger code cache with -XX:ReservedCodeCacheSize=
#   JVM is running with Unscaled Compressed Oops mode in which the Java heap is
#     placed in the first 4GB address space. The Java Heap base address is the
#     maximum limit for the native heap growth. Please use -XX:HeapBaseMinAddress
#     to set the Java Heap base and to place the Java Heap above 4GB virtual address.
# This output file may be truncated or incomplete.
#
#  Out of Memory Error (src/hotspot/os/windows/os_windows.cpp:3627), pid=14076, tid=13688
#
# JRE version: OpenJDK Runtime Environment (11.0.15) (build 11.0.15+0-b2043.56-8887301)
# Java VM: OpenJDK 64-Bit Server VM (11.0.15+0-b2043.56-8887301, mixed mode, tiered, compressed oops, g1 gc, windows-amd64)
# No core dump will be written. Minidumps are not enabled by default on client versions of Windows
#

---------------  S U M M A R Y ------------

Command Line: --add-opens=java.base/java.util=ALL-UNNAMED --add-opens=java.base/java.lang=ALL-UNNAMED --add-opens=java.base/java.lang.invoke=ALL-UNNAMED --add-opens=java.base/java.util=ALL-UNNAMED --add-opens=java.prefs/java.util.prefs=ALL-UNNAMED --add-opens=java.prefs/java.util.prefs=ALL-UNNAMED --add-opens=java.base/java.nio.charset=ALL-UNNAMED --add-opens=java.base/java.net=ALL-UNNAMED --add-opens=java.base/java.util.concurrent.atomic=ALL-UNNAMED -Xmx2048m -Dfile.encoding=UTF-8 -Duser.country=US -Duser.language=en -Duser.variant org.gradle.launcher.daemon.bootstrap.GradleDaemon 7.2

Host: Intel(R) Celeron(R) CPU 1005M @ 1.90GHz, 2 cores, 7G,  Windows 10 , 64 bit Build 19041 (10.0.19041.2364)
Time: Sun Feb 26 21:04:18 2023 Pacific Standard Time elapsed time: 87.925949 seconds (0d 0h 1m 27s)

---------------  T H R E A D  ---------------

Current thread (0x000001ad7a4f3000):  VMThread "VM Thread" [stack: 0x0000008083e00000,0x0000008083f00000] [id=13688]

Stack: [0x0000008083e00000,0x0000008083f00000]
[error occurred during error reporting (printing stack bounds), id 0xc0000005, EXCEPTION_ACCESS_VIOLATION (0xc0000005) at pc=0x000001ad6475113d]

Native frames: (J=compiled Java code, j=interpreted, Vv=VM code, C=native code)
V  [jvm.dll+0x64135a]
V  [jvm.dll+0x7d39f9]
V  [jvm.dll+0x7d51b9]
V  [jvm.dll+0x7d5805]
V  [jvm.dll+0x7d57bb]
V  [jvm.dll+0x640655]
V  [jvm.dll+0x640d68]
C  [ntdll.dll+0xa241f]
C  [ntdll.dll+0x514a4]
C  [ntdll.dll+0xa0f4e]
C  0x000001ad6475113d

VM_Operation (0x0000008087cf7ea0): G1CollectForAllocation, mode: safepoint, requested by thread 0x000001ad7d93f000


---------------  P R O C E S S  ---------------

Threads class SMR info:
_java_thread_list=0x000001ad033e7000, length=59, elements={
0x000001ad5eb8b800, 0x000001ad7a4f6800, 0x000001ad7a4fa000, 0x000001ad7ad93800,
0x000001ad7a515800, 0x000001ad7a517800, 0x000001ad7a51b000, 0x000001ad7a54e800,
0x000001ad7adc8800, 0x000001ad7aebd000, 0x000001ad7c68a800, 0x000001ad7c450800,
0x000001ad7c82c000, 0x000001ad7c33e800, 0x000001ad7c879000, 0x000001ad7bdec000,
0x000001ad7bded000, 0x000001ad7bb55000, 0x000001ad7bb24000, 0x000001ad7c7ac800,
0x000001ad7c7ad800, 0x000001ad7c7ab000, 0x000001ad7c7ac000, 0x000001ad7b067000,
0x000001ad7b06c000, 0x000001ad7b066800, 0x000001ad7b06d800, 0x000001ad7b069000,
0x000001ad7b06d000, 0x000001ad7b068000, 0x000001ad7b06e800, 0x000001ad7b06b000,
0x000001ad7b069800, 0x000001ad7b070000, 0x000001ad7b06a800, 0x000001ad7b071000,
0x000001ad7b072000, 0x000001ad7b075000, 0x000001ad7b072800, 0x000001ad7b074000,
0x000001ad7b073800, 0x000001ad7d936800, 0x000001ad7d935000, 0x000001ad7d931800,
0x000001ad7d932800, 0x000001ad7d931000, 0x000001ad7d937800, 0x000001ad7d936000,
0x000001ad7d934000, 0x000001ad7d938000, 0x000001ad7d939000, 0x000001ad7d933800,
0x000001ad7d93f800, 0x000001ad7d93a800, 0x000001ad7d93b800, 0x000001ad7d93d000,
0x000001ad7d93f000, 0x000001ad7d93c800, 0x000001ad7d93a000
}

Java Threads: ( => current thread )
  0x000001ad5eb8b800 JavaThread "main" [_thread_blocked, id=16524, stack(0x0000008083800000,0x0000008083900000)]
  0x000001ad7a4f6800 JavaThread "Reference Handler" daemon [_thread_blocked, id=5320, stack(0x0000008083f00000,0x0000008084000000)]
  0x000001ad7a4fa000 JavaThread "Finalizer" daemon [_thread_blocked, id=17244, stack(0x0000008084000000,0x0000008084100000)]
  0x000001ad7ad93800 JavaThread "Signal Dispatcher" daemon [_thread_blocked, id=20940, stack(0x0000008084100000,0x0000008084200000)]
  0x000001ad7a515800 JavaThread "Attach Listener" daemon [_thread_blocked, id=19492, stack(0x0000008084200000,0x0000008084300000)]
  0x000001ad7a517800 JavaThread "Service Thread" daemon [_thread_blocked, id=17856, stack(0x0000008084300000,0x0000008084400000)]
  0x000001ad7a51b000 JavaThread "C2 CompilerThread0" daemon [_thread_blocked, id=7564, stack(0x0000008084400000,0x0000008084500000)]
  0x000001ad7a54e800 JavaThread "C1 CompilerThread0" daemon [_thread_blocked, id=19028, stack(0x0000008084500000,0x0000008084600000)]
  0x000001ad7adc8800 JavaThread "Sweeper thread" daemon [_thread_blocked, id=3168, stack(0x0000008084600000,0x0000008084700000)]
  0x000001ad7aebd000 JavaThread "Common-Cleaner" daemon [_thread_blocked, id=22496, stack(0x0000008084700000,0x0000008084800000)]
  0x000001ad7c68a800 JavaThread "Daemon health stats" [_thread_blocked, id=13484, stack(0x0000008084a00000,0x0000008084b00000)]
  0x000001ad7c450800 JavaThread "Incoming local TCP Connector on port 7350" [_thread_in_native, id=21628, stack(0x0000008084b00000,0x0000008084c00000)]
  0x000001ad7c82c000 JavaThread "Daemon periodic checks" [_thread_blocked, id=12272, stack(0x0000008084c00000,0x0000008084d00000)]
  0x000001ad7c33e800 JavaThread "Daemon" [_thread_blocked, id=14632, stack(0x0000008084d00000,0x0000008084e00000)]
  0x000001ad7c879000 JavaThread "Handler for socket connection from /127.0.0.1:7350 to /127.0.0.1:7351" [_thread_in_native, id=2176, stack(0x0000008084e00000,0x0000008084f00000)]
  0x000001ad7bdec000 JavaThread "Cancel handler" [_thread_blocked, id=16740, stack(0x0000008084f00000,0x0000008085000000)]
  0x000001ad7bded000 JavaThread "Daemon worker" [_thread_blocked, id=15632, stack(0x0000008085000000,0x0000008085100000)]
  0x000001ad7bb55000 JavaThread "Asynchronous log dispatcher for DefaultDaemonConnection: socket connection from /127.0.0.1:7350 to /127.0.0.1:7351" [_thread_blocked, id=5140, stack(0x0000008085100000,0x0000008085200000)]
  0x000001ad7bb24000 JavaThread "Daemon client event forwarder" [_thread_blocked, id=9292, stack(0x0000008085300000,0x0000008085400000)]
  0x000001ad7c7ac800 JavaThread "Cache worker for journal cache (C:\Users\hafiz\.gradle\caches\journal-1)" [_thread_blocked, id=3900, stack(0x0000008085500000,0x0000008085600000)]
  0x000001ad7c7ad800 JavaThread "File lock request listener" [_thread_in_native, id=3556, stack(0x0000008085600000,0x0000008085700000)]
  0x000001ad7c7ab000 JavaThread "Cache worker for file hash cache (C:\Users\hafiz\.gradle\caches\7.2\fileHashes)" [_thread_blocked, id=19132, stack(0x0000008085700000,0x0000008085800000)]
  0x000001ad7c7ac000 JavaThread "Cache worker for file hash cache (C:\Users\hafiz\StudioProjects\Customer_Tracking\.gradle\7.2\fileHashes)" [_thread_blocked, id=19792, stack(0x0000008085800000,0x0000008085900000)]
  0x000001ad7b067000 JavaThread "File watcher server" daemon [_thread_blocked, id=21112, stack(0x0000008085900000,0x0000008085a00000)]
  0x000001ad7b06c000 JavaThread "File watcher consumer" daemon [_thread_blocked, id=1220, stack(0x0000008085a00000,0x0000008085b00000)]
  0x000001ad7b066800 JavaThread "Cache worker for checksums cache (C:\Users\hafiz\StudioProjects\Customer_Tracking\.gradle\checksums)" [_thread_blocked, id=18032, stack(0x0000008085b00000,0x0000008085c00000)]
  0x000001ad7b06d800 JavaThread "Cache worker for cache directory md-supplier (C:\Users\hafiz\.gradle\caches\7.2\md-supplier)" [_thread_blocked, id=18500, stack(0x0000008085c00000,0x0000008085d00000)]
  0x000001ad7b069000 JavaThread "Cache worker for cache directory md-rule (C:\Users\hafiz\.gradle\caches\7.2\md-rule)" [_thread_blocked, id=10168, stack(0x0000008085d00000,0x0000008085e00000)]
  0x000001ad7b06d000 JavaThread "Cache worker for execution history cache (C:\Users\hafiz\.gradle\caches\7.2\executionHistory)" [_thread_blocked, id=14836, stack(0x0000008085e00000,0x0000008085f00000)]
  0x000001ad7b068000 JavaThread "jar transforms" [_thread_blocked, id=16160, stack(0x0000008085f00000,0x0000008086000000)]
  0x000001ad7b06e800 JavaThread "jar transforms Thread 2" [_thread_blocked, id=11580, stack(0x0000008086000000,0x0000008086100000)]
  0x000001ad7b06b000 JavaThread "Cache worker for file content cache (C:\Users\hafiz\.gradle\caches\7.2\fileContent)" [_thread_blocked, id=2436, stack(0x0000008086100000,0x0000008086200000)]
  0x000001ad7b069800 JavaThread "Cache worker for dependencies-accessors (C:\Users\hafiz\StudioProjects\Customer_Tracking\.gradle\7.2\dependencies-accessors)" [_thread_blocked, id=2052, stack(0x0000008086200000,0x0000008086300000)]
  0x000001ad7b070000 JavaThread "Cache worker for Build Output Cleanup Cache (C:\Users\hafiz\StudioProjects\Customer_Tracking\.gradle\buildOutputCleanup)" [_thread_blocked, id=21512, stack(0x0000008086300000,0x0000008086400000)]
  0x000001ad7b06a800 JavaThread "Unconstrained build operations" [_thread_blocked, id=10120, stack(0x0000008086400000,0x0000008086500000)]
  0x000001ad7b071000 JavaThread "Unconstrained build operations Thread 2" [_thread_blocked, id=16844, stack(0x0000008086500000,0x0000008086600000)]
  0x000001ad7b072000 JavaThread "Unconstrained build operations Thread 3" [_thread_blocked, id=10248, stack(0x0000008086600000,0x0000008086700000)]
  0x000001ad7b075000 JavaThread "Unconstrained build operations Thread 4" [_thread_blocked, id=14980, stack(0x0000008086700000,0x0000008086800000)]
  0x000001ad7b072800 JavaThread "Unconstrained build operations Thread 5" [_thread_blocked, id=2044, stack(0x0000008086800000,0x0000008086900000)]
  0x000001ad7b074000 JavaThread "Unconstrained build operations Thread 6" [_thread_blocked, id=3568, stack(0x0000008086900000,0x0000008086a00000)]
  0x000001ad7b073800 JavaThread "Unconstrained build operations Thread 7" [_thread_blocked, id=16116, stack(0x0000008086a00000,0x0000008086b00000)]
  0x000001ad7d936800 JavaThread "Unconstrained build operations Thread 8" [_thread_blocked, id=20284, stack(0x0000008086b00000,0x0000008086c00000)]
  0x000001ad7d935000 JavaThread "Unconstrained build operations Thread 9" [_thread_blocked, id=1096, stack(0x0000008086c00000,0x0000008086d00000)]
  0x000001ad7d931800 JavaThread "Unconstrained build operations Thread 10" [_thread_blocked, id=11432, stack(0x0000008086d00000,0x0000008086e00000)]
  0x000001ad7d932800 JavaThread "Unconstrained build operations Thread 11" [_thread_blocked, id=7756, stack(0x0000008086e00000,0x0000008086f00000)]
  0x000001ad7d931000 JavaThread "Unconstrained build operations Thread 12" [_thread_blocked, id=18752, stack(0x0000008086f00000,0x0000008087000000)]
  0x000001ad7d937800 JavaThread "Unconstrained build operations Thread 13" [_thread_blocked, id=1908, stack(0x0000008087000000,0x0000008087100000)]
  0x000001ad7d936000 JavaThread "Unconstrained build operations Thread 14" [_thread_blocked, id=22192, stack(0x0000008087100000,0x0000008087200000)]
  0x000001ad7d934000 JavaThread "Unconstrained build operations Thread 15" [_thread_blocked, id=12100, stack(0x0000008087200000,0x0000008087300000)]
  0x000001ad7d938000 JavaThread "Unconstrained build operations Thread 16" [_thread_blocked, id=15312, stack(0x0000008087300000,0x0000008087400000)]
  0x000001ad7d939000 JavaThread "Unconstrained build operations Thread 17" [_thread_blocked, id=4584, stack(0x0000008087400000,0x0000008087500000)]
  0x000001ad7d933800 JavaThread "Unconstrained build operations Thread 18" [_thread_blocked, id=21028, stack(0x0000008087500000,0x0000008087600000)]
  0x000001ad7d93f800 JavaThread "Unconstrained build operations Thread 19" [_thread_blocked, id=22388, stack(0x0000008087600000,0x0000008087700000)]
  0x000001ad7d93a800 JavaThread "Unconstrained build operations Thread 20" [_thread_blocked, id=10472, stack(0x0000008087700000,0x0000008087800000)]
  0x000001ad7d93b800 JavaThread "Memory manager" [_thread_blocked, id=17352, stack(0x0000008087800000,0x0000008087900000)]
  0x000001ad7d93d000 JavaThread "build event listener" [_thread_blocked, id=15184, stack(0x0000008087b00000,0x0000008087c00000)]
  0x000001ad7d93f000 JavaThread "Execution worker for ':'" [_thread_blocked, id=19100, stack(0x0000008087c00000,0x0000008087d00000)]
  0x000001ad7d93c800 JavaThread "Cache worker for execution history cache (C:\Users\hafiz\StudioProjects\Customer_Tracking\.gradle\7.2\executionHistory)" [_thread_blocked, id=21168, stack(0x0000008087d00000,0x0000008087e00000)]
  0x000001ad7d93a000 JavaThread "Cache worker for Java compile cache (C:\Users\hafiz\.gradle\caches\7.2\javaCompile)" [_thread_blocked, id=12544, stack(0x0000008083600000,0x0000008083700000)]

Other Threads:
=>0x000001ad7a4f3000 VMThread "VM Thread" [stack: 0x0000008083e00000,0x0000008083f00000] [id=13688]
  0x000001ad7aee9000 WatcherThread [stack: 0x0000008084800000,0x0000008084900000] [id=4724]
  0x000001ad60c3b000 GCTaskThread "GC Thread#0" [stack: 0x0000008083900000,0x0000008083a00000] [id=13916]
  0x000001ad7b0a4000 GCTaskThread "GC Thread#1" [stack: 0x0000008084900000,0x0000008084a00000] [id=22072]
  0x000001ad60c6d800 ConcurrentGCThread "G1 Main Marker" [stack: 0x0000008083a00000,0x0000008083b00000] [id=11212]
  0x000001ad60c6e800 ConcurrentGCThread "G1 Conc#0" [stack: 0x0000008083b00000,0x0000008083c00000] [id=4812]
  0x000001ad60cf0800 ConcurrentGCThread "G1 Refine#0" [stack: 0x0000008083c00000,0x0000008083d00000] [id=20416]
  0x000001ad7c50e000 ConcurrentGCThread "G1 Refine#1" [stack: 0x0000008085400000,0x0000008085500000] [id=18240]
  0x000001ad60cf1800 ConcurrentGCThread "G1 Young RemSet Sampling" [stack: 0x0000008083d00000,0x0000008083e00000] [id=19024]

Threads with active compile tasks:
C2 CompilerThread0    87969 13007   !   4       com.sun.tools.javac.code.ClassFinder::fillIn (324 bytes)

VM state:at safepoint (normal execution)

VM Mutex/Monitor currently owned by a thread:  ([mutex/lock_event])
[0x000001ad60c21d90] Threads_lock - owner thread: 0x000001ad7a4f3000
[0x000001ad60c21010] Heap_lock - owner thread: 0x000001ad7d93f000

Heap address: 0x0000000080000000, size: 2048 MB, Compressed Oops mode: 32-bit
Narrow klass base: 0x0000000000000000, Narrow klass shift: 3
Compressed class space size: 1073741824 Address: 0x0000000100000000

Heap:
 garbage-first heap   total 598016K, used 224768K [0x0000000080000000, 0x0000000100000000)
  region size 1024K, 3 young (3072K), 3 survivors (3072K)
 Metaspace       used 99556K, capacity 102149K, committed 102352K, reserved 1138688K
  class space    used 12372K, capacity 13319K, committed 13440K, reserved 1048576K
Heap Regions: E=young(eden), S=young(survivor), O=old, HS=humongous(starts), HC=humongous(continues), CS=collection set, F=free, A=archive, TAMS=top-at-mark-start (previous, next)
|   0|0x0000000080000000, 0x0000000080100000, 0x0000000080100000|100%| O|  |TAMS 0x0000000080100000, 0x0000000080000000| Untracked 
|   1|0x0000000080100000, 0x0000000080200000, 0x0000000080200000|100%| O|  |TAMS 0x0000000080200000, 0x0000000080100000| Untracked 
|   2|0x0000000080200000, 0x0000000080300000, 0x0000000080300000|100%| O|  |TAMS 0x0000000080300000, 0x0000000080200000| Untracked 
|   3|0x0000000080300000, 0x0000000080400000, 0x0000000080400000|100%| O|  |TAMS 0x0000000080400000, 0x0000000080300000| Untracked 
|   4|0x0000000080400000, 0x0000000080500000, 0x0000000080500000|100%|HS|  |TAMS 0x0000000080500000, 0x0000000080400000| Complete 
|   5|0x0000000080500000, 0x0000000080600000, 0x0000000080600000|100%|HC|  |TAMS 0x0000000080600000, 0x0000000080500000| Complete 
|   6|0x0000000080600000, 0x0000000080700000, 0x0000000080700000|100%|HC|  |TAMS 0x0000000080700000, 0x0000000080600000| Complete 
|   7|0x0000000080700000, 0x0000000080800000, 0x0000000080800000|100%| O|  |TAMS 0x0000000080800000, 0x0000000080700000| Untracked 
|   8|0x0000000080800000, 0x0000000080900000, 0x0000000080900000|100%| O|  |TAMS 0x0000000080900000, 0x0000000080800000| Untracked 
|   9|0x0000000080900000, 0x0000000080a00000, 0x0000000080a00000|100%| O|  |TAMS 0x0000000080a00000, 0x0000000080900000| Untracked 
|  10|0x0000000080a00000, 0x0000000080b00000, 0x0000000080b00000|100%| O|  |TAMS 0x0000000080b00000, 0x0000000080a00000| Untracked 
|  11|0x0000000080b00000, 0x0000000080c00000, 0x0000000080c00000|100%| O|  |TAMS 0x0000000080c00000, 0x0000000080b00000| Complete 
|  12|0x0000000080c00000, 0x0000000080d00000, 0x0000000080d00000|100%| O|  |TAMS 0x0000000080d00000, 0x0000000080c00000| Complete 
|  13|0x0000000080d00000, 0x0000000080e00000, 0x0000000080e00000|100%| O|  |TAMS 0x0000000080e00000, 0x0000000080d00000| Untracked 
|  14|0x0000000080e00000, 0x0000000080f00000, 0x0000000080f00000|100%| O|  |TAMS 0x0000000080f00000, 0x0000000080e00000| Untracked 
|  15|0x0000000080f00000, 0x0000000081000000, 0x0000000081000000|100%| O|  |TAMS 0x0000000081000000, 0x0000000080f00000| Complete 
|  16|0x0000000081000000, 0x0000000081100000, 0x0000000081100000|100%|HS|  |TAMS 0x0000000081100000, 0x0000000081000000| Complete 
|  17|0x0000000081100000, 0x0000000081200000, 0x0000000081200000|100%| O|  |TAMS 0x0000000081200000, 0x0000000081100000| Untracked 
|  18|0x0000000081200000, 0x0000000081300000, 0x0000000081300000|100%| O|  |TAMS 0x0000000081300000, 0x0000000081200000| Untracked 
|  19|0x0000000081300000, 0x0000000081400000, 0x0000000081400000|100%| O|  |TAMS 0x0000000081400000, 0x0000000081300000| Untracked 
|  20|0x0000000081400000, 0x0000000081500000, 0x0000000081500000|100%| O|  |TAMS 0x0000000081500000, 0x0000000081400000| Untracked 
|  21|0x0000000081500000, 0x0000000081600000, 0x0000000081600000|100%| O|  |TAMS 0x0000000081600000, 0x0000000081500000| Complete 
|  22|0x0000000081600000, 0x0000000081700000, 0x0000000081700000|100%| O|  |TAMS 0x0000000081700000, 0x0000000081600000| Complete 
|  23|0x0000000081700000, 0x0000000081800000, 0x0000000081800000|100%| O|  |TAMS 0x0000000081800000, 0x0000000081700000| Untracked 
|  24|0x0000000081800000, 0x0000000081900000, 0x0000000081900000|100%| O|  |TAMS 0x0000000081900000, 0x0000000081800000| Untracked 
|  25|0x0000000081900000, 0x0000000081a00000, 0x0000000081a00000|100%| O|  |TAMS 0x0000000081a00000, 0x0000000081900000| Untracked 
|  26|0x0000000081a00000, 0x0000000081b00000, 0x0000000081b00000|100%| O|  |TAMS 0x0000000081b00000, 0x0000000081a00000| Untracked 
|  27|0x0000000081b00000, 0x0000000081c00000, 0x0000000081c00000|100%| O|  |TAMS 0x0000000081c00000, 0x0000000081b00000| Complete 
|  28|0x0000000081c00000, 0x0000000081d00000, 0x0000000081d00000|100%|HS|  |TAMS 0x0000000081d00000, 0x0000000081c00000| Complete 
|  29|0x0000000081d00000, 0x0000000081e00000, 0x0000000081e00000|100%|HS|  |TAMS 0x0000000081e00000, 0x0000000081d00000| Complete 
|  30|0x0000000081e00000, 0x0000000081f00000, 0x0000000081f00000|100%|HS|  |TAMS 0x0000000081f00000, 0x0000000081e00000| Complete 
|  31|0x0000000081f00000, 0x0000000082000000, 0x0000000082000000|100%|HC|  |TAMS 0x0000000082000000, 0x0000000081f00000| Complete 
|  32|0x0000000082000000, 0x0000000082100000, 0x0000000082100000|100%| O|  |TAMS 0x0000000082100000, 0x0000000082000000| Untracked 
|  33|0x0000000082100000, 0x0000000082200000, 0x0000000082200000|100%| O|  |TAMS 0x0000000082200000, 0x0000000082100000| Untracked 
|  34|0x0000000082200000, 0x0000000082300000, 0x0000000082300000|100%| O|  |TAMS 0x0000000082300000, 0x0000000082200000| Untracked 
|  35|0x0000000082300000, 0x0000000082400000, 0x0000000082400000|100%| O|  |TAMS 0x0000000082400000, 0x0000000082300000| Untracked 
|  36|0x0000000082400000, 0x0000000082500000, 0x0000000082500000|100%| O|  |TAMS 0x0000000082500000, 0x0000000082400000| Untracked 
|  37|0x0000000082500000, 0x0000000082600000, 0x0000000082600000|100%| O|  |TAMS 0x0000000082600000, 0x0000000082500000| Untracked 
|  38|0x0000000082600000, 0x0000000082700000, 0x0000000082700000|100%| O|  |TAMS 0x0000000082700000, 0x0000000082600000| Complete 
|  39|0x0000000082700000, 0x0000000082800000, 0x0000000082800000|100%| O|  |TAMS 0x0000000082800000, 0x0000000082700000| Untracked 
|  40|0x0000000082800000, 0x0000000082900000, 0x0000000082900000|100%| O|  |TAMS 0x0000000082900000, 0x0000000082800000| Untracked 
|  41|0x0000000082900000, 0x0000000082a00000, 0x0000000082a00000|100%| O|  |TAMS 0x0000000082a00000, 0x0000000082900000| Untracked 
|  42|0x0000000082a00000, 0x0000000082b00000, 0x0000000082b00000|100%| O|  |TAMS 0x0000000082b00000, 0x0000000082a00000| Untracked 
|  43|0x0000000082b00000, 0x0000000082c00000, 0x0000000082c00000|100%| O|  |TAMS 0x0000000082c00000, 0x0000000082b00000| Untracked 
|  44|0x0000000082c00000, 0x0000000082d00000, 0x0000000082d00000|100%| O|  |TAMS 0x0000000082d00000, 0x0000000082c00000| Untracked 
|  45|0x0000000082d00000, 0x0000000082e00000, 0x0000000082e00000|100%| O|  |TAMS 0x0000000082e00000, 0x0000000082d00000| Untracked 
|  46|0x0000000082e00000, 0x0000000082f00000, 0x0000000082f00000|100%| O|  |TAMS 0x0000000082f00000, 0x0000000082e00000| Complete 
|  47|0x0000000082f00000, 0x0000000083000000, 0x0000000083000000|100%| O|  |TAMS 0x0000000083000000, 0x0000000082f00000| Untracked 
|  48|0x0000000083000000, 0x0000000083100000, 0x0000000083100000|100%| O|  |TAMS 0x0000000083100000, 0x0000000083000000| Untracked 
|  49|0x0000000083100000, 0x0000000083200000, 0x0000000083200000|100%| O|  |TAMS 0x0000000083200000, 0x0000000083100000| Untracked 
|  50|0x0000000083200000, 0x0000000083300000, 0x0000000083300000|100%| O|  |TAMS 0x0000000083300000, 0x0000000083200000| Untracked 
|  51|0x0000000083300000, 0x0000000083400000, 0x0000000083400000|100%| O|  |TAMS 0x0000000083400000, 0x0000000083300000| Untracked 
|  52|0x0000000083400000, 0x0000000083500000, 0x0000000083500000|100%| O|  |TAMS 0x0000000083500000, 0x0000000083400000| Untracked 
|  53|0x0000000083500000, 0x0000000083600000, 0x0000000083600000|100%| O|  |TAMS 0x0000000083600000, 0x0000000083500000| Untracked 
|  54|0x0000000083600000, 0x0000000083700000, 0x0000000083700000|100%| O|  |TAMS 0x0000000083700000, 0x0000000083600000| Untracked 
|  55|0x0000000083700000, 0x0000000083800000, 0x0000000083800000|100%| O|  |TAMS 0x0000000083800000, 0x0000000083700000| Untracked 
|  56|0x0000000083800000, 0x0000000083900000, 0x0000000083900000|100%| O|  |TAMS 0x0000000083900000, 0x0000000083800000| Untracked 
|  57|0x0000000083900000, 0x0000000083a00000, 0x0000000083a00000|100%| O|  |TAMS 0x0000000083a00000, 0x0000000083900000| Complete 
|  58|0x0000000083a00000, 0x0000000083b00000, 0x0000000083b00000|100%| O|  |TAMS 0x0000000083b00000, 0x0000000083a00000| Complete 
|  59|0x0000000083b00000, 0x0000000083c00000, 0x0000000083c00000|100%| O|  |TAMS 0x0000000083c00000, 0x0000000083b00000| Untracked 
|  60|0x0000000083c00000, 0x0000000083d00000, 0x0000000083d00000|100%| O|  |TAMS 0x0000000083d00000, 0x0000000083c00000| Untracked 
|  61|0x0000000083d00000, 0x0000000083e00000, 0x0000000083e00000|100%| O|  |TAMS 0x0000000083e00000, 0x0000000083d00000| Untracked 
|  62|0x0000000083e00000, 0x0000000083f00000, 0x0000000083f00000|100%| O|  |TAMS 0x0000000083f00000, 0x0000000083e00000| Untracked 
|  63|0x0000000083f00000, 0x0000000084000000, 0x0000000084000000|100%| O|  |TAMS 0x0000000084000000, 0x0000000083f00000| Untracked 
|  64|0x0000000084000000, 0x0000000084100000, 0x0000000084100000|100%| O|  |TAMS 0x0000000084100000, 0x0000000084000000| Complete 
|  65|0x0000000084100000, 0x0000000084200000, 0x0000000084200000|100%| O|  |TAMS 0x0000000084200000, 0x0000000084100000| Untracked 
|  66|0x0000000084200000, 0x0000000084300000, 0x0000000084300000|100%| O|  |TAMS 0x0000000084300000, 0x0000000084200000| Untracked 
|  67|0x0000000084300000, 0x0000000084400000, 0x0000000084400000|100%| O|  |TAMS 0x0000000084400000, 0x0000000084300000| Untracked 
|  68|0x0000000084400000, 0x0000000084500000, 0x0000000084500000|100%| O|  |TAMS 0x0000000084500000, 0x0000000084400000| Untracked 
|  69|0x0000000084500000, 0x0000000084600000, 0x0000000084600000|100%| O|  |TAMS 0x0000000084600000, 0x0000000084500000| Untracked 
|  70|0x0000000084600000, 0x0000000084700000, 0x0000000084700000|100%| O|  |TAMS 0x0000000084700000, 0x0000000084600000| Complete 
|  71|0x0000000084700000, 0x0000000084800000, 0x0000000084800000|100%| O|  |TAMS 0x0000000084800000, 0x0000000084700000| Complete 
|  72|0x0000000084800000, 0x0000000084900000, 0x0000000084900000|100%| O|  |TAMS 0x0000000084900000, 0x0000000084800000| Untracked 
|  73|0x0000000084900000, 0x0000000084a00000, 0x0000000084a00000|100%| O|  |TAMS 0x0000000084a00000, 0x0000000084900000| Untracked 
|  74|0x0000000084a00000, 0x0000000084b00000, 0x0000000084b00000|100%| O|  |TAMS 0x0000000084b00000, 0x0000000084a00000| Untracked 
|  75|0x0000000084b00000, 0x0000000084c00000, 0x0000000084c00000|100%| O|  |TAMS 0x0000000084c00000, 0x0000000084b00000| Untracked 
|  76|0x0000000084c00000, 0x0000000084d00000, 0x0000000084d00000|100%| O|  |TAMS 0x0000000084d00000, 0x0000000084c00000| Untracked 
|  77|0x0000000084d00000, 0x0000000084e00000, 0x0000000084e00000|100%| O|  |TAMS 0x0000000084e00000, 0x0000000084d00000| Untracked 
|  78|0x0000000084e00000, 0x0000000084f00000, 0x0000000084f00000|100%| O|  |TAMS 0x0000000084f00000, 0x0000000084e00000| Untracked 
|  79|0x0000000084f00000, 0x0000000085000000, 0x0000000085000000|100%| O|  |TAMS 0x0000000085000000, 0x0000000084f00000| Complete 
|  80|0x0000000085000000, 0x0000000085100000, 0x0000000085100000|100%| O|  |TAMS 0x0000000085100000, 0x0000000085000000| Complete 
|  81|0x0000000085100000, 0x0000000085200000, 0x0000000085200000|100%| O|  |TAMS 0x0000000085200000, 0x0000000085100000| Untracked 
|  82|0x0000000085200000, 0x0000000085300000, 0x0000000085300000|100%| O|  |TAMS 0x0000000085300000, 0x0000000085200000| Untracked 
|  83|0x0000000085300000, 0x0000000085400000, 0x0000000085400000|100%| O|  |TAMS 0x0000000085400000, 0x0000000085300000| Untracked 
|  84|0x0000000085400000, 0x0000000085500000, 0x0000000085500000|100%| O|  |TAMS 0x0000000085500000, 0x0000000085400000| Complete 
|  85|0x0000000085500000, 0x0000000085600000, 0x0000000085600000|100%| O|  |TAMS 0x0000000085600000, 0x0000000085500000| Untracked 
|  86|0x0000000085600000, 0x0000000085700000, 0x0000000085700000|100%| O|  |TAMS 0x0000000085700000, 0x0000000085600000| Untracked 
|  87|0x0000000085700000, 0x0000000085800000, 0x0000000085800000|100%| O|  |TAMS 0x0000000085800000, 0x0000000085700000| Untracked 
|  88|0x0000000085800000, 0x0000000085900000, 0x0000000085900000|100%| O|  |TAMS 0x0000000085900000, 0x0000000085800000| Untracked 
|  89|0x0000000085900000, 0x0000000085a00000, 0x0000000085a00000|100%| O|  |TAMS 0x0000000085a00000, 0x0000000085900000| Complete 
|  90|0x0000000085a00000, 0x0000000085b00000, 0x0000000085b00000|100%|HS|  |TAMS 0x0000000085b00000, 0x0000000085a00000| Complete 
|  91|0x0000000085b00000, 0x0000000085c00000, 0x0000000085c00000|100%|HC|  |TAMS 0x0000000085c00000, 0x0000000085b00000| Complete 
|  92|0x0000000085c00000, 0x0000000085d00000, 0x0000000085d00000|100%| O|  |TAMS 0x0000000085d00000, 0x0000000085c00000| Untracked 
|  93|0x0000000085d00000, 0x0000000085e00000, 0x0000000085e00000|100%| O|  |TAMS 0x0000000085e00000, 0x0000000085d00000| Untracked 
|  94|0x0000000085e00000, 0x0000000085f00000, 0x0000000085f00000|100%| O|  |TAMS 0x0000000085f00000, 0x0000000085e00000| Untracked 
|  95|0x0000000085f00000, 0x0000000086000000, 0x0000000086000000|100%| O|  |TAMS 0x0000000086000000, 0x0000000085f00000| Untracked 
|  96|0x0000000086000000, 0x0000000086100000, 0x0000000086100000|100%| O|  |TAMS 0x0000000086100000, 0x0000000086000000| Untracked 
|  97|0x0000000086100000, 0x0000000086200000, 0x0000000086200000|100%| O|  |TAMS 0x0000000086200000, 0x0000000086100000| Complete 
|  98|0x0000000086200000, 0x0000000086300000, 0x0000000086300000|100%| O|  |TAMS 0x0000000086300000, 0x0000000086200000| Complete 
|  99|0x0000000086300000, 0x0000000086400000, 0x0000000086400000|100%| O|  |TAMS 0x0000000086400000, 0x0000000086300000| Complete 
| 100|0x0000000086400000, 0x0000000086500000, 0x0000000086500000|100%| O|  |TAMS 0x0000000086500000, 0x0000000086400000| Complete 
| 101|0x0000000086500000, 0x0000000086600000, 0x0000000086600000|100%| O|  |TAMS 0x0000000086600000, 0x0000000086500000| Untracked 
| 102|0x0000000086600000, 0x0000000086700000, 0x0000000086700000|100%| O|  |TAMS 0x0000000086700000, 0x0000000086600000| Complete 
| 103|0x0000000086700000, 0x0000000086800000, 0x0000000086800000|100%| O|  |TAMS 0x0000000086800000, 0x0000000086700000| Complete 
| 104|0x0000000086800000, 0x0000000086900000, 0x0000000086900000|100%| O|  |TAMS 0x0000000086900000, 0x0000000086800000| Complete 
| 105|0x0000000086900000, 0x0000000086a00000, 0x0000000086a00000|100%| O|  |TAMS 0x0000000086a00000, 0x0000000086900000| Complete 
| 106|0x0000000086a00000, 0x0000000086b00000, 0x0000000086b00000|100%| O|  |TAMS 0x0000000086b00000, 0x0000000086a00000| Untracked 
| 107|0x0000000086b00000, 0x0000000086c00000, 0x0000000086c00000|100%| O|  |TAMS 0x0000000086c00000, 0x0000000086b00000| Untracked 
| 108|0x0000000086c00000, 0x0000000086d00000, 0x0000000086d00000|100%| O|  |TAMS 0x0000000086d00000, 0x0000000086c00000| Untracked 
| 109|0x0000000086d00000, 0x0000000086e00000, 0x0000000086e00000|100%| O|  |TAMS 0x0000000086e00000, 0x0000000086d00000| Untracked 
| 110|0x0000000086e00000, 0x0000000086f00000, 0x0000000086f00000|100%| O|  |TAMS 0x0000000086f00000, 0x0000000086e00000| Untracked 
| 111|0x0000000086f00000, 0x0000000087000000, 0x0000000087000000|100%| O|  |TAMS 0x0000000087000000, 0x0000000086f00000| Untracked 
| 112|0x0000000087000000, 0x0000000087100000, 0x0000000087100000|100%| O|  |TAMS 0x0000000087100000, 0x0000000087000000| Complete 
| 113|0x0000000087100000, 0x0000000087200000, 0x0000000087200000|100%| O|  |TAMS 0x0000000087200000, 0x0000000087100000| Complete 
| 114|0x0000000087200000, 0x0000000087300000, 0x0000000087300000|100%| O|  |TAMS 0x0000000087300000, 0x0000000087200000| Untracked 
| 115|0x0000000087300000, 0x0000000087400000, 0x0000000087400000|100%| O|  |TAMS 0x0000000087400000, 0x0000000087300000| Untracked 
| 116|0x0000000087400000, 0x0000000087500000, 0x0000000087500000|100%| O|  |TAMS 0x0000000087500000, 0x0000000087400000| Untracked 
| 117|0x0000000087500000, 0x0000000087600000, 0x0000000087600000|100%| O|  |TAMS 0x0000000087600000, 0x0000000087500000| Untracked 
| 118|0x0000000087600000, 0x0000000087700000, 0x0000000087700000|100%| O|  |TAMS 0x0000000087700000, 0x0000000087600000| Complete 
| 119|0x0000000087700000, 0x0000000087800000, 0x0000000087800000|100%| O|  |TAMS 0x0000000087800000, 0x0000000087700000| Complete 
| 120|0x0000000087800000, 0x0000000087900000, 0x0000000087900000|100%| O|  |TAMS 0x0000000087900000, 0x0000000087800000| Untracked 
| 121|0x0000000087900000, 0x0000000087a00000, 0x0000000087a00000|100%| O|  |TAMS 0x0000000087a00000, 0x0000000087900000| Untracked 
| 122|0x0000000087a00000, 0x0000000087b00000, 0x0000000087b00000|100%| O|  |TAMS 0x0000000087b00000, 0x0000000087a00000| Untracked 
| 123|0x0000000087b00000, 0x0000000087c00000, 0x0000000087c00000|100%| O|  |TAMS 0x0000000087c00000, 0x0000000087b00000| Complete 
| 124|0x0000000087c00000, 0x0000000087d00000, 0x0000000087d00000|100%| O|  |TAMS 0x0000000087d00000, 0x0000000087c00000| Untracked 
| 125|0x0000000087d00000, 0x0000000087e00000, 0x0000000087e00000|100%| O|  |TAMS 0x0000000087e00000, 0x0000000087d00000| Untracked 
| 126|0x0000000087e00000, 0x0000000087f00000, 0x0000000087f00000|100%| O|  |TAMS 0x0000000087f00000, 0x0000000087e00000| Untracked 
| 127|0x0000000087f00000, 0x0000000088000000, 0x0000000088000000|100%| O|  |TAMS 0x0000000088000000, 0x0000000087f00000| Untracked 
| 128|0x0000000088000000, 0x0000000088100000, 0x0000000088100000|100%| O|  |TAMS 0x0000000088100000, 0x0000000088000000| Untracked 
| 129|0x0000000088100000, 0x0000000088200000, 0x0000000088200000|100%| O|  |TAMS 0x0000000088200000, 0x0000000088100000| Complete 
| 130|0x0000000088200000, 0x0000000088300000, 0x0000000088300000|100%| O|  |TAMS 0x0000000088300000, 0x0000000088200000| Untracked 
| 131|0x0000000088300000, 0x0000000088400000, 0x0000000088400000|100%| O|  |TAMS 0x0000000088400000, 0x0000000088300000| Complete 
| 132|0x0000000088400000, 0x0000000088500000, 0x0000000088500000|100%| O|  |TAMS 0x0000000088500000, 0x0000000088400000| Complete 
| 133|0x0000000088500000, 0x0000000088600000, 0x0000000088600000|100%| O|  |TAMS 0x0000000088600000, 0x0000000088500000| Untracked 
| 134|0x0000000088600000, 0x0000000088700000, 0x0000000088700000|100%| O|  |TAMS 0x0000000088700000, 0x0000000088600000| Untracked 
| 135|0x0000000088700000, 0x0000000088800000, 0x0000000088800000|100%| O|  |TAMS 0x0000000088800000, 0x0000000088700000| Untracked 
| 136|0x0000000088800000, 0x0000000088900000, 0x0000000088900000|100%| O|  |TAMS 0x0000000088900000, 0x0000000088800000| Untracked 
| 137|0x0000000088900000, 0x0000000088a00000, 0x0000000088a00000|100%| O|  |TAMS 0x0000000088a00000, 0x0000000088900000| Untracked 
| 138|0x0000000088a00000, 0x0000000088b00000, 0x0000000088b00000|100%| O|  |TAMS 0x0000000088b00000, 0x0000000088a00000| Untracked 
| 139|0x0000000088b00000, 0x0000000088c00000, 0x0000000088c00000|100%| O|  |TAMS 0x0000000088c00000, 0x0000000088b00000| Untracked 
| 140|0x0000000088c00000, 0x0000000088d00000, 0x0000000088d00000|100%| O|  |TAMS 0x0000000088d00000, 0x0000000088c00000| Untracked 
| 141|0x0000000088d00000, 0x0000000088e00000, 0x0000000088e00000|100%| O|  |TAMS 0x0000000088e00000, 0x0000000088d00000| Untracked 
| 142|0x0000000088e00000, 0x0000000088f00000, 0x0000000088f00000|100%| O|  |TAMS 0x0000000088f00000, 0x0000000088e00000| Untracked 
| 143|0x0000000088f00000, 0x0000000089000000, 0x0000000089000000|100%| O|  |TAMS 0x0000000089000000, 0x0000000088f00000| Untracked 
| 144|0x0000000089000000, 0x0000000089100000, 0x0000000089100000|100%| O|  |TAMS 0x0000000089100000, 0x0000000089000000| Untracked 
| 145|0x0000000089100000, 0x0000000089200000, 0x0000000089200000|100%| O|  |TAMS 0x0000000089200000, 0x0000000089100000| Untracked 
| 146|0x0000000089200000, 0x0000000089300000, 0x0000000089300000|100%| O|  |TAMS 0x0000000089300000, 0x0000000089200000| Untracked 
| 147|0x0000000089300000, 0x0000000089400000, 0x0000000089400000|100%| O|  |TAMS 0x0000000089400000, 0x0000000089300000| Untracked 
| 148|0x0000000089400000, 0x0000000089500000, 0x0000000089500000|100%| O|  |TAMS 0x0000000089500000, 0x0000000089400000| Complete 
| 149|0x0000000089500000, 0x0000000089600000, 0x0000000089600000|100%| O|  |TAMS 0x0000000089600000, 0x0000000089500000| Untracked 
| 150|0x0000000089600000, 0x0000000089700000, 0x0000000089700000|100%| O|  |TAMS 0x0000000089700000, 0x0000000089600000| Untracked 
| 151|0x0000000089700000, 0x0000000089800000, 0x0000000089800000|100%| O|  |TAMS 0x0000000089800000, 0x0000000089700000| Untracked 
| 152|0x0000000089800000, 0x0000000089900000, 0x0000000089900000|100%| O|  |TAMS 0x0000000089900000, 0x0000000089800000| Untracked 
| 153|0x0000000089900000, 0x0000000089a00000, 0x0000000089a00000|100%| O|  |TAMS 0x0000000089a00000, 0x0000000089900000| Untracked 
| 154|0x0000000089a00000, 0x0000000089b00000, 0x0000000089b00000|100%| O|  |TAMS 0x0000000089b00000, 0x0000000089a00000| Untracked 
| 155|0x0000000089b00000, 0x0000000089c00000, 0x0000000089c00000|100%| O|  |TAMS 0x0000000089c00000, 0x0000000089b00000| Untracked 
| 156|0x0000000089c00000, 0x0000000089d00000, 0x0000000089d00000|100%| O|  |TAMS 0x0000000089d00000, 0x0000000089c00000| Untracked 
| 157|0x0000000089d00000, 0x0000000089e00000, 0x0000000089e00000|100%| O|  |TAMS 0x0000000089d00000, 0x0000000089d00000| Untracked 
| 158|0x0000000089e00000, 0x0000000089f00000, 0x0000000089f00000|100%| O|  |TAMS 0x0000000089e00000, 0x0000000089e00000| Untracked 
| 159|0x0000000089f00000, 0x000000008a000000, 0x000000008a000000|100%| O|  |TAMS 0x0000000089f00000, 0x0000000089f00000| Untracked 
| 160|0x000000008a000000, 0x000000008a100000, 0x000000008a100000|100%| O|  |TAMS 0x000000008a000000, 0x000000008a000000| Untracked 
| 161|0x000000008a100000, 0x000000008a200000, 0x000000008a200000|100%| O|  |TAMS 0x000000008a200000, 0x000000008a100000| Untracked 
| 162|0x000000008a200000, 0x000000008a300000, 0x000000008a300000|100%| O|  |TAMS 0x000000008a300000, 0x000000008a200000| Complete 
| 163|0x000000008a300000, 0x000000008a400000, 0x000000008a400000|100%| O|  |TAMS 0x000000008a300000, 0x000000008a300000| Untracked 
| 164|0x000000008a400000, 0x000000008a500000, 0x000000008a500000|100%| O|  |TAMS 0x000000008a500000, 0x000000008a400000| Complete 
| 165|0x000000008a500000, 0x000000008a600000, 0x000000008a600000|100%| O|  |TAMS 0x000000008a600000, 0x000000008a500000| Untracked 
| 166|0x000000008a600000, 0x000000008a700000, 0x000000008a700000|100%| O|  |TAMS 0x000000008a700000, 0x000000008a600000| Untracked 
| 167|0x000000008a700000, 0x000000008a800000, 0x000000008a800000|100%| O|  |TAMS 0x000000008a800000, 0x000000008a700000| Untracked 
| 168|0x000000008a800000, 0x000000008a900000, 0x000000008a900000|100%| O|  |TAMS 0x000000008a800000, 0x000000008a800000| Untracked 
| 169|0x000000008a900000, 0x000000008aa00000, 0x000000008aa00000|100%| O|  |TAMS 0x000000008aa00000, 0x000000008a900000| Complete 
| 170|0x000000008aa00000, 0x000000008ab00000, 0x000000008ab00000|100%| O|  |TAMS 0x000000008ab00000, 0x000000008aa00000| Complete 
| 171|0x000000008ab00000, 0x000000008ac00000, 0x000000008ac00000|100%| O|  |TAMS 0x000000008ac00000, 0x000000008ab00000| Complete 
| 172|0x000000008ac00000, 0x000000008ad00000, 0x000000008ad00000|100%| O|  |TAMS 0x000000008ad00000, 0x000000008ac00000| Complete 
| 173|0x000000008ad00000, 0x000000008ae00000, 0x000000008ae00000|100%| O|  |TAMS 0x000000008ae00000, 0x000000008ad00000| Complete 
| 174|0x000000008ae00000, 0x000000008af00000, 0x000000008af00000|100%| O|  |TAMS 0x000000008af00000, 0x000000008ae00000| Untracked 
| 175|0x000000008af00000, 0x000000008b000000, 0x000000008b000000|100%| O|  |TAMS 0x000000008b000000, 0x000000008af00000| Untracked 
| 176|0x000000008b000000, 0x000000008b100000, 0x000000008b100000|100%| O|  |TAMS 0x000000008b100000, 0x000000008b000000| Untracked 
| 177|0x000000008b100000, 0x000000008b200000, 0x000000008b200000|100%| O|  |TAMS 0x000000008b200000, 0x000000008b100000| Untracked 
| 178|0x000000008b200000, 0x000000008b300000, 0x000000008b300000|100%| O|  |TAMS 0x000000008b300000, 0x000000008b200000| Complete 
| 179|0x000000008b300000, 0x000000008b400000, 0x000000008b400000|100%| O|  |TAMS 0x000000008b400000, 0x000000008b300000| Untracked 
| 180|0x000000008b400000, 0x000000008b500000, 0x000000008b500000|100%| O|  |TAMS 0x000000008b500000, 0x000000008b400000| Untracked 
| 181|0x000000008b500000, 0x000000008b600000, 0x000000008b600000|100%| O|  |TAMS 0x000000008b600000, 0x000000008b500000| Complete 
| 182|0x000000008b600000, 0x000000008b700000, 0x000000008b700000|100%| O|  |TAMS 0x000000008b700000, 0x000000008b600000| Complete 
| 183|0x000000008b700000, 0x000000008b800000, 0x000000008b800000|100%| O|  |TAMS 0x000000008b800000, 0x000000008b700000| Complete 
| 184|0x000000008b800000, 0x000000008b900000, 0x000000008b900000|100%| O|  |TAMS 0x000000008b900000, 0x000000008b800000| Untracked 
| 185|0x000000008b900000, 0x000000008ba00000, 0x000000008ba00000|100%| O|  |TAMS 0x000000008b900000, 0x000000008b900000| Untracked 
| 186|0x000000008ba00000, 0x000000008bb00000, 0x000000008bb00000|100%| O|  |TAMS 0x000000008bb00000, 0x000000008ba00000| Complete 
| 187|0x000000008bb00000, 0x000000008bc00000, 0x000000008bc00000|100%| O|  |TAMS 0x000000008bc00000, 0x000000008bb00000| Untracked 
| 188|0x000000008bc00000, 0x000000008bd00000, 0x000000008bd00000|100%| O|  |TAMS 0x000000008bd00000, 0x000000008bc00000| Untracked 
| 189|0x000000008bd00000, 0x000000008be00000, 0x000000008be00000|100%| O|  |TAMS 0x000000008be00000, 0x000000008bd00000| Untracked 
| 190|0x000000008be00000, 0x000000008bf00000, 0x000000008bf00000|100%| O|  |TAMS 0x000000008bf00000, 0x000000008be00000| Untracked 
| 191|0x000000008bf00000, 0x000000008c000000, 0x000000008c000000|100%| O|  |TAMS 0x000000008c000000, 0x000000008bf00000| Untracked 
| 192|0x000000008c000000, 0x000000008c100000, 0x000000008c100000|100%| O|  |TAMS 0x000000008c100000, 0x000000008c000000| Untracked 
| 193|0x000000008c100000, 0x000000008c200000, 0x000000008c200000|100%| O|  |TAMS 0x000000008c200000, 0x000000008c100000| Untracked 
| 194|0x000000008c200000, 0x000000008c300000, 0x000000008c300000|100%| O|  |TAMS 0x000000008c300000, 0x000000008c200000| Untracked 
| 195|0x000000008c300000, 0x000000008c400000, 0x000000008c400000|100%| O|  |TAMS 0x000000008c400000, 0x000000008c300000| Untracked 
| 196|0x000000008c400000, 0x000000008c500000, 0x000000008c500000|100%| O|  |TAMS 0x000000008c500000, 0x000000008c400000| Untracked 
| 197|0x000000008c500000, 0x000000008c600000, 0x000000008c600000|100%| O|  |TAMS 0x000000008c600000, 0x000000008c500000| Untracked 
| 198|0x000000008c600000, 0x000000008c700000, 0x000000008c700000|100%| O|  |TAMS 0x000000008c700000, 0x000000008c600000| Untracked 
| 199|0x000000008c700000, 0x000000008c800000, 0x000000008c800000|100%| O|  |TAMS 0x000000008c800000, 0x000000008c700000| Complete 
| 200|0x000000008c800000, 0x000000008c900000, 0x000000008c900000|100%| O|  |TAMS 0x000000008c900000, 0x000000008c800000| Complete 
| 201|0x000000008c900000, 0x000000008ca00000, 0x000000008ca00000|100%| O|  |TAMS 0x000000008ca00000, 0x000000008c900000| Untracked 
| 202|0x000000008ca00000, 0x000000008cb00000, 0x000000008cb00000|100%| O|  |TAMS 0x000000008cb00000, 0x000000008ca00000| Untracked 
| 203|0x000000008cb00000, 0x000000008cc00000, 0x000000008cc00000|100%| O|  |TAMS 0x000000008cc00000, 0x000000008cb00000| Untracked 
| 204|0x000000008cc00000, 0x000000008cd00000, 0x000000008cd00000|100%| O|  |TAMS 0x000000008cd00000, 0x000000008cc00000| Untracked 
| 205|0x000000008cd00000, 0x000000008ce00000, 0x000000008ce00000|100%| O|  |TAMS 0x000000008ce00000, 0x000000008cd00000| Untracked 
| 206|0x000000008ce00000, 0x000000008cf00000, 0x000000008cf00000|100%| O|  |TAMS 0x000000008cf00000, 0x000000008ce00000| Untracked 
| 207|0x000000008cf00000, 0x000000008d000000, 0x000000008d000000|100%| O|  |TAMS 0x000000008d000000, 0x000000008cf00000| Untracked 
| 208|0x000000008d000000, 0x000000008d100000, 0x000000008d100000|100%| O|  |TAMS 0x000000008d100000, 0x000000008d000000| Untracked 
| 209|0x000000008d100000, 0x000000008d200000, 0x000000008d200000|100%| O|  |TAMS 0x000000008d200000, 0x000000008d100000| Complete 
| 210|0x000000008d200000, 0x000000008d300000, 0x000000008d300000|100%| O|  |TAMS 0x000000008d200000, 0x000000008d200000| Untracked 
| 211|0x000000008d300000, 0x000000008d400000, 0x000000008d400000|100%| O|  |TAMS 0x000000008d300000, 0x000000008d300000| Untracked 
| 212|0x000000008d400000, 0x000000008d500000, 0x000000008d500000|100%| O|  |TAMS 0x000000008d400000, 0x000000008d400000| Untracked 
| 213|0x000000008d500000, 0x000000008d600000, 0x000000008d600000|100%| O|  |TAMS 0x000000008d500000, 0x000000008d500000| Untracked 
| 214|0x000000008d600000, 0x000000008d680000, 0x000000008d700000| 50%| O|  |TAMS 0x000000008d600000, 0x000000008d600000| Untracked 
| 215|0x000000008d700000, 0x000000008d700000, 0x000000008d800000|  0%| F|  |TAMS 0x000000008d700000, 0x000000008d700000| Untracked 
| 216|0x000000008d800000, 0x000000008d800000, 0x000000008d900000|  0%| F|  |TAMS 0x000000008d800000, 0x000000008d800000| Untracked 
| 217|0x000000008d900000, 0x000000008d900000, 0x000000008da00000|  0%| F|  |TAMS 0x000000008d900000, 0x000000008d900000| Untracked 
| 218|0x000000008da00000, 0x000000008da00000, 0x000000008db00000|  0%| F|  |TAMS 0x000000008da00000, 0x000000008da00000| Untracked 
| 219|0x000000008db00000, 0x000000008db00000, 0x000000008dc00000|  0%| F|  |TAMS 0x000000008db00000, 0x000000008db00000| Untracked 
| 220|0x000000008dc00000, 0x000000008dc00000, 0x000000008dd00000|  0%| F|  |TAMS 0x000000008dc00000, 0x000000008dc00000| Untracked 
| 221|0x000000008dd00000, 0x000000008dd00000, 0x000000008de00000|  0%| F|  |TAMS 0x000000008dd00000, 0x000000008dd00000| Untracked 
| 222|0x000000008de00000, 0x000000008de00000, 0x000000008df00000|  0%| F|  |TAMS 0x000000008de00000, 0x000000008de00000| Untracked 
| 223|0x000000008df00000, 0x000000008df00000, 0x000000008e000000|  0%| F|  |TAMS 0x000000008df00000, 0x000000008df00000| Untracked 
| 224|0x000000008e000000, 0x000000008e100000, 0x000000008e100000|100%| O|  |TAMS 0x000000008e100000, 0x000000008e000000| Untracked 
| 225|0x000000008e100000, 0x000000008e200000, 0x000000008e200000|100%| O|  |TAMS 0x000000008e200000, 0x000000008e100000| Complete 
| 226|0x000000008e200000, 0x000000008e200000, 0x000000008e300000|  0%| F|  |TAMS 0x000000008e200000, 0x000000008e200000| Untracked 
| 227|0x000000008e300000, 0x000000008e300000, 0x000000008e400000|  0%| F|  |TAMS 0x000000008e300000, 0x000000008e300000| Untracked 
| 228|0x000000008e400000, 0x000000008e400000, 0x000000008e500000|  0%| F|  |TAMS 0x000000008e400000, 0x000000008e400000| Untracked 
| 229|0x000000008e500000, 0x000000008e500000, 0x000000008e600000|  0%| F|  |TAMS 0x000000008e500000, 0x000000008e500000| Untracked 
| 230|0x000000008e600000, 0x000000008e600000, 0x000000008e700000|  0%| F|  |TAMS 0x000000008e600000, 0x000000008e600000| Untracked 
| 231|0x000000008e700000, 0x000000008e700000, 0x000000008e800000|  0%| F|  |TAMS 0x000000008e700000, 0x000000008e700000| Untracked 
| 232|0x000000008e800000, 0x000000008e800000, 0x000000008e900000|  0%| F|  |TAMS 0x000000008e800000, 0x000000008e800000| Untracked 
| 233|0x000000008e900000, 0x000000008e900000, 0x000000008ea00000|  0%| F|  |TAMS 0x000000008e900000, 0x000000008e900000| Untracked 
| 234|0x000000008ea00000, 0x000000008ea00000, 0x000000008eb00000|  0%| F|  |TAMS 0x000000008ea00000, 0x000000008ea00000| Untracked 
| 235|0x000000008eb00000, 0x000000008eb00000, 0x000000008ec00000|  0%| F|  |TAMS 0x000000008eb00000, 0x000000008eb00000| Untracked 
| 236|0x000000008ec00000, 0x000000008ec00000, 0x000000008ed00000|  0%| F|  |TAMS 0x000000008ec00000, 0x000000008ec00000| Untracked 
| 237|0x000000008ed00000, 0x000000008ed00000, 0x000000008ee00000|  0%| F|  |TAMS 0x000000008ed00000, 0x000000008ed00000| Untracked 
| 238|0x000000008ee00000, 0x000000008ee00000, 0x000000008ef00000|  0%| F|  |TAMS 0x000000008ee00000, 0x000000008ee00000| Untracked 
| 239|0x000000008ef00000, 0x000000008ef00000, 0x000000008f000000|  0%| F|  |TAMS 0x000000008ef00000, 0x000000008ef00000| Untracked 
| 240|0x000000008f000000, 0x000000008f000000, 0x000000008f100000|  0%| F|  |TAMS 0x000000008f000000, 0x000000008f000000| Untracked 
| 241|0x000000008f100000, 0x000000008f100000, 0x000000008f200000|  0%| F|  |TAMS 0x000000008f100000, 0x000000008f100000| Untracked 
| 242|0x000000008f200000, 0x000000008f200000, 0x000000008f300000|  0%| F|  |TAMS 0x000000008f200000, 0x000000008f200000| Untracked 
| 243|0x000000008f300000, 0x000000008f300000, 0x000000008f400000|  0%| F|  |TAMS 0x000000008f300000, 0x000000008f300000| Untracked 
| 244|0x000000008f400000, 0x000000008f400000, 0x000000008f500000|  0%| F|  |TAMS 0x000000008f400000, 0x000000008f400000| Untracked 
| 245|0x000000008f500000, 0x000000008f500000, 0x000000008f600000|  0%| F|  |TAMS 0x000000008f500000, 0x000000008f500000| Untracked 
| 246|0x000000008f600000, 0x000000008f600000, 0x000000008f700000|  0%| F|  |TAMS 0x000000008f600000, 0x000000008f600000| Untracked 
| 247|0x000000008f700000, 0x000000008f700000, 0x000000008f800000|  0%| F|  |TAMS 0x000000008f700000, 0x000000008f700000| Untracked 
| 248|0x000000008f800000, 0x000000008f800000, 0x000000008f900000|  0%| F|  |TAMS 0x000000008f800000, 0x000000008f800000| Untracked 
| 249|0x000000008f900000, 0x000000008f900000, 0x000000008fa00000|  0%| F|  |TAMS 0x000000008f900000, 0x000000008f900000| Untracked 
| 250|0x000000008fa00000, 0x000000008fa00000, 0x000000008fb00000|  0%| F|  |TAMS 0x000000008fa00000, 0x000000008fa00000| Untracked 
| 251|0x000000008fb00000, 0x000000008fb00000, 0x000000008fc00000|  0%| F|  |TAMS 0x000000008fb00000, 0x000000008fb00000| Untracked 
| 252|0x000000008fc00000, 0x000000008fc00000, 0x000000008fd00000|  0%| F|  |TAMS 0x000000008fc00000, 0x000000008fc00000| Untracked 
| 253|0x000000008fd00000, 0x000000008fd00000, 0x000000008fe00000|  0%| F|  |TAMS 0x000000008fd00000, 0x000000008fd00000| Untracked 
| 254|0x000000008fe00000, 0x000000008fe00000, 0x000000008ff00000|  0%| F|  |TAMS 0x000000008fe00000, 0x000000008fe00000| Untracked 
| 255|0x000000008ff00000, 0x000000008ff00000, 0x0000000090000000|  0%| F|  |TAMS 0x000000008ff00000, 0x000000008ff00000| Untracked 
| 256|0x0000000090000000, 0x0000000090000000, 0x0000000090100000|  0%| F|  |TAMS 0x0000000090000000, 0x0000000090000000| Untracked 
| 257|0x0000000090100000, 0x0000000090100000, 0x0000000090200000|  0%| F|  |TAMS 0x0000000090100000, 0x0000000090100000| Untracked 
| 258|0x0000000090200000, 0x0000000090200000, 0x0000000090300000|  0%| F|  |TAMS 0x0000000090200000, 0x0000000090200000| Untracked 
| 259|0x0000000090300000, 0x0000000090300000, 0x0000000090400000|  0%| F|  |TAMS 0x0000000090300000, 0x0000000090300000| Untracked 
| 260|0x0000000090400000, 0x0000000090400000, 0x0000000090500000|  0%| F|  |TAMS 0x0000000090400000, 0x0000000090400000| Untracked 
| 261|0x0000000090500000, 0x0000000090500000, 0x0000000090600000|  0%| F|  |TAMS 0x0000000090500000, 0x0000000090500000| Untracked 
| 262|0x0000000090600000, 0x0000000090600000, 0x0000000090700000|  0%| F|  |TAMS 0x0000000090600000, 0x0000000090600000| Untracked 
| 263|0x0000000090700000, 0x0000000090700000, 0x0000000090800000|  0%| F|  |TAMS 0x0000000090700000, 0x0000000090700000| Untracked 
| 264|0x0000000090800000, 0x0000000090800000, 0x0000000090900000|  0%| F|  |TAMS 0x0000000090800000, 0x0000000090800000| Untracked 
| 265|0x0000000090900000, 0x0000000090900000, 0x0000000090a00000|  0%| F|  |TAMS 0x0000000090900000, 0x0000000090900000| Untracked 
| 266|0x0000000090a00000, 0x0000000090a00000, 0x0000000090b00000|  0%| F|  |TAMS 0x0000000090a00000, 0x0000000090a00000| Untracked 
| 267|0x0000000090b00000, 0x0000000090b00000, 0x0000000090c00000|  0%| F|  |TAMS 0x0000000090b00000, 0x0000000090b00000| Untracked 
| 268|0x0000000090c00000, 0x0000000090c00000, 0x0000000090d00000|  0%| F|  |TAMS 0x0000000090c00000, 0x0000000090c00000| Untracked 
| 269|0x0000000090d00000, 0x0000000090d00000, 0x0000000090e00000|  0%| F|  |TAMS 0x0000000090d00000, 0x0000000090d00000| Untracked 
| 270|0x0000000090e00000, 0x0000000090e00000, 0x0000000090f00000|  0%| F|  |TAMS 0x0000000090e00000, 0x0000000090e00000| Untracked 
| 271|0x0000000090f00000, 0x0000000090f00000, 0x0000000091000000|  0%| F|  |TAMS 0x0000000090f00000, 0x0000000090f00000| Untracked 
| 272|0x0000000091000000, 0x0000000091100000, 0x0000000091100000|100%| S|CS|TAMS 0x0000000091000000, 0x0000000091000000| Complete 
| 273|0x0000000091100000, 0x0000000091200000, 0x0000000091200000|100%| S|CS|TAMS 0x0000000091100000, 0x0000000091100000| Complete 
| 274|0x0000000091200000, 0x0000000091300000, 0x0000000091300000|100%| S|CS|TAMS 0x0000000091200000, 0x0000000091200000| Complete 
| 275|0x0000000091300000, 0x0000000091300000, 0x0000000091400000|  0%| F|  |TAMS 0x0000000091300000, 0x0000000091300000| Untracked 
| 276|0x0000000091400000, 0x0000000091400000, 0x0000000091500000|  0%| F|  |TAMS 0x0000000091400000, 0x0000000091400000| Untracked 
| 277|0x0000000091500000, 0x0000000091500000, 0x0000000091600000|  0%| F|  |TAMS 0x0000000091500000, 0x0000000091500000| Untracked 
| 278|0x0000000091600000, 0x0000000091600000, 0x0000000091700000|  0%| F|  |TAMS 0x0000000091600000, 0x0000000091600000| Untracked 
| 279|0x0000000091700000, 0x0000000091700000, 0x0000000091800000|  0%| F|  |TAMS 0x0000000091700000, 0x0000000091700000| Untracked 
| 280|0x0000000091800000, 0x0000000091800000, 0x0000000091900000|  0%| F|  |TAMS 0x0000000091800000, 0x0000000091800000| Untracked 
| 281|0x0000000091900000, 0x0000000091900000, 0x0000000091a00000|  0%| F|  |TAMS 0x0000000091900000, 0x0000000091900000| Untracked 
| 282|0x0000000091a00000, 0x0000000091a00000, 0x0000000091b00000|  0%| F|  |TAMS 0x0000000091a00000, 0x0000000091a00000| Untracked 
| 283|0x0000000091b00000, 0x0000000091b00000, 0x0000000091c00000|  0%| F|  |TAMS 0x0000000091b00000, 0x0000000091b00000| Untracked 
| 284|0x0000000091c00000, 0x0000000091c00000, 0x0000000091d00000|  0%| F|  |TAMS 0x0000000091c00000, 0x0000000091c00000| Untracked 
| 285|0x0000000091d00000, 0x0000000091d00000, 0x0000000091e00000|  0%| F|  |TAMS 0x0000000091d00000, 0x0000000091d00000| Untracked 
| 286|0x0000000091e00000, 0x0000000091e00000, 0x0000000091f00000|  0%| F|  |TAMS 0x0000000091e00000, 0x0000000091e00000| Untracked 
| 287|0x0000000091f00000, 0x0000000091f00000, 0x0000000092000000|  0%| F|  |TAMS 0x0000000091f00000, 0x0000000091f00000| Untracked 
| 288|0x0000000092000000, 0x0000000092000000, 0x0000000092100000|  0%| F|  |TAMS 0x0000000092000000, 0x0000000092000000| Untracked 
| 289|0x0000000092100000, 0x0000000092100000, 0x0000000092200000|  0%| F|  |TAMS 0x0000000092100000, 0x0000000092100000| Untracked 
| 290|0x0000000092200000, 0x0000000092200000, 0x0000000092300000|  0%| F|  |TAMS 0x0000000092200000, 0x0000000092200000| Untracked 
| 291|0x0000000092300000, 0x0000000092300000, 0x0000000092400000|  0%| F|  |TAMS 0x0000000092300000, 0x0000000092300000| Untracked 

Card table byte_map: [0x000001ad73b50000,0x000001ad73f50000] _byte_map_base: 0x000001ad73750000

Marking Bits (Prev, Next): (CMBitMap*) 0x000001ad60c64e48, (CMBitMap*) 0x000001ad60c64e80
 Prev Bits: [0x000001ad74350000, 0x000001ad76350000)
 Next Bits: [0x000001ad76350000, 0x000001ad78350000)

Polling page: 0x000001ad60400000

Metaspace:

Usage:
  Non-class:     86.75 MB capacity,    85.14 MB ( 98%) used,     1.33 MB (  2%) free+waste,   281.25 KB ( <1%) overhead. 
      Class:     13.01 MB capacity,    12.08 MB ( 93%) used,   824.13 KB (  6%) free+waste,   122.56 KB ( <1%) overhead. 
       Both:     99.75 MB capacity,    97.22 MB ( 97%) used,     2.14 MB (  2%) free+waste,   403.81 KB ( <1%) overhead. 

Virtual space:
  Non-class space:       88.00 MB reserved,      86.83 MB ( 99%) committed 
      Class space:        1.00 GB reserved,      13.12 MB (  1%) committed 
             Both:        1.09 GB reserved,      99.95 MB (  9%) committed 

Chunk freelists:
   Non-Class:  18.00 KB
       Class:  25.00 KB
        Both:  43.00 KB

MaxMetaspaceSize: 17179869184.00 GB
CompressedClassSpaceSize: 1.00 GB
Initial GC threshold: 20.80 MB
Current GC threshold: 166.59 MB
CDS: off

CodeHeap 'non-profiled nmethods': size=120064Kb used=8602Kb max_used=8602Kb free=111461Kb
 bounds [0x000001ad6c210000, 0x000001ad6ca80000, 0x000001ad73750000]
CodeHeap 'profiled nmethods': size=120000Kb used=29641Kb max_used=29641Kb free=90358Kb
 bounds [0x000001ad64ce0000, 0x000001ad669e0000, 0x000001ad6c210000]
CodeHeap 'non-nmethods': size=5696Kb used=2365Kb max_used=2405Kb free=3330Kb
 bounds [0x000001ad64750000, 0x000001ad649c0000, 0x000001ad64ce0000]
 total_blobs=13757 nmethods=12865 adapters=805
 compilation: enabled
              stopped_count=0, restarted_count=0
 full_count=0

Compilation events (20 events):
Event: 87.601 Thread 0x000001ad7a51b000 nmethod 12997 0x000001ad6ca74c90 code [0x000001ad6ca74e20, 0x000001ad6ca74ed8]
Event: 87.602 Thread 0x000001ad7a54e800 12998       3       com.sun.tools.javac.comp.Attr::attribTypeVariables (247 bytes)
Event: 87.606 Thread 0x000001ad7a54e800 nmethod 12998 0x000001ad669c9410 code [0x000001ad669c9940, 0x000001ad669cca48]
Event: 87.620 Thread 0x000001ad7a51b000 12999       4       java.util.Collections$EmptyList::iterator (4 bytes)
Event: 87.621 Thread 0x000001ad7a51b000 nmethod 12999 0x000001ad6ca75010 code [0x000001ad6ca751a0, 0x000001ad6ca75218]
Event: 87.622 Thread 0x000001ad7a54e800 13000       3       com.sun.tools.javac.comp.Annotate::annotateLater (41 bytes)
Event: 87.623 Thread 0x000001ad7a54e800 nmethod 13000 0x000001ad669cda90 code [0x000001ad669cdd40, 0x000001ad669ceb98]
Event: 87.623 Thread 0x000001ad7a51b000 13001       4       com.sun.tools.javac.comp.Env::dupto (39 bytes)
Event: 87.630 Thread 0x000001ad7a51b000 nmethod 13001 0x000001ad6ca75310 code [0x000001ad6ca754a0, 0x000001ad6ca758f8]
Event: 87.645 Thread 0x000001ad7a54e800 13002       3       com.sun.tools.javac.code.Scope$StarImportScope::importAll (104 bytes)
Event: 87.646 Thread 0x000001ad7a54e800 nmethod 13002 0x000001ad669cf190 code [0x000001ad669cf420, 0x000001ad669d01a8]
Event: 87.649 Thread 0x000001ad7a51b000 13003       4       com.sun.tools.javac.file.PathFileObject::hashCode (10 bytes)
Event: 87.661 Thread 0x000001ad7a51b000 nmethod 13003 0x000001ad6ca75990 code [0x000001ad6ca75b60, 0x000001ad6ca75e48]
Event: 87.735 Thread 0x000001ad7a54e800 13004       3       com.sun.tools.javac.comp.Attr::attribAnnotationTypes (38 bytes)
Event: 87.736 Thread 0x000001ad7a54e800 nmethod 13004 0x000001ad669d0710 code [0x000001ad669d0920, 0x000001ad669d0f58]
Event: 87.736 Thread 0x000001ad7a54e800 13005       3       com.sun.tools.javac.comp.TypeEnter::handleDeprecatedAnnotations (110 bytes)
Event: 87.737 Thread 0x000001ad7a51b000 13006       4       com.sun.tools.javac.code.ClassFinder::completeEnclosing (104 bytes)
Event: 87.737 Thread 0x000001ad7a54e800 nmethod 13005 0x000001ad669d1290 code [0x000001ad669d1520, 0x000001ad669d2108]
Event: 87.750 Thread 0x000001ad7a51b000 nmethod 13006 0x000001ad6ca76190 code [0x000001ad6ca76360, 0x000001ad6ca766c8]
Event: 87.752 Thread 0x000001ad7a51b000 13007   !   4       com.sun.tools.javac.code.ClassFinder::fillIn (324 bytes)

GC Heap History (20 events):
Event: 83.051 GC heap after
{Heap after GC invocations=41 (full 0):
 garbage-first heap   total 229376K, used 176084K [0x0000000080000000, 0x0000000100000000)
  region size 1024K, 3 young (3072K), 3 survivors (3072K)
 Metaspace       used 99415K, capacity 102076K, committed 102352K, reserved 1138688K
  class space    used 12370K, capacity 13319K, committed 13440K, reserved 1048576K
}
Event: 83.206 GC heap before
{Heap before GC invocations=41 (full 0):
 garbage-first heap   total 229376K, used 184276K [0x0000000080000000, 0x0000000100000000)
  region size 1024K, 11 young (11264K), 3 survivors (3072K)
 Metaspace       used 99415K, capacity 102076K, committed 102352K, reserved 1138688K
  class space    used 12370K, capacity 13319K, committed 13440K, reserved 1048576K
}
Event: 83.236 GC heap after
{Heap after GC invocations=42 (full 0):
 garbage-first heap   total 229376K, used 182212K [0x0000000080000000, 0x0000000100000000)
  region size 1024K, 2 young (2048K), 2 survivors (2048K)
 Metaspace       used 99415K, capacity 102076K, committed 102352K, reserved 1138688K
  class space    used 12370K, capacity 13319K, committed 13440K, reserved 1048576K
}
Event: 83.313 GC heap before
{Heap before GC invocations=42 (full 0):
 garbage-first heap   total 229376K, used 191428K [0x0000000080000000, 0x0000000100000000)
  region size 1024K, 11 young (11264K), 2 survivors (2048K)
 Metaspace       used 99415K, capacity 102076K, committed 102352K, reserved 1138688K
  class space    used 12370K, capacity 13319K, committed 13440K, reserved 1048576K
}
Event: 83.331 GC heap after
{Heap after GC invocations=43 (full 0):
 garbage-first heap   total 229376K, used 191488K [0x0000000080000000, 0x0000000100000000)
  region size 1024K, 2 young (2048K), 2 survivors (2048K)
 Metaspace       used 99415K, capacity 102076K, committed 102352K, reserved 1138688K
  class space    used 12370K, capacity 13319K, committed 13440K, reserved 1048576K
}
Event: 83.402 GC heap before
{Heap before GC invocations=43 (full 0):
 garbage-first heap   total 229376K, used 200704K [0x0000000080000000, 0x0000000100000000)
  region size 1024K, 11 young (11264K), 2 survivors (2048K)
 Metaspace       used 99415K, capacity 102076K, committed 102352K, reserved 1138688K
  class space    used 12370K, capacity 13319K, committed 13440K, reserved 1048576K
}
Event: 83.428 GC heap after
{Heap after GC invocations=44 (full 0):
 garbage-first heap   total 229376K, used 198144K [0x0000000080000000, 0x0000000100000000)
  region size 1024K, 2 young (2048K), 2 survivors (2048K)
 Metaspace       used 99415K, capacity 102076K, committed 102352K, reserved 1138688K
  class space    used 12370K, capacity 13319K, committed 13440K, reserved 1048576K
}
Event: 84.331 GC heap before
{Heap before GC invocations=45 (full 0):
 garbage-first heap   total 229376K, used 207360K [0x0000000080000000, 0x0000000100000000)
  region size 1024K, 11 young (11264K), 2 survivors (2048K)
 Metaspace       used 99415K, capacity 102076K, committed 102352K, reserved 1138688K
  class space    used 12370K, capacity 13319K, committed 13440K, reserved 1048576K
}
Event: 84.362 GC heap after
{Heap after GC invocations=46 (full 0):
 garbage-first heap   total 229376K, used 207360K [0x0000000080000000, 0x0000000100000000)
  region size 1024K, 2 young (2048K), 2 survivors (2048K)
 Metaspace       used 99415K, capacity 102076K, committed 102352K, reserved 1138688K
  class space    used 12370K, capacity 13319K, committed 13440K, reserved 1048576K
}
Event: 84.395 GC heap before
{Heap before GC invocations=46 (full 0):
 garbage-first heap   total 229376K, used 216576K [0x0000000080000000, 0x0000000100000000)
  region size 1024K, 11 young (11264K), 2 survivors (2048K)
 Metaspace       used 99415K, capacity 102076K, committed 102352K, reserved 1138688K
  class space    used 12370K, capacity 13319K, committed 13440K, reserved 1048576K
}
Event: 84.437 GC heap after
{Heap after GC invocations=47 (full 0):
 garbage-first heap   total 229376K, used 216064K [0x0000000080000000, 0x0000000100000000)
  region size 1024K, 2 young (2048K), 2 survivors (2048K)
 Metaspace       used 99415K, capacity 102076K, committed 102352K, reserved 1138688K
  class space    used 12370K, capacity 13319K, committed 13440K, reserved 1048576K
}
Event: 84.887 GC heap before
{Heap before GC invocations=47 (full 0):
 garbage-first heap   total 229376K, used 225280K [0x0000000080000000, 0x0000000100000000)
  region size 1024K, 11 young (11264K), 2 survivors (2048K)
 Metaspace       used 99461K, capacity 102144K, committed 102352K, reserved 1138688K
  class space    used 12370K, capacity 13319K, committed 13440K, reserved 1048576K
}
Event: 85.033 GC heap after
{Heap after GC invocations=48 (full 0):
 garbage-first heap   total 299008K, used 220160K [0x0000000080000000, 0x0000000100000000)
  region size 1024K, 2 young (2048K), 2 survivors (2048K)
 Metaspace       used 99461K, capacity 102144K, committed 102352K, reserved 1138688K
  class space    used 12370K, capacity 13319K, committed 13440K, reserved 1048576K
}
Event: 86.274 GC heap before
{Heap before GC invocations=49 (full 0):
 garbage-first heap   total 299008K, used 196608K [0x0000000080000000, 0x0000000100000000)
  region size 1024K, 17 young (17408K), 2 survivors (2048K)
 Metaspace       used 99508K, capacity 102149K, committed 102352K, reserved 1138688K
  class space    used 12370K, capacity 13319K, committed 13440K, reserved 1048576K
}
Event: 86.302 GC heap after
{Heap after GC invocations=50 (full 0):
 garbage-first heap   total 299008K, used 185818K [0x0000000080000000, 0x0000000100000000)
  region size 1024K, 3 young (3072K), 3 survivors (3072K)
 Metaspace       used 99508K, capacity 102149K, committed 102352K, reserved 1138688K
  class space    used 12370K, capacity 13319K, committed 13440K, reserved 1048576K
}
Event: 86.436 GC heap before
{Heap before GC invocations=50 (full 0):
 garbage-first heap   total 299008K, used 197082K [0x0000000080000000, 0x0000000100000000)
  region size 1024K, 14 young (14336K), 3 survivors (3072K)
 Metaspace       used 99508K, capacity 102149K, committed 102352K, reserved 1138688K
  class space    used 12370K, capacity 13319K, committed 13440K, reserved 1048576K
}
Event: 86.469 GC heap after
{Heap after GC invocations=51 (full 0):
 garbage-first heap   total 299008K, used 187726K [0x0000000080000000, 0x0000000100000000)
  region size 1024K, 2 young (2048K), 2 survivors (2048K)
 Metaspace       used 99508K, capacity 102149K, committed 102352K, reserved 1138688K
  class space    used 12370K, capacity 13319K, committed 13440K, reserved 1048576K
}
Event: 86.722 GC heap before
{Heap before GC invocations=51 (full 0):
 garbage-first heap   total 299008K, used 214350K [0x0000000080000000, 0x0000000100000000)
  region size 1024K, 28 young (28672K), 2 survivors (2048K)
 Metaspace       used 99508K, capacity 102149K, committed 102352K, reserved 1138688K
  class space    used 12370K, capacity 13319K, committed 13440K, reserved 1048576K
}
Event: 86.787 GC heap after
{Heap after GC invocations=52 (full 0):
 garbage-first heap   total 299008K, used 214016K [0x0000000080000000, 0x0000000100000000)
  region size 1024K, 4 young (4096K), 4 survivors (4096K)
 Metaspace       used 99508K, capacity 102149K, committed 102352K, reserved 1138688K
  class space    used 12370K, capacity 13319K, committed 13440K, reserved 1048576K
}
Event: 87.854 GC heap before
{Heap before GC invocations=53 (full 0):
 garbage-first heap   total 299008K, used 231424K [0x0000000080000000, 0x0000000100000000)
  region size 1024K, 21 young (21504K), 4 survivors (4096K)
 Metaspace       used 99556K, capacity 102149K, committed 102352K, reserved 1138688K
  class space    used 12372K, capacity 13319K, committed 13440K, reserved 1048576K
}

Deoptimization events (20 events):
Event: 86.119 Thread 0x000001ad7d93f000 DEOPT PACKING pc=0x000001ad6c91e98c sp=0x0000008087cf7590
Event: 86.119 Thread 0x000001ad7d93f000 DEOPT UNPACKING pc=0x000001ad6479a1a9 sp=0x0000008087cf7550 mode 2
Event: 86.119 Thread 0x000001ad7d93f000 Uncommon trap: trap_request=0xffffffde fr.pc=0x000001ad6c8eea00 relative=0x0000000000000060
Event: 86.119 Thread 0x000001ad7d93f000 Uncommon trap: reason=class_check action=maybe_recompile pc=0x000001ad6c8eea00 method=com.sun.tools.javac.code.Symbol.flatName()Lcom/sun/tools/javac/util/Name; @ 1 c2
Event: 86.119 Thread 0x000001ad7d93f000 DEOPT PACKING pc=0x000001ad6c8eea00 sp=0x0000008087cf7550
Event: 86.119 Thread 0x000001ad7d93f000 DEOPT UNPACKING pc=0x000001ad6479a1a9 sp=0x0000008087cf74e0 mode 2
Event: 86.244 Thread 0x000001ad7d93f000 Uncommon trap: trap_request=0xffffffc6 fr.pc=0x000001ad6c82c36c relative=0x0000000000001c0c
Event: 86.244 Thread 0x000001ad7d93f000 Uncommon trap: reason=bimorphic_or_optimized_type_check action=maybe_recompile pc=0x000001ad6c82c36c method=java.util.concurrent.ConcurrentHashMap.putVal(Ljava/lang/Object;Ljava/lang/Object;Z)Ljava/lang/Object; @ 242 c2
Event: 86.244 Thread 0x000001ad7d93f000 DEOPT PACKING pc=0x000001ad6c82c36c sp=0x0000008087cf7a30
Event: 86.244 Thread 0x000001ad7d93f000 DEOPT UNPACKING pc=0x000001ad6479a1a9 sp=0x0000008087cf79c0 mode 2
Event: 86.263 Thread 0x000001ad7d93f000 Uncommon trap: trap_request=0xffffffde fr.pc=0x000001ad6c989304 relative=0x0000000000003144
Event: 86.263 Thread 0x000001ad7d93f000 Uncommon trap: reason=class_check action=maybe_recompile pc=0x000001ad6c989304 method=org.apache.xerces.impl.XMLDocumentFragmentScannerImpl.scanStartElement()Z @ 309 c2
Event: 86.263 Thread 0x000001ad7d93f000 DEOPT PACKING pc=0x000001ad6c989304 sp=0x0000008087cf83a0
Event: 86.263 Thread 0x000001ad7d93f000 DEOPT UNPACKING pc=0x000001ad6479a1a9 sp=0x0000008087cf8388 mode 2
Event: 86.268 Thread 0x000001ad7d93f000 DEOPT PACKING pc=0x000001ad667ea3a0 sp=0x0000008087cf84c0
Event: 86.268 Thread 0x000001ad7d93f000 DEOPT UNPACKING pc=0x000001ad6479a93f sp=0x0000008087cf7a88 mode 0
Event: 86.940 Thread 0x000001ad7d93f000 Uncommon trap: trap_request=0xffffffde fr.pc=0x000001ad6c9411c0 relative=0x0000000000000180
Event: 86.940 Thread 0x000001ad7d93f000 Uncommon trap: reason=class_check action=maybe_recompile pc=0x000001ad6c9411c0 method=com.sun.tools.javac.util.ListBuffer.next()Ljava/lang/Object; @ 12 c2
Event: 86.940 Thread 0x000001ad7d93f000 DEOPT PACKING pc=0x000001ad6c9411c0 sp=0x0000008087cf8fa0
Event: 86.940 Thread 0x000001ad7d93f000 DEOPT UNPACKING pc=0x000001ad6479a1a9 sp=0x0000008087cf8f58 mode 2

Classes redefined (0 events):
No events

Internal exceptions (20 events):
Event: 80.828 Thread 0x000001ad7d93f000 Exception <a 'sun/nio/fs/WindowsException'{0x000000008de30d78}> (0x000000008de30d78) thrown at [src/hotspot/share/prims/jni.cpp, line 617]
Event: 80.828 Thread 0x000001ad7d93f000 Exception <a 'sun/nio/fs/WindowsException'{0x000000008de334f8}> (0x000000008de334f8) thrown at [src/hotspot/share/prims/jni.cpp, line 617]
Event: 80.925 Thread 0x000001ad7d93f000 Exception <a 'sun/nio/fs/WindowsException'{0x000000008ddfa520}> (0x000000008ddfa520) thrown at [src/hotspot/share/prims/jni.cpp, line 617]
Event: 80.926 Thread 0x000001ad7d93f000 Exception <a 'sun/nio/fs/WindowsException'{0x000000008ddfbba0}> (0x000000008ddfbba0) thrown at [src/hotspot/share/prims/jni.cpp, line 617]
Event: 80.926 Thread 0x000001ad7d93f000 Exception <a 'sun/nio/fs/WindowsException'{0x000000008ddfcea8}> (0x000000008ddfcea8) thrown at [src/hotspot/share/prims/jni.cpp, line 617]
Event: 80.926 Thread 0x000001ad7d93f000 Exception <a 'sun/nio/fs/WindowsException'{0x000000008ddfe3b0}> (0x000000008ddfe3b0) thrown at [src/hotspot/share/prims/jni.cpp, line 617]
Event: 80.926 Thread 0x000001ad7d93f000 Exception <a 'sun/nio/fs/WindowsException'{0x000000008ddfe548}> (0x000000008ddfe548) thrown at [src/hotspot/share/prims/jni.cpp, line 617]
Event: 80.927 Thread 0x000001ad7d93f000 Exception <a 'sun/nio/fs/WindowsException'{0x000000008dc011c8}> (0x000000008dc011c8) thrown at [src/hotspot/share/prims/jni.cpp, line 617]
Event: 80.973 Thread 0x000001ad7d93f000 Exception <a 'sun/nio/fs/WindowsException'{0x000000008dc0bd78}> (0x000000008dc0bd78) thrown at [src/hotspot/share/prims/jni.cpp, line 617]
Event: 80.974 Thread 0x000001ad7d93f000 Exception <a 'sun/nio/fs/WindowsException'{0x000000008dc0d3b8}> (0x000000008dc0d3b8) thrown at [src/hotspot/share/prims/jni.cpp, line 617]
Event: 80.974 Thread 0x000001ad7d93f000 Exception <a 'sun/nio/fs/WindowsException'{0x000000008dc0e6c0}> (0x000000008dc0e6c0) thrown at [src/hotspot/share/prims/jni.cpp, line 617]
Event: 80.974 Thread 0x000001ad7d93f000 Exception <a 'sun/nio/fs/WindowsException'{0x000000008dc0fb90}> (0x000000008dc0fb90) thrown at [src/hotspot/share/prims/jni.cpp, line 617]
Event: 80.975 Thread 0x000001ad7d93f000 Exception <a 'sun/nio/fs/WindowsException'{0x000000008dc0fd00}> (0x000000008dc0fd00) thrown at [src/hotspot/share/prims/jni.cpp, line 617]
Event: 80.975 Thread 0x000001ad7d93f000 Exception <a 'sun/nio/fs/WindowsException'{0x000000008dc12488}> (0x000000008dc12488) thrown at [src/hotspot/share/prims/jni.cpp, line 617]
Event: 80.975 Thread 0x000001ad7d93f000 Exception <a 'sun/nio/fs/WindowsException'{0x000000008dc125f0}> (0x000000008dc125f0) thrown at [src/hotspot/share/prims/jni.cpp, line 617]
Event: 80.975 Thread 0x000001ad7d93f000 Exception <a 'sun/nio/fs/WindowsException'{0x000000008dc14d70}> (0x000000008dc14d70) thrown at [src/hotspot/share/prims/jni.cpp, line 617]
Event: 81.068 Thread 0x000001ad7d93f000 Exception <a 'sun/nio/fs/WindowsException'{0x000000008db18fc0}> (0x000000008db18fc0) thrown at [src/hotspot/share/prims/jni.cpp, line 617]
Event: 81.104 Thread 0x000001ad7d93f000 Exception <a 'sun/nio/fs/WindowsException'{0x000000008db36cd0}> (0x000000008db36cd0) thrown at [src/hotspot/share/prims/jni.cpp, line 617]
Event: 82.937 Thread 0x000001ad7d93f000 Implicit null exception at 0x000001ad6c995295 to 0x000001ad6c997eae
Event: 83.311 Thread 0x000001ad7d93f000 Implicit null exception at 0x000001ad6c9bf875 to 0x000001ad6c9bfcac

Events (20 events):
Event: 85.590 Executing VM operation: CGC_Operation done
Event: 85.873 Executing VM operation: CGC_Operation
Event: 85.874 Executing VM operation: CGC_Operation done
Event: 86.273 Executing VM operation: G1CollectForAllocation
Event: 86.302 Executing VM operation: G1CollectForAllocation done
Event: 86.436 Executing VM operation: G1CollectForAllocation
Event: 86.469 Executing VM operation: G1CollectForAllocation done
Event: 86.721 Executing VM operation: G1CollectForAllocation
Event: 86.787 Executing VM operation: G1CollectForAllocation done
Event: 86.933 loading class android/databinding/tool/processing/Scope
Event: 86.933 loading class android/databinding/tool/processing/Scope done
Event: 86.934 loading class android/databinding/tool/ext/ExtKt
Event: 86.934 loading class android/databinding/tool/ext/ExtKt done
Event: 86.939 loading class android/databinding/tool/ext/Replacement
Event: 86.939 loading class android/databinding/tool/ext/Replacement done
Event: 87.449 Executing VM operation: CGC_Operation
Event: 87.482 Executing VM operation: CGC_Operation done
Event: 87.853 Executing VM operation: CGC_Operation
Event: 87.854 Executing VM operation: CGC_Operation done
Event: 87.854 Executing VM operation: G1CollectForAllocation


Dynamic libraries:
0x00007ff6d3ef0000 - 0x00007ff6d3efa000 	C:\Program Files\Android\Android Studio1\jbr\bin\java.exe
0x00007ff97b670000 - 0x00007ff97b868000 	C:\Windows\SYSTEM32\ntdll.dll
0x00007ff97b570000 - 0x00007ff97b62f000 	C:\Windows\System32\KERNEL32.DLL
0x00007ff9792f0000 - 0x00007ff9795c2000 	C:\Windows\System32\KERNELBASE.dll
0x00007ff978d90000 - 0x00007ff978e90000 	C:\Windows\System32\ucrtbase.dll
0x00007ff9689e0000 - 0x00007ff9689f7000 	C:\Program Files\Android\Android Studio1\jbr\bin\jli.dll
0x00007ff97b280000 - 0x00007ff97b421000 	C:\Windows\System32\USER32.dll
0x00007ff978d60000 - 0x00007ff978d82000 	C:\Windows\System32\win32u.dll
0x00007ff979cd0000 - 0x00007ff979cfb000 	C:\Windows\System32\GDI32.dll
0x00007ff978e90000 - 0x00007ff978f9f000 	C:\Windows\System32\gdi32full.dll
0x00007ff9791c0000 - 0x00007ff97925d000 	C:\Windows\System32\msvcp_win.dll
0x00007ff972d40000 - 0x00007ff972d5b000 	C:\Program Files\Android\Android Studio1\jbr\bin\VCRUNTIME140.dll
0x00007ff965c90000 - 0x00007ff965f2a000 	C:\Windows\WinSxS\amd64_microsoft.windows.common-controls_6595b64144ccf1df_6.0.19041.1110_none_60b5254171f9507e\COMCTL32.dll
0x00007ff97aeb0000 - 0x00007ff97af4e000 	C:\Windows\System32\msvcrt.dll
0x00007ff97a300000 - 0x00007ff97a332000 	C:\Windows\System32\IMM32.DLL
0x00007ff955ce0000 - 0x00007ff955d6d000 	C:\Program Files\Android\Android Studio1\jbr\bin\msvcp140.dll
0x00007ff96aee0000 - 0x00007ff96aeec000 	C:\Windows\SYSTEM32\VCRUNTIME140_1.dll
0x00007ff943ce0000 - 0x00007ff94489c000 	C:\Program Files\Android\Android Studio1\jbr\bin\server\jvm.dll
0x00007ff97a3f0000 - 0x00007ff97a49e000 	C:\Windows\System32\ADVAPI32.dll
0x00007ff979730000 - 0x00007ff9797cc000 	C:\Windows\System32\sechost.dll
0x00007ff97af60000 - 0x00007ff97b085000 	C:\Windows\System32\RPCRT4.dll
0x00007ff979c60000 - 0x00007ff979c68000 	C:\Windows\System32\PSAPI.DLL
0x00007ff96af10000 - 0x00007ff96af19000 	C:\Windows\SYSTEM32\WSOCK32.dll
0x00007ff97b210000 - 0x00007ff97b27b000 	C:\Windows\System32\WS2_32.dll
0x00007ff967c80000 - 0x00007ff967ca7000 	C:\Windows\SYSTEM32\WINMM.dll
0x00007ff967a30000 - 0x00007ff967a3a000 	C:\Windows\SYSTEM32\VERSION.dll
0x00007ff976c20000 - 0x00007ff976c32000 	C:\Windows\SYSTEM32\kernel.appcore.dll
0x00007ff96aed0000 - 0x00007ff96aee0000 	C:\Program Files\Android\Android Studio1\jbr\bin\verify.dll
0x00007ff96ecf0000 - 0x00007ff96eed4000 	C:\Windows\SYSTEM32\DBGHELP.DLL
0x00007ff96eb20000 - 0x00007ff96eb55000 	C:\Windows\SYSTEM32\dbgcore.DLL
0x00007ff979260000 - 0x00007ff9792e2000 	C:\Windows\System32\bcryptPrimitives.dll
0x00007ff96aea0000 - 0x00007ff96aec8000 	C:\Program Files\Android\Android Studio1\jbr\bin\java.dll
0x00007ff96a230000 - 0x00007ff96a23a000 	C:\Program Files\Android\Android Studio1\jbr\bin\jimage.dll
0x00007ff9689c0000 - 0x00007ff9689d8000 	C:\Program Files\Android\Android Studio1\jbr\bin\zip.dll
0x00007ff97a5b0000 - 0x00007ff97acf4000 	C:\Windows\System32\SHELL32.dll
0x00007ff976e20000 - 0x00007ff9775b2000 	C:\Windows\SYSTEM32\windows.storage.dll
0x00007ff9797d0000 - 0x00007ff979b25000 	C:\Windows\System32\combase.dll
0x00007ff9786e0000 - 0x00007ff978710000 	C:\Windows\SYSTEM32\Wldp.dll
0x00007ff97a4a0000 - 0x00007ff97a54d000 	C:\Windows\System32\SHCORE.dll
0x00007ff979c70000 - 0x00007ff979cc5000 	C:\Windows\System32\shlwapi.dll
0x00007ff978ca0000 - 0x00007ff978cbf000 	C:\Windows\SYSTEM32\profapi.dll
0x00007ff958a90000 - 0x00007ff958aa9000 	C:\Program Files\Android\Android Studio1\jbr\bin\net.dll
0x00007ff96e180000 - 0x00007ff96e28c000 	C:\Windows\SYSTEM32\WINHTTP.dll
0x00007ff978440000 - 0x00007ff9784aa000 	C:\Windows\system32\mswsock.dll
0x00007ff945250000 - 0x00007ff945263000 	C:\Program Files\Android\Android Studio1\jbr\bin\nio.dll
0x00007ff960a70000 - 0x00007ff960a97000 	C:\Users\hafiz\.gradle\native\e1d6ef7f7dcc3fd88c89a11ec53ec762bb8ba0a96d01ffa2cd45eb1d1d8dd5c5\windows-amd64\native-platform.dll
0x00007ff968a70000 - 0x00007ff968bb4000 	C:\Users\hafiz\.gradle\native\5664cfc778a61ccfe75a443a1ab52a65af34e5dc3c78e0209fed803814484fcb\windows-amd64\native-platform-file-events.dll
0x00007ff96a220000 - 0x00007ff96a22a000 	C:\Program Files\Android\Android Studio1\jbr\bin\management.dll
0x00007ff96a180000 - 0x00007ff96a18b000 	C:\Program Files\Android\Android Studio1\jbr\bin\management_ext.dll
0x00007ff978630000 - 0x00007ff978648000 	C:\Windows\SYSTEM32\CRYPTSP.dll
0x00007ff977d60000 - 0x00007ff977d94000 	C:\Windows\system32\rsaenh.dll
0x00007ff9795d0000 - 0x00007ff9795f7000 	C:\Windows\System32\bcrypt.dll
0x00007ff978c20000 - 0x00007ff978c4e000 	C:\Windows\SYSTEM32\USERENV.dll
0x00007ff978650000 - 0x00007ff97865c000 	C:\Windows\SYSTEM32\CRYPTBASE.dll
0x00007ff978130000 - 0x00007ff97816b000 	C:\Windows\SYSTEM32\IPHLPAPI.DLL
0x00007ff97af50000 - 0x00007ff97af58000 	C:\Windows\System32\NSI.dll
0x00007ff96e9f0000 - 0x00007ff96ea07000 	C:\Windows\SYSTEM32\dhcpcsvc6.DLL
0x00007ff96fdf0000 - 0x00007ff96fe0d000 	C:\Windows\SYSTEM32\dhcpcsvc.DLL
0x00007ff978170000 - 0x00007ff97823a000 	C:\Windows\SYSTEM32\DNSAPI.dll

dbghelp: loaded successfully - version: 4.0.5 - missing functions: none
symbol engine: initialized successfully - sym options: 0x614 - pdb path: .;C:\Program Files\Android\Android Studio1\jbr\bin;C:\Windows\SYSTEM32;C:\Windows\WinSxS\amd64_microsoft.windows.common-controls_6595b64144ccf1df_6.0.19041.1110_none_60b5254171f9507e;C:\Program Files\Android\Android Studio1\jbr\bin\server;C:\Users\hafiz\.gradle\native\e1d6ef7f7dcc3fd88c89a11ec53ec762bb8ba0a96d01ffa2cd45eb1d1d8dd5c5\windows-amd64;C:\Users\hafiz\.gradle\native\5664cfc778a61ccfe75a443a1ab52a65af34e5dc3c78e0209fed803814484fcb\windows-amd64

VM Arguments:
jvm_args: --add-opens=java.base/java.util=ALL-UNNAMED --add-opens=java.base/java.lang=ALL-UNNAMED --add-opens=java.base/java.lang.invoke=ALL-UNNAMED --add-opens=java.base/java.util=ALL-UNNAMED --add-opens=java.prefs/java.util.prefs=ALL-UNNAMED --add-opens=java.prefs/java.util.prefs=ALL-UNNAMED --add-opens=java.base/java.nio.charset=ALL-UNNAMED --add-opens=java.base/java.net=ALL-UNNAMED --add-opens=java.base/java.util.concurrent.atomic=ALL-UNNAMED -Xmx2048m -Dfile.encoding=UTF-8 -Duser.country=US -Duser.language=en -Duser.variant 
java_command: org.gradle.launcher.daemon.bootstrap.GradleDaemon 7.2
java_class_path (initial): C:\Users\hafiz\.gradle\wrapper\dists\gradle-7.2-bin\2dnblmf4td7x66yl1d74lt32g\gradle-7.2\lib\gradle-launcher-7.2.jar
Launcher Type: SUN_STANDARD

[Global flags]
     intx CICompilerCount                          = 2                                         {product} {ergonomic}
     uint ConcGCThreads                            = 1                                         {product} {ergonomic}
     uint G1ConcRefinementThreads                  = 2                                         {product} {ergonomic}
   size_t G1HeapRegionSize                         = 1048576                                   {product} {ergonomic}
    uintx GCDrainStackTargetSize                   = 64                                        {product} {ergonomic}
   size_t InitialHeapSize                          = 134217728                                 {product} {ergonomic}
   size_t MarkStackSize                            = 4194304                                   {product} {ergonomic}
   size_t MaxHeapSize                              = 2147483648                                {product} {command line}
   size_t MaxNewSize                               = 1287651328                                {product} {ergonomic}
   size_t MinHeapDeltaBytes                        = 1048576                                   {product} {ergonomic}
    uintx NonNMethodCodeHeapSize                   = 5825164                                {pd product} {ergonomic}
    uintx NonProfiledCodeHeapSize                  = 122916538                              {pd product} {ergonomic}
    uintx ProfiledCodeHeapSize                     = 122916538                              {pd product} {ergonomic}
    uintx ReservedCodeCacheSize                    = 251658240                              {pd product} {ergonomic}
     bool SegmentedCodeCache                       = true                                      {product} {ergonomic}
     bool UseCompressedClassPointers               = true                                 {lp64_product} {ergonomic}
     bool UseCompressedOops                        = true                                 {lp64_product} {ergonomic}
     bool UseG1GC                                  = true                                      {product} {ergonomic}
     bool UseLargePagesIndividualAllocation        = false                                  {pd product} {ergonomic}

Logging:
Log output configuration:
 #0: stdout all=warning uptime,level,tags
 #1: stderr all=off uptime,level,tags

Environment Variables:
JAVA_HOME=C:\Program Files\Java\jdk-19
PATH=C:\Program Files\Common Files\Oracle\Java\javapath;C:\Windows\system32;C:\Windows;C:\Windows\System32\Wbem;C:\Windows\System32\WindowsPowerShell\v1.0\;C:\Windows\System32\OpenSSH\;C:\Users\hafiz\AppData\Local\Temp\jdk-18.0.1.1\bin;C:\Users\hafiz\flutter\bin;C:\Program Files\Git\cmd;C:\flutter\bin;C:\Program Files\Java\jdk-19;C:\Users\hafiz\AppData\Local\Microsoft\WindowsApps;C:\flutter\bin;C:\Users\hafiz\.jdks\liberica-1.8.0_333\bin;C:\Program Files\Java\jdk-19;
USERNAME=hafiz
OS=Windows_NT
PROCESSOR_IDENTIFIER=Intel64 Family 6 Model 58 Stepping 9, GenuineIntel



---------------  S Y S T E M  ---------------

OS: Windows 10 , 64 bit Build 19041 (10.0.19041.2364)
OS uptime: 6 days 16:10 hours

CPU:total 2 (initial active 2) (2 cores per cpu, 1 threads per core) family 6 model 58 stepping 9 microcode 0x21, cmov, cx8, fxsr, mmx, sse, sse2, sse3, ssse3, sse4.1, sse4.2, popcnt, clmul, erms, tsc, tscinvbit, tscinv

Memory: 4k page, system-wide physical 8067M (310M free)
TotalPageFile size 23263M (AvailPageFile size 252M)
current process WorkingSet (physical memory assigned to process): 415M, peak: 421M
current process commit charge ("private bytes"): 579M, peak: 870M

vm_info: OpenJDK 64-Bit Server VM (11.0.15+0-b2043.56-8887301) for windows-amd64 JRE (11.0.15+0-b2043.56-8887301), built on Jul 29 2022 23:19:47 by "builduser" with unknown MS VC++:1929

END.
